<!DOCTYPE html PUBLIC "-//W3C//DTD XHTML 1.1//EN" "http://www.w3.org/TR/xhtml11/DTD/xhtml11.dtd">
<html xmlns="http://www.w3.org/1999/xhtml">
<head>
<meta http-equiv="content-type" content="text/html; charset=UTF-8"/>
<title>TestNG Report</title>
<style type="text/css">table {margin-bottom:10px;border-collapse:collapse;empty-cells:show}th,td {border:1px solid #009;padding:.25em .5em}th {vertical-align:bottom}td {vertical-align:top}table a {font-weight:bold}.stripe td {background-color: #E6EBF9}.num {text-align:right}.passedodd td {background-color: #3F3}.passedeven td {background-color: #0A0}.skippedodd td {background-color: #DDD}.skippedeven td {background-color: #CCC}.failedodd td,.attn {background-color: #F33}.failedeven td,.stripe .attn {background-color: #D00}.stacktrace {white-space:pre;font-family:monospace}.totop {font-size:85%;text-align:center;border-bottom:2px solid #000}.invisible {display:none}</style>
</head>
<body>
<table>
<tr><th>Test</th><th># Passed</th><th># Skipped</th><th># Failed</th><th>Time (ms)</th><th>Included Groups</th><th>Excluded Groups</th></tr>
<tr><th colspan="7">Test Automation</th></tr>
<tr><td><a href="#t0">Search Windows Chrome</a></td><td class="num">1</td><td class="num">0</td><td class="num">0</td><td class="num">63,948</td><td></td><td></td></tr>
<tr class="stripe"><td><a href="#t1">Checking Windows Firefox</a></td><td class="num">1</td><td class="num">0</td><td class="num">0</td><td class="num">78,106</td><td></td><td></td></tr>
<tr><td><a href="#t2">Checking Windows IE</a></td><td class="num">1</td><td class="num">0</td><td class="num">0</td><td class="num">102,199</td><td></td><td></td></tr>
<tr class="stripe"><td><a href="#t3">Search Windows IE</a></td><td class="num">0</td><td class="num">0</td><td class="num attn">1</td><td class="num">108,184</td><td></td><td></td></tr>
<tr><td><a href="#t4">Search Mac Firefox</a></td><td class="num">0</td><td class="num">0</td><td class="num attn">1</td><td class="num">115,395</td><td></td><td></td></tr>
<tr class="stripe"><td><a href="#t5">Checking Windows Chrome</a></td><td class="num">1</td><td class="num">0</td><td class="num">0</td><td class="num">132,180</td><td></td><td></td></tr>
<tr><td><a href="#t6">Checking Mac Firefox</a></td><td class="num">0</td><td class="num">0</td><td class="num attn">1</td><td class="num">146,613</td><td></td><td></td></tr>
<tr class="stripe"><td><a href="#t7">Savings Windows Chrome</a></td><td class="num">1</td><td class="num">0</td><td class="num">0</td><td class="num">85,598</td><td></td><td></td></tr>
<tr><td><a href="#t8">Savings Windows IE</a></td><td class="num">0</td><td class="num">0</td><td class="num attn">1</td><td class="num">52,686</td><td></td><td></td></tr>
<tr class="stripe"><td><a href="#t9">Search Mac Chrome</a></td><td class="num">1</td><td class="num">0</td><td class="num">0</td><td class="num">162,597</td><td></td><td></td></tr>
<tr><td><a href="#t10">Credit Cards Windows Chrome</a></td><td class="num">1</td><td class="num">0</td><td class="num">0</td><td class="num">49,581</td><td></td><td></td></tr>
<tr class="stripe"><td><a href="#t11">Savings Mac Firefox</a></td><td class="num">0</td><td class="num">0</td><td class="num attn">1</td><td class="num">64,728</td><td></td><td></td></tr>
<tr><td><a href="#t12">Search Windows Firefox</a></td><td class="num">1</td><td class="num">0</td><td class="num">0</td><td class="num">212,002</td><td></td><td></td></tr>
<tr class="stripe"><td><a href="#t13">Checking Mac Chrome</a></td><td class="num">1</td><td class="num">0</td><td class="num">0</td><td class="num">212,280</td><td></td><td></td></tr>
<tr><td><a href="#t14">Credit Cards Windows IE</a></td><td class="num">0</td><td class="num">0</td><td class="num attn">1</td><td class="num">68,503</td><td></td><td></td></tr>
<tr class="stripe"><td><a href="#t15">Credit Cards Mac Chrome</a></td><td class="num">1</td><td class="num">0</td><td class="num">0</td><td class="num">36,765</td><td></td><td></td></tr>
<tr><td><a href="#t16">Savings Mac Chrome</a></td><td class="num">1</td><td class="num">0</td><td class="num">0</td><td class="num">124,015</td><td></td><td></td></tr>
<tr class="stripe"><td><a href="#t17">Credit Cards Mac Firefox</a></td><td class="num">0</td><td class="num">0</td><td class="num attn">1</td><td class="num">69,115</td><td></td><td></td></tr>
<tr><td><a href="#t18">Credit Cards Windows Firefox</a></td><td class="num">1</td><td class="num">0</td><td class="num">0</td><td class="num">117,050</td><td></td><td></td></tr>
<tr class="stripe"><td><a href="#t19">Savings Windows Firefox</a></td><td class="num">1</td><td class="num">0</td><td class="num">0</td><td class="num">191,333</td><td></td><td></td></tr>
<tr><td><a href="#t20">Search Mac Safari</a></td><td class="num">0</td><td class="num attn">1</td><td class="num">0</td><td class="num">306,404</td><td></td><td></td></tr>
<tr class="stripe"><td><a href="#t21">Checking Mac Safari</a></td><td class="num">0</td><td class="num attn">1</td><td class="num">0</td><td class="num">391,957</td><td></td><td></td></tr>
<tr><td><a href="#t22">Credit Cards Mac Safari</a></td><td class="num">1</td><td class="num">0</td><td class="num">0</td><td class="num">263,555</td><td></td><td></td></tr>
<tr class="stripe"><td><a href="#t23">Savings Mac Safari</a></td><td class="num">1</td><td class="num">0</td><td class="num">0</td><td class="num">329,152</td><td></td><td></td></tr>
<tr><th>Total</th><th class="num">15</th><th class="num attn">2</th><th class="num attn">7</th><th class="num">3,483,946</th><th colspan="2"></th></tr>
</table>
<table id='summary'><thead><tr><th>Class</th><th>Method</th><th>Start</th><th>Time (ms)</th></tr></thead><tbody><tr><th colspan="4">Test Automation</th></tr></tbody><tbody id="t0"><tr><th colspan="4">Search Windows Chrome &#8212; passed</th></tr><tr class="passedeven"><td rowspan="1">tests.SearchResultsTest</td><td><a href="#m0">verify_item_displayed_in_search_results_list</a></td><td rowspan="1">1547477248945</td><td rowspan="1">37992</td></tr></tbody>
<tbody id="t1"><tr><th colspan="4">Checking Windows Firefox &#8212; passed</th></tr><tr class="passedeven"><td rowspan="1">tests.CheckingRelatedTest</td><td><a href="#m1">user_should_be_on_checking_page</a></td><td rowspan="1">1547477277595</td><td rowspan="1">21682</td></tr></tbody>
<tbody id="t2"><tr><th colspan="4">Checking Windows IE &#8212; passed</th></tr><tr class="passedeven"><td rowspan="1">tests.CheckingRelatedTest</td><td><a href="#m2">user_should_be_on_checking_page</a></td><td rowspan="1">1547477289766</td><td rowspan="1">35914</td></tr></tbody>
<tbody id="t3"><tr><th colspan="4">Search Windows IE &#8212; failed</th></tr><tr class="failedeven"><td rowspan="1">tests.SearchResultsTest</td><td><a href="#m3">verify_item_displayed_in_search_results_list</a></td><td rowspan="1">1547477289852</td><td rowspan="1">41680</td></tr></tbody>
<tbody id="t4"><tr><th colspan="4">Search Mac Firefox &#8212; failed</th></tr><tr class="failedeven"><td rowspan="1">tests.SearchResultsTest</td><td><a href="#m4">verify_item_displayed_in_search_results_list</a></td><td rowspan="1">1547477285813</td><td rowspan="1">29761</td></tr></tbody>
<tbody id="t5"><tr><th colspan="4">Checking Windows Chrome &#8212; passed</th></tr><tr class="passedeven"><td rowspan="1">tests.CheckingRelatedTest</td><td><a href="#m5">user_should_be_on_checking_page</a></td><td rowspan="1">1547477332253</td><td rowspan="1">22515</td></tr></tbody>
<tbody id="t6"><tr><th colspan="4">Checking Mac Firefox &#8212; failed</th></tr><tr class="failedeven"><td rowspan="1">tests.CheckingRelatedTest</td><td><a href="#m6">user_should_be_on_checking_page</a></td><td rowspan="1">1547477340240</td><td rowspan="1">21729</td></tr></tbody>
<tbody id="t7"><tr><th colspan="4">Savings Windows Chrome &#8212; passed</th></tr><tr class="passedeven"><td rowspan="1">tests.SavingsRelatedTest</td><td><a href="#m7">user_should_be_on_savings_page</a></td><td rowspan="1">1547477347096</td><td rowspan="1">25585</td></tr></tbody>
<tbody id="t8"><tr><th colspan="4">Savings Windows IE &#8212; failed</th></tr><tr class="failedeven"><td rowspan="1">tests.SavingsRelatedTest</td><td><a href="#m8">user_should_be_on_savings_page</a></td><td rowspan="1">1547477344303</td><td rowspan="1">25798</td></tr></tbody>
<tbody id="t9"><tr><th colspan="4">Search Mac Chrome &#8212; passed</th></tr><tr class="passedeven"><td rowspan="1">tests.SearchResultsTest</td><td><a href="#m9">verify_item_displayed_in_search_results_list</a></td><td rowspan="1">1547477310044</td><td rowspan="1">75796</td></tr></tbody>
<tbody id="t10"><tr><th colspan="4">Credit Cards Windows Chrome &#8212; passed</th></tr><tr class="passedeven"><td rowspan="1">tests.CreditCardsRelatedTest</td><td><a href="#m10">user_should_be_on_credit_cards_page</a></td><td rowspan="1">1547477392007</td><td rowspan="1">25886</td></tr></tbody>
<tbody id="t11"><tr><th colspan="4">Savings Mac Firefox &#8212; failed</th></tr><tr class="failedeven"><td rowspan="1">tests.SavingsRelatedTest</td><td><a href="#m11">user_should_be_on_savings_page</a></td><td rowspan="1">1547477398513</td><td rowspan="1">20706</td></tr></tbody>
<tbody id="t12"><tr><th colspan="4">Search Windows Firefox &#8212; passed</th></tr><tr class="passedeven"><td rowspan="1">tests.SearchResultsTest</td><td><a href="#m12">verify_item_displayed_in_search_results_list</a></td><td rowspan="1">1547477403457</td><td rowspan="1">30698</td></tr></tbody>
<tbody id="t13"><tr><th colspan="4">Checking Mac Chrome &#8212; passed</th></tr><tr class="passedeven"><td rowspan="1">tests.CheckingRelatedTest</td><td><a href="#m13">user_should_be_on_checking_page</a></td><td rowspan="1">1547477412108</td><td rowspan="1">22979</td></tr></tbody>
<tbody id="t14"><tr><th colspan="4">Credit Cards Windows IE &#8212; failed</th></tr><tr class="failedeven"><td rowspan="1">tests.CreditCardsRelatedTest</td><td><a href="#m14">user_should_be_on_credit_cards_page</a></td><td rowspan="1">1547477396247</td><td rowspan="1">50216</td></tr></tbody>
<tbody id="t15"><tr><th colspan="4">Credit Cards Mac Chrome &#8212; passed</th></tr><tr class="passedeven"><td rowspan="1">tests.CreditCardsRelatedTest</td><td><a href="#m15">user_should_be_on_credit_cards_page</a></td><td rowspan="1">1547477436694</td><td rowspan="1">19598</td></tr></tbody>
<tbody id="t16"><tr><th colspan="4">Savings Mac Chrome &#8212; passed</th></tr><tr class="passedeven"><td rowspan="1">tests.SavingsRelatedTest</td><td><a href="#m16">user_should_be_on_savings_page</a></td><td rowspan="1">1547477425652</td><td rowspan="1">36980</td></tr></tbody>
<tbody id="t17"><tr><th colspan="4">Credit Cards Mac Firefox &#8212; failed</th></tr><tr class="failedeven"><td rowspan="1">tests.CreditCardsRelatedTest</td><td><a href="#m17">user_should_be_on_credit_cards_page</a></td><td rowspan="1">1547477466968</td><td rowspan="1">20732</td></tr></tbody>
<tbody id="t18"><tr><th colspan="4">Credit Cards Windows Firefox &#8212; passed</th></tr><tr class="passedeven"><td rowspan="1">tests.CreditCardsRelatedTest</td><td><a href="#m18">user_should_be_on_credit_cards_page</a></td><td rowspan="1">1547477464879</td><td rowspan="1">22101</td></tr></tbody>
<tbody id="t19"><tr><th colspan="4">Savings Windows Firefox &#8212; passed</th></tr><tr class="passedeven"><td rowspan="1">tests.SavingsRelatedTest</td><td><a href="#m19">user_should_be_on_savings_page</a></td><td rowspan="1">1547477451341</td><td rowspan="1">40265</td></tr></tbody>
<tbody id="t20"><tr><th colspan="4">Search Mac Safari &#8212; failed (configuration methods)</th></tr><tr class="failedeven"><td rowspan="2">tests.SearchResultsTest</td><td><a href="#m20">setUp</a></td><td rowspan="1">1547477223679</td><td rowspan="1">306369</td></tr><tr class="failedeven"><td><a href="#m21">tearDown</a></td><td rowspan="1">1547477530052</td><td rowspan="1">0</td></tr><tr><th colspan="4">Search Mac Safari &#8212; skipped (configuration methods)</th></tr><tr class="skippedeven"><td rowspan="1">tests.SearchResultsTest</td><td><a href="#m22">setUpAllPages</a></td><td rowspan="1">1547477530050</td><td rowspan="1">0</td></tr><tr><th colspan="4">Search Mac Safari &#8212; skipped</th></tr><tr class="skippedeven"><td rowspan="1">tests.SearchResultsTest</td><td><a href="#m23">verify_item_displayed_in_search_results_list</a></td><td rowspan="1">1547477530051</td><td rowspan="1">0</td></tr></tbody>
<tbody id="t21"><tr><th colspan="4">Checking Mac Safari &#8212; failed (configuration methods)</th></tr><tr class="failedeven"><td rowspan="1">tests.CheckingRelatedTest</td><td><a href="#m24">setUpAllPages</a></td><td rowspan="1">1547477315001</td><td rowspan="1">299725</td></tr><tr><th colspan="4">Checking Mac Safari &#8212; skipped</th></tr><tr class="skippedeven"><td rowspan="1">tests.CheckingRelatedTest</td><td><a href="#m25">user_should_be_on_checking_page</a></td><td rowspan="1">1547477614728</td><td rowspan="1">0</td></tr></tbody>
<tbody id="t22"><tr><th colspan="4">Credit Cards Mac Safari &#8212; passed</th></tr><tr class="passedeven"><td rowspan="1">tests.CreditCardsRelatedTest</td><td><a href="#m26">user_should_be_on_credit_cards_page</a></td><td rowspan="1">1547477638492</td><td rowspan="1">11214</td></tr></tbody>
<tbody id="t23"><tr><th colspan="4">Savings Mac Safari &#8212; passed</th></tr><tr class="passedeven"><td rowspan="1">tests.SavingsRelatedTest</td><td><a href="#m27">user_should_be_on_savings_page</a></td><td rowspan="1">1547477644175</td><td rowspan="1">16680</td></tr></tbody>
</table>
<h2>Search Windows Chrome</h2><h3 id="m0">tests.SearchResultsTest#verify_item_displayed_in_search_results_list</h3><table class="result"><tr><th class="invisible"/></tr></table><p class="totop"><a href="#summary">back to summary</a></p>
<h2>Checking Windows Firefox</h2><h3 id="m1">tests.CheckingRelatedTest#user_should_be_on_checking_page</h3><table class="result"><tr><th class="invisible"/></tr></table><p class="totop"><a href="#summary">back to summary</a></p>
<h2>Checking Windows IE</h2><h3 id="m2">tests.CheckingRelatedTest#user_should_be_on_checking_page</h3><table class="result"><tr><th class="invisible"/></tr></table><p class="totop"><a href="#summary">back to summary</a></p>
<h2>Search Windows IE</h2><h3 id="m3">tests.SearchResultsTest#verify_item_displayed_in_search_results_list</h3><table class="result"><tr><th>Exception</th></tr><tr><td><div class="stacktrace">org.openqa.selenium.TimeoutException: Expected condition failed: waiting for element to be clickable: [[RemoteWebDriver: internet explorer on WINDOWS (9e8cb5fd-f7d7-46d4-924d-3472b6df832b)] -&gt; id: navSearchField] (tried for 20 second(s) with 500 milliseconds interval)
Build info: version: &apos;3.12.0&apos;, revision: &apos;7c6e0b3&apos;, time: &apos;2018-05-08T14:04:26.12Z&apos;
System info: host: &apos;WINDOWS-KEN7H9H&apos;, ip: &apos;192.168.0.15&apos;, os.name: &apos;Windows 10&apos;, os.arch: &apos;amd64&apos;, os.version: &apos;10.0&apos;, java.version: &apos;1.8.0_161&apos;
Driver info: org.openqa.selenium.remote.RemoteWebDriver
Capabilities {acceptInsecureCerts: false, browserName: internet explorer, browserVersion: 11, javascriptEnabled: true, pageLoadStrategy: normal, platform: WINDOWS, platformName: WINDOWS, proxy: Proxy(), reportUrl: https://sales.experitest.co..., se:ieOptions: {browserAttachTimeout: 0.0, elementScrollBehavior: 0.0, enablePersistentHover: true, ie.browserCommandLineSwitches: , ie.ensureCleanSession: false, ie.fileUploadDialogTimeout: 3000.0, ie.forceCreateProcessApi: false, ignoreProtectedModeSettings: false, ignoreZoomSetting: false, initialBrowserUrl: http://localhost:28115/, nativeEvents: true, requireWindowFocus: false}, sessionId: 9e8cb5fd-f7d7-46d4-924d-347..., setWindowRect: true, timeouts: {implicit: 0.0, pageLoad: 300000.0, script: 30000.0}, unhandledPromptBehavior: dismiss}
Session ID: 9e8cb5fd-f7d7-46d4-924d-3472b6df832b
	at org.openqa.selenium.support.ui.WebDriverWait.timeoutException(WebDriverWait.java:81)
	at org.openqa.selenium.support.ui.FluentWait.until(FluentWait.java:271)
	at pages.HomePage.type_into_search_field_with(HomePage.java:27)
	at tests.SearchResultsTest.verify_item_displayed_in_search_results_list(SearchResultsTest.java:30)
	at java.util.concurrent.FutureTask.run(FutureTask.java:266)
	at java.util.concurrent.ThreadPoolExecutor.runWorker(ThreadPoolExecutor.java:1149)
	at java.util.concurrent.ThreadPoolExecutor$Worker.run(ThreadPoolExecutor.java:624)
	at java.lang.Thread.run(Thread.java:748)
... Removed 16 stack frames</div></td></tr></table><p class="totop"><a href="#summary">back to summary</a></p>
<h2>Search Mac Firefox</h2><h3 id="m4">tests.SearchResultsTest#verify_item_displayed_in_search_results_list</h3><table class="result"><tr><th>Exception</th></tr><tr><td><div class="stacktrace">org.openqa.selenium.TimeoutException: Expected condition failed: waiting for element to be clickable: [[RemoteWebDriver: firefox on MAC (daba46bb-54e0-d744-aabb-3d895b7b7de8)] -&gt; class name: search-toggle] (tried for 20 second(s) with 500 milliseconds interval)
Build info: version: &apos;3.12.0&apos;, revision: &apos;7c6e0b3&apos;, time: &apos;2018-05-08T14:04:26.12Z&apos;
System info: host: &apos;WINDOWS-KEN7H9H&apos;, ip: &apos;192.168.0.15&apos;, os.name: &apos;Windows 10&apos;, os.arch: &apos;amd64&apos;, os.version: &apos;10.0&apos;, java.version: &apos;1.8.0_161&apos;
Driver info: org.openqa.selenium.remote.RemoteWebDriver
Capabilities {acceptInsecureCerts: false, browserName: firefox, browserVersion: 60.0.2, javascriptEnabled: true, moz:accessibilityChecks: false, moz:headless: false, moz:processID: 12103.0, moz:profile: /var/folders/yk/mdlr7xzj1s5..., moz:useNonSpecCompliantPointerOrigin: false, moz:webdriverClick: true, pageLoadStrategy: normal, platform: MAC, platformName: MAC, platformVersion: 17.7.0, reportUrl: https://sales.experitest.co..., rotatable: false, sessionId: daba46bb-54e0-d744-aabb-3d8..., timeouts: {implicit: 0.0, pageLoad: 300000.0, script: 30000.0}}
Session ID: daba46bb-54e0-d744-aabb-3d895b7b7de8
	at org.openqa.selenium.support.ui.WebDriverWait.timeoutException(WebDriverWait.java:81)
	at org.openqa.selenium.support.ui.FluentWait.until(FluentWait.java:271)
	at pages.HomePage.click_on_search_icon(HomePage.java:21)
	at tests.SearchResultsTest.verify_item_displayed_in_search_results_list(SearchResultsTest.java:29)
	at java.util.concurrent.FutureTask.run(FutureTask.java:266)
	at java.util.concurrent.ThreadPoolExecutor.runWorker(ThreadPoolExecutor.java:1149)
	at java.util.concurrent.ThreadPoolExecutor$Worker.run(ThreadPoolExecutor.java:624)
	at java.lang.Thread.run(Thread.java:748)
... Removed 16 stack frames</div></td></tr></table><p class="totop"><a href="#summary">back to summary</a></p>
<h2>Checking Windows Chrome</h2><h3 id="m5">tests.CheckingRelatedTest#user_should_be_on_checking_page</h3><table class="result"><tr><th class="invisible"/></tr></table><p class="totop"><a href="#summary">back to summary</a></p>
<h2>Checking Mac Firefox</h2><h3 id="m6">tests.CheckingRelatedTest#user_should_be_on_checking_page</h3><table class="result"><tr><th>Exception</th></tr><tr><td><div class="stacktrace">org.openqa.selenium.TimeoutException: Expected condition failed: waiting for element to be clickable: [[RemoteWebDriver: firefox on MAC (14e12d90-a151-c941-8101-08e9b46eea49)] -&gt; xpath: //ul[@class=&apos;level-2  expanded&apos;]//span[text()=&apos;Banking&apos;]] (tried for 20 second(s) with 500 milliseconds interval)
Build info: version: &apos;3.12.0&apos;, revision: &apos;7c6e0b3&apos;, time: &apos;2018-05-08T14:04:26.12Z&apos;
System info: host: &apos;WINDOWS-KEN7H9H&apos;, ip: &apos;192.168.0.15&apos;, os.name: &apos;Windows 10&apos;, os.arch: &apos;amd64&apos;, os.version: &apos;10.0&apos;, java.version: &apos;1.8.0_161&apos;
Driver info: org.openqa.selenium.remote.RemoteWebDriver
Capabilities {acceptInsecureCerts: false, browserName: firefox, browserVersion: 61.0.1, javascriptEnabled: true, moz:accessibilityChecks: false, moz:headless: false, moz:processID: 12172.0, moz:profile: /var/folders/yk/mdlr7xzj1s5..., moz:useNonSpecCompliantPointerOrigin: false, moz:webdriverClick: true, pageLoadStrategy: normal, platform: MAC, platformName: MAC, platformVersion: 17.7.0, reportUrl: https://sales.experitest.co..., rotatable: false, sessionId: 14e12d90-a151-c941-8101-08e..., timeouts: {implicit: 0.0, pageLoad: 300000.0, script: 30000.0}}
Session ID: 14e12d90-a151-c941-8101-08e9b46eea49
	at org.openqa.selenium.support.ui.WebDriverWait.timeoutException(WebDriverWait.java:81)
	at org.openqa.selenium.support.ui.FluentWait.until(FluentWait.java:271)
	at pages.BankingDropDownPage.hover_above_banking_dropdown_menu(BankingDropDownPage.java:28)
	at tests.CheckingRelatedTest.user_should_be_on_checking_page(CheckingRelatedTest.java:29)
	at java.util.concurrent.FutureTask.run(FutureTask.java:266)
	at java.util.concurrent.ThreadPoolExecutor.runWorker(ThreadPoolExecutor.java:1149)
	at java.util.concurrent.ThreadPoolExecutor$Worker.run(ThreadPoolExecutor.java:624)
	at java.lang.Thread.run(Thread.java:748)
... Removed 16 stack frames</div></td></tr></table><p class="totop"><a href="#summary">back to summary</a></p>
<h2>Savings Windows Chrome</h2><h3 id="m7">tests.SavingsRelatedTest#user_should_be_on_savings_page</h3><table class="result"><tr><th class="invisible"/></tr></table><p class="totop"><a href="#summary">back to summary</a></p>
<h2>Savings Windows IE</h2><h3 id="m8">tests.SavingsRelatedTest#user_should_be_on_savings_page</h3><table class="result"><tr><th>Exception</th></tr><tr><td><div class="stacktrace">org.openqa.selenium.NoSuchElementException: Unable to find element with xpath == //h3[text()=&apos;Is this your zip code?&apos;]
For documentation on this error, please visit: http://seleniumhq.org/exceptions/no_such_element.html
Build info: version: &apos;3.6.0&apos;, revision: &apos;dcc5298898&apos;, time: &apos;2018-11-11T14:34:33.499Z&apos;
System info: host: &apos;SALES-SELENIUM&apos;, ip: &apos;172.25.0.21&apos;, os.name: &apos;Windows NT (unknown)&apos;, os.arch: &apos;x86&apos;, os.version: &apos;10.0&apos;, java.version: &apos;1.8.0_121&apos;
Driver info: driver.version: unknown
Command duration or timeout: 0 milliseconds
	at org.openqa.selenium.remote.ErrorHandler.createThrowable(ErrorHandler.java:214)
	at org.openqa.selenium.remote.ErrorHandler.throwIfResponseFailed(ErrorHandler.java:166)
	at org.openqa.selenium.remote.http.JsonHttpResponseCodec.reconstructValue(JsonHttpResponseCodec.java:40)
	at org.openqa.selenium.remote.http.AbstractHttpResponseCodec.decode(AbstractHttpResponseCodec.java:80)
	at org.openqa.selenium.remote.http.AbstractHttpResponseCodec.decode(AbstractHttpResponseCodec.java:44)
	at org.openqa.selenium.remote.HttpCommandExecutor.execute(HttpCommandExecutor.java:158)
	at org.openqa.selenium.remote.RemoteWebDriver.execute(RemoteWebDriver.java:543)
	at org.openqa.selenium.remote.RemoteWebDriver.findElement(RemoteWebDriver.java:317)
	at org.openqa.selenium.remote.RemoteWebDriver.findElementByXPath(RemoteWebDriver.java:419)
	at org.openqa.selenium.By$ByXPath.findElement(By.java:353)
	at org.openqa.selenium.remote.RemoteWebDriver.findElement(RemoteWebDriver.java:309)
	at org.openqa.selenium.support.pagefactory.DefaultElementLocator.findElement(DefaultElementLocator.java:69)
	at org.openqa.selenium.support.pagefactory.internal.LocatingElementHandler.invoke(LocatingElementHandler.java:38)
	at com.sun.proxy.$Proxy10.isDisplayed(Unknown Source)
	at pages.banking.SavingsMainPage.if_zip_code_is_present_then_handle(SavingsMainPage.java:28)
	at tests.SavingsRelatedTest.user_should_be_on_savings_page(SavingsRelatedTest.java:32)
	at java.util.concurrent.FutureTask.run(FutureTask.java:266)
	at java.util.concurrent.ThreadPoolExecutor.runWorker(ThreadPoolExecutor.java:1149)
	at java.util.concurrent.ThreadPoolExecutor$Worker.run(ThreadPoolExecutor.java:624)
	at java.lang.Thread.run(Thread.java:748)
Caused by: org.openqa.selenium.NoSuchElementException: Unable to find element with xpath == //h3[text()=&apos;Is this your zip code?&apos;]
For documentation on this error, please visit: http://seleniumhq.org/exceptions/no_such_element.html
Build info: version: &apos;3.6.0&apos;, revision: &apos;dcc5298898&apos;, time: &apos;2018-11-11T14:34:33.499Z&apos;
System info: host: &apos;SALES-SELENIUM&apos;, ip: &apos;172.25.0.21&apos;, os.name: &apos;Windows NT (unknown)&apos;, os.arch: &apos;x86&apos;, os.version: &apos;10.0&apos;, java.version: &apos;1.8.0_121&apos;
Driver info: driver.version: unknown
For documentation on this error, please visit: http://seleniumhq.org/exceptions/no_such_element.html
Build info: version: &apos;3.12.0&apos;, revision: &apos;7c6e0b3&apos;, time: &apos;2018-05-08T14:04:26.12Z&apos;
System info: host: &apos;WINDOWS-KEN7H9H&apos;, ip: &apos;192.168.0.15&apos;, os.name: &apos;Windows 10&apos;, os.arch: &apos;amd64&apos;, os.version: &apos;10.0&apos;, java.version: &apos;1.8.0_161&apos;
Driver info: driver.version: unknown
... Removed 20 stack frames</div></td></tr></table><p class="totop"><a href="#summary">back to summary</a></p>
<h2>Search Mac Chrome</h2><h3 id="m9">tests.SearchResultsTest#verify_item_displayed_in_search_results_list</h3><table class="result"><tr><th class="invisible"/></tr></table><p class="totop"><a href="#summary">back to summary</a></p>
<h2>Credit Cards Windows Chrome</h2><h3 id="m10">tests.CreditCardsRelatedTest#user_should_be_on_credit_cards_page</h3><table class="result"><tr><th class="invisible"/></tr></table><p class="totop"><a href="#summary">back to summary</a></p>
<h2>Savings Mac Firefox</h2><h3 id="m11">tests.SavingsRelatedTest#user_should_be_on_savings_page</h3><table class="result"><tr><th>Exception</th></tr><tr><td><div class="stacktrace">org.openqa.selenium.TimeoutException: Expected condition failed: waiting for element to be clickable: [[RemoteWebDriver: firefox on MAC (dbf35591-f32d-114a-9e23-1b760ed8096d)] -&gt; xpath: //ul[@class=&apos;level-2  expanded&apos;]//span[text()=&apos;Banking&apos;]] (tried for 20 second(s) with 500 milliseconds interval)
Build info: version: &apos;3.12.0&apos;, revision: &apos;7c6e0b3&apos;, time: &apos;2018-05-08T14:04:26.12Z&apos;
System info: host: &apos;WINDOWS-KEN7H9H&apos;, ip: &apos;192.168.0.15&apos;, os.name: &apos;Windows 10&apos;, os.arch: &apos;amd64&apos;, os.version: &apos;10.0&apos;, java.version: &apos;1.8.0_161&apos;
Driver info: org.openqa.selenium.remote.RemoteWebDriver
Capabilities {acceptInsecureCerts: false, browserName: firefox, browserVersion: 60.0.2, javascriptEnabled: true, moz:accessibilityChecks: false, moz:headless: false, moz:processID: 12570.0, moz:profile: /var/folders/yk/mdlr7xzj1s5..., moz:useNonSpecCompliantPointerOrigin: false, moz:webdriverClick: true, pageLoadStrategy: normal, platform: MAC, platformName: MAC, platformVersion: 17.7.0, reportUrl: https://sales.experitest.co..., rotatable: false, sessionId: dbf35591-f32d-114a-9e23-1b7..., timeouts: {implicit: 0.0, pageLoad: 300000.0, script: 30000.0}}
Session ID: dbf35591-f32d-114a-9e23-1b760ed8096d
	at org.openqa.selenium.support.ui.WebDriverWait.timeoutException(WebDriverWait.java:81)
	at org.openqa.selenium.support.ui.FluentWait.until(FluentWait.java:271)
	at pages.BankingDropDownPage.hover_above_banking_dropdown_menu(BankingDropDownPage.java:28)
	at tests.SavingsRelatedTest.user_should_be_on_savings_page(SavingsRelatedTest.java:29)
	at java.util.concurrent.FutureTask.run(FutureTask.java:266)
	at java.util.concurrent.ThreadPoolExecutor.runWorker(ThreadPoolExecutor.java:1149)
	at java.util.concurrent.ThreadPoolExecutor$Worker.run(ThreadPoolExecutor.java:624)
	at java.lang.Thread.run(Thread.java:748)
... Removed 16 stack frames</div></td></tr></table><p class="totop"><a href="#summary">back to summary</a></p>
<h2>Search Windows Firefox</h2><h3 id="m12">tests.SearchResultsTest#verify_item_displayed_in_search_results_list</h3><table class="result"><tr><th class="invisible"/></tr></table><p class="totop"><a href="#summary">back to summary</a></p>
<h2>Checking Mac Chrome</h2><h3 id="m13">tests.CheckingRelatedTest#user_should_be_on_checking_page</h3><table class="result"><tr><th class="invisible"/></tr></table><p class="totop"><a href="#summary">back to summary</a></p>
<h2>Credit Cards Windows IE</h2><h3 id="m14">tests.CreditCardsRelatedTest#user_should_be_on_credit_cards_page</h3><table class="result"><tr><th>Exception</th></tr><tr><td><div class="stacktrace">org.openqa.selenium.TimeoutException: Expected condition failed: waiting for visibility of [[RemoteWebDriver: internet explorer on WINDOWS (8ad082b2-0634-41cd-9469-80a0a8d983f6)] -&gt; xpath: //a[text()=&apos;Compare Our Credit Cards&apos;]] (tried for 20 second(s) with 500 milliseconds interval)
Build info: version: &apos;3.12.0&apos;, revision: &apos;7c6e0b3&apos;, time: &apos;2018-05-08T14:04:26.12Z&apos;
System info: host: &apos;WINDOWS-KEN7H9H&apos;, ip: &apos;192.168.0.15&apos;, os.name: &apos;Windows 10&apos;, os.arch: &apos;amd64&apos;, os.version: &apos;10.0&apos;, java.version: &apos;1.8.0_161&apos;
Driver info: org.openqa.selenium.remote.RemoteWebDriver
Capabilities {acceptInsecureCerts: false, browserName: internet explorer, browserVersion: 11, javascriptEnabled: true, pageLoadStrategy: normal, platform: WINDOWS, platformName: WINDOWS, proxy: Proxy(), reportUrl: https://sales.experitest.co..., se:ieOptions: {browserAttachTimeout: 0.0, elementScrollBehavior: 0.0, enablePersistentHover: true, ie.browserCommandLineSwitches: , ie.ensureCleanSession: false, ie.fileUploadDialogTimeout: 3000.0, ie.forceCreateProcessApi: false, ignoreProtectedModeSettings: false, ignoreZoomSetting: false, initialBrowserUrl: http://localhost:24798/, nativeEvents: true, requireWindowFocus: false}, sessionId: 8ad082b2-0634-41cd-9469-80a..., setWindowRect: true, timeouts: {implicit: 0.0, pageLoad: 300000.0, script: 30000.0}, unhandledPromptBehavior: dismiss}
Session ID: 8ad082b2-0634-41cd-9469-80a0a8d983f6
	at org.openqa.selenium.support.ui.WebDriverWait.timeoutException(WebDriverWait.java:81)
	at org.openqa.selenium.support.ui.FluentWait.until(FluentWait.java:271)
	at pages.banking.CreditCardsMainPage.verify_user_is_on_main_personal_credit_cards_accounts_page(CreditCardsMainPage.java:25)
	at tests.CreditCardsRelatedTest.user_should_be_on_credit_cards_page(CreditCardsRelatedTest.java:32)
	at java.util.concurrent.FutureTask.run(FutureTask.java:266)
	at java.util.concurrent.ThreadPoolExecutor.runWorker(ThreadPoolExecutor.java:1149)
	at java.util.concurrent.ThreadPoolExecutor$Worker.run(ThreadPoolExecutor.java:624)
	at java.lang.Thread.run(Thread.java:748)
... Removed 16 stack frames</div></td></tr></table><p class="totop"><a href="#summary">back to summary</a></p>
<h2>Credit Cards Mac Chrome</h2><h3 id="m15">tests.CreditCardsRelatedTest#user_should_be_on_credit_cards_page</h3><table class="result"><tr><th class="invisible"/></tr></table><p class="totop"><a href="#summary">back to summary</a></p>
<h2>Savings Mac Chrome</h2><h3 id="m16">tests.SavingsRelatedTest#user_should_be_on_savings_page</h3><table class="result"><tr><th class="invisible"/></tr></table><p class="totop"><a href="#summary">back to summary</a></p>
<h2>Credit Cards Mac Firefox</h2><h3 id="m17">tests.CreditCardsRelatedTest#user_should_be_on_credit_cards_page</h3><table class="result"><tr><th>Exception</th></tr><tr><td><div class="stacktrace">org.openqa.selenium.TimeoutException: Expected condition failed: waiting for element to be clickable: [[RemoteWebDriver: firefox on MAC (dba257ac-4569-e944-b8fc-e1aad39a332b)] -&gt; xpath: //ul[@class=&apos;level-2  expanded&apos;]//span[text()=&apos;Banking&apos;]] (tried for 20 second(s) with 500 milliseconds interval)
Build info: version: &apos;3.12.0&apos;, revision: &apos;7c6e0b3&apos;, time: &apos;2018-05-08T14:04:26.12Z&apos;
System info: host: &apos;WINDOWS-KEN7H9H&apos;, ip: &apos;192.168.0.15&apos;, os.name: &apos;Windows 10&apos;, os.arch: &apos;amd64&apos;, os.version: &apos;10.0&apos;, java.version: &apos;1.8.0_161&apos;
Driver info: org.openqa.selenium.remote.RemoteWebDriver
Capabilities {acceptInsecureCerts: false, browserName: firefox, browserVersion: 61.0.1, javascriptEnabled: true, moz:accessibilityChecks: false, moz:headless: false, moz:processID: 12759.0, moz:profile: /var/folders/yk/mdlr7xzj1s5..., moz:useNonSpecCompliantPointerOrigin: false, moz:webdriverClick: true, pageLoadStrategy: normal, platform: MAC, platformName: MAC, platformVersion: 17.7.0, reportUrl: https://sales.experitest.co..., rotatable: false, sessionId: dba257ac-4569-e944-b8fc-e1a..., timeouts: {implicit: 0.0, pageLoad: 300000.0, script: 30000.0}}
Session ID: dba257ac-4569-e944-b8fc-e1aad39a332b
	at org.openqa.selenium.support.ui.WebDriverWait.timeoutException(WebDriverWait.java:81)
	at org.openqa.selenium.support.ui.FluentWait.until(FluentWait.java:271)
	at pages.BankingDropDownPage.hover_above_banking_dropdown_menu(BankingDropDownPage.java:28)
	at tests.CreditCardsRelatedTest.user_should_be_on_credit_cards_page(CreditCardsRelatedTest.java:29)
	at java.util.concurrent.FutureTask.run(FutureTask.java:266)
	at java.util.concurrent.ThreadPoolExecutor.runWorker(ThreadPoolExecutor.java:1149)
	at java.util.concurrent.ThreadPoolExecutor$Worker.run(ThreadPoolExecutor.java:624)
	at java.lang.Thread.run(Thread.java:748)
... Removed 16 stack frames</div></td></tr></table><p class="totop"><a href="#summary">back to summary</a></p>
<h2>Credit Cards Windows Firefox</h2><h3 id="m18">tests.CreditCardsRelatedTest#user_should_be_on_credit_cards_page</h3><table class="result"><tr><th class="invisible"/></tr></table><p class="totop"><a href="#summary">back to summary</a></p>
<h2>Savings Windows Firefox</h2><h3 id="m19">tests.SavingsRelatedTest#user_should_be_on_savings_page</h3><table class="result"><tr><th class="invisible"/></tr></table><p class="totop"><a href="#summary">back to summary</a></p>
<h2>Search Mac Safari</h2><h3 id="m20">tests.SearchResultsTest#setUp</h3><table class="result"><tr class="param"><th>Parameter #1</th><th>Parameter #2</th><th>Parameter #3</th><th>Parameter #4</th></tr><tr class="param stripe"><td>Safari</td><td>Any</td><td>Mac</td><td>public void tests.SearchResultsTest.verify_item_displayed_in_search_results_list()</td></tr><tr><th colspan="4">Exception</th></tr><tr><td colspan="4"><div class="stacktrace">org.openqa.selenium.WebDriverException: Unable to parse remote response: Could not start selenium grid test. Test request timed out. No browser found matching the desired capabilities {PNC=PNC_Safari_Desktop, browserName=safari, newSessionWaitTimeout=300, platform=MAC, testName=verify_item_displayed_in_search_results_list}
Build info: version: &apos;3.12.0&apos;, revision: &apos;7c6e0b3&apos;, time: &apos;2018-05-08T14:04:26.12Z&apos;
System info: host: &apos;WINDOWS-KEN7H9H&apos;, ip: &apos;192.168.0.15&apos;, os.name: &apos;Windows 10&apos;, os.arch: &apos;amd64&apos;, os.version: &apos;10.0&apos;, java.version: &apos;1.8.0_161&apos;
Driver info: driver.version: RemoteWebDriver
	at org.openqa.selenium.remote.ProtocolHandshake.createSession(ProtocolHandshake.java:111)
	at org.openqa.selenium.remote.ProtocolHandshake.createSession(ProtocolHandshake.java:73)
	at org.openqa.selenium.remote.HttpCommandExecutor.execute(HttpCommandExecutor.java:136)
	at org.openqa.selenium.remote.RemoteWebDriver.execute(RemoteWebDriver.java:543)
	at org.openqa.selenium.remote.RemoteWebDriver.startSession(RemoteWebDriver.java:207)
	at org.openqa.selenium.remote.RemoteWebDriver.&lt;init&gt;(RemoteWebDriver.java:130)
	at org.openqa.selenium.remote.RemoteWebDriver.&lt;init&gt;(RemoteWebDriver.java:143)
	at base.BaseUtil.startSafari(BaseUtil.java:97)
	at base.BaseUtil.startBrowser(BaseUtil.java:71)
	at base.BaseUtil.setUp(BaseUtil.java:37)
	at java.util.concurrent.FutureTask.run(FutureTask.java:266)
	at java.util.concurrent.ThreadPoolExecutor.runWorker(ThreadPoolExecutor.java:1149)
	at java.util.concurrent.ThreadPoolExecutor$Worker.run(ThreadPoolExecutor.java:624)
	at java.lang.Thread.run(Thread.java:748)
... Removed 19 stack frames</div></td></tr></table><p class="totop"><a href="#summary">back to summary</a></p>
<h3 id="m21">tests.SearchResultsTest#tearDown</h3><table class="result"><tr><th>Exception</th></tr><tr><td><div class="stacktrace">java.lang.NullPointerException
	at base.BaseUtil.tearDown(BaseUtil.java:102)
	at java.util.concurrent.FutureTask.run(FutureTask.java:266)
	at java.util.concurrent.ThreadPoolExecutor.runWorker(ThreadPoolExecutor.java:1149)
	at java.util.concurrent.ThreadPoolExecutor$Worker.run(ThreadPoolExecutor.java:624)
	at java.lang.Thread.run(Thread.java:748)
... Removed 18 stack frames</div></td></tr></table><p class="totop"><a href="#summary">back to summary</a></p>
<h3 id="m22">tests.SearchResultsTest#setUpAllPages</h3><table class="result"><tr><th class="invisible"/></tr></table><p class="totop"><a href="#summary">back to summary</a></p>
<h3 id="m23">tests.SearchResultsTest#verify_item_displayed_in_search_results_list</h3><table class="result"><tr><th>Exception</th></tr><tr><td><div class="stacktrace">org.openqa.selenium.WebDriverException: Unable to parse remote response: Could not start selenium grid test. Test request timed out. No browser found matching the desired capabilities {PNC=PNC_Safari_Desktop, browserName=safari, newSessionWaitTimeout=300, platform=MAC, testName=verify_item_displayed_in_search_results_list}
Build info: version: &apos;3.12.0&apos;, revision: &apos;7c6e0b3&apos;, time: &apos;2018-05-08T14:04:26.12Z&apos;
System info: host: &apos;WINDOWS-KEN7H9H&apos;, ip: &apos;192.168.0.15&apos;, os.name: &apos;Windows 10&apos;, os.arch: &apos;amd64&apos;, os.version: &apos;10.0&apos;, java.version: &apos;1.8.0_161&apos;
Driver info: driver.version: RemoteWebDriver
	at org.openqa.selenium.remote.ProtocolHandshake.createSession(ProtocolHandshake.java:111)
	at org.openqa.selenium.remote.ProtocolHandshake.createSession(ProtocolHandshake.java:73)
	at org.openqa.selenium.remote.HttpCommandExecutor.execute(HttpCommandExecutor.java:136)
	at org.openqa.selenium.remote.RemoteWebDriver.execute(RemoteWebDriver.java:543)
	at org.openqa.selenium.remote.RemoteWebDriver.startSession(RemoteWebDriver.java:207)
	at org.openqa.selenium.remote.RemoteWebDriver.&lt;init&gt;(RemoteWebDriver.java:130)
	at org.openqa.selenium.remote.RemoteWebDriver.&lt;init&gt;(RemoteWebDriver.java:143)
	at base.BaseUtil.startSafari(BaseUtil.java:97)
	at base.BaseUtil.startBrowser(BaseUtil.java:71)
	at base.BaseUtil.setUp(BaseUtil.java:37)
	at java.util.concurrent.FutureTask.run(FutureTask.java:266)
	at java.util.concurrent.ThreadPoolExecutor.runWorker(ThreadPoolExecutor.java:1149)
	at java.util.concurrent.ThreadPoolExecutor$Worker.run(ThreadPoolExecutor.java:624)
	at java.lang.Thread.run(Thread.java:748)
... Removed 19 stack frames</div></td></tr></table><p class="totop"><a href="#summary">back to summary</a></p>
<h2>Checking Mac Safari</h2><h3 id="m24">tests.CheckingRelatedTest#setUpAllPages</h3><table class="result"><tr><th>Exception</th></tr><tr><td><div class="stacktrace">org.openqa.selenium.UnsupportedCommandException: Timed out on forward request to selenium agent:Read timed out
Command duration or timeout: 299.72 seconds
Build info: version: &apos;3.12.0&apos;, revision: &apos;7c6e0b3&apos;, time: &apos;2018-05-08T14:04:26.12Z&apos;
System info: host: &apos;WINDOWS-KEN7H9H&apos;, ip: &apos;192.168.0.15&apos;, os.name: &apos;Windows 10&apos;, os.arch: &apos;amd64&apos;, os.version: &apos;10.0&apos;, java.version: &apos;1.8.0_161&apos;
Driver info: org.openqa.selenium.remote.RemoteWebDriver
Capabilities {applicationCacheEnabled: true, browserName: safari, cleanSession: true, cssSelectorsEnabled: true, databaseEnabled: true, handlesAlerts: true, javascriptEnabled: true, locationContextEnabled: false, nativeEvents: true, platform: MAC, platformName: MAC, reportUrl: https://sales.experitest.co..., rotatable: false, sessionId: 734EDF1D-F10A-4781-95D9-B0B..., version: 13605.3.8, webStorageEnabled: true}
Session ID: 734EDF1D-F10A-4781-95D9-B0B877C8521C
	at org.openqa.selenium.remote.ErrorHandler.createThrowable(ErrorHandler.java:214)
	at org.openqa.selenium.remote.ErrorHandler.throwIfResponseFailed(ErrorHandler.java:166)
	at org.openqa.selenium.remote.RemoteWebDriver.execute(RemoteWebDriver.java:577)
	at org.openqa.selenium.remote.RemoteWebDriver.get(RemoteWebDriver.java:271)
	at org.openqa.selenium.remote.RemoteWebDriver$RemoteNavigation.to(RemoteWebDriver.java:848)
	at pages.PageObject.navigateTo(PageObject.java:27)
	at tests.CheckingRelatedTest.setUpAllPages(CheckingRelatedTest.java:23)
	at java.util.concurrent.FutureTask.run(FutureTask.java:266)
	at java.util.concurrent.ThreadPoolExecutor.runWorker(ThreadPoolExecutor.java:1149)
	at java.util.concurrent.ThreadPoolExecutor$Worker.run(ThreadPoolExecutor.java:624)
	at java.lang.Thread.run(Thread.java:748)
... Removed 23 stack frames</div></td></tr></table><p class="totop"><a href="#summary">back to summary</a></p>
<h3 id="m25">tests.CheckingRelatedTest#user_should_be_on_checking_page</h3><table class="result"><tr><th>Exception</th></tr><tr><td><div class="stacktrace">org.openqa.selenium.UnsupportedCommandException: Timed out on forward request to selenium agent:Read timed out
Command duration or timeout: 299.72 seconds
Build info: version: &apos;3.12.0&apos;, revision: &apos;7c6e0b3&apos;, time: &apos;2018-05-08T14:04:26.12Z&apos;
System info: host: &apos;WINDOWS-KEN7H9H&apos;, ip: &apos;192.168.0.15&apos;, os.name: &apos;Windows 10&apos;, os.arch: &apos;amd64&apos;, os.version: &apos;10.0&apos;, java.version: &apos;1.8.0_161&apos;
Driver info: org.openqa.selenium.remote.RemoteWebDriver
Capabilities {applicationCacheEnabled: true, browserName: safari, cleanSession: true, cssSelectorsEnabled: true, databaseEnabled: true, handlesAlerts: true, javascriptEnabled: true, locationContextEnabled: false, nativeEvents: true, platform: MAC, platformName: MAC, reportUrl: https://sales.experitest.co..., rotatable: false, sessionId: 734EDF1D-F10A-4781-95D9-B0B..., version: 13605.3.8, webStorageEnabled: true}
Session ID: 734EDF1D-F10A-4781-95D9-B0B877C8521C
	at org.openqa.selenium.remote.ErrorHandler.createThrowable(ErrorHandler.java:214)
	at org.openqa.selenium.remote.ErrorHandler.throwIfResponseFailed(ErrorHandler.java:166)
	at org.openqa.selenium.remote.RemoteWebDriver.execute(RemoteWebDriver.java:577)
	at org.openqa.selenium.remote.RemoteWebDriver.get(RemoteWebDriver.java:271)
	at org.openqa.selenium.remote.RemoteWebDriver$RemoteNavigation.to(RemoteWebDriver.java:848)
	at pages.PageObject.navigateTo(PageObject.java:27)
	at tests.CheckingRelatedTest.setUpAllPages(CheckingRelatedTest.java:23)
	at java.util.concurrent.FutureTask.run(FutureTask.java:266)
	at java.util.concurrent.ThreadPoolExecutor.runWorker(ThreadPoolExecutor.java:1149)
	at java.util.concurrent.ThreadPoolExecutor$Worker.run(ThreadPoolExecutor.java:624)
	at java.lang.Thread.run(Thread.java:748)
... Removed 23 stack frames</div></td></tr></table><p class="totop"><a href="#summary">back to summary</a></p>
<h2>Credit Cards Mac Safari</h2><h3 id="m26">tests.CreditCardsRelatedTest#user_should_be_on_credit_cards_page</h3><table class="result"><tr><th class="invisible"/></tr></table><p class="totop"><a href="#summary">back to summary</a></p>
<h2>Savings Mac Safari</h2><h3 id="m27">tests.SavingsRelatedTest#user_should_be_on_savings_page</h3><table class="result"><tr><th class="invisible"/></tr></table><p class="totop"><a href="#summary">back to summary</a></p>
</body>
</html>
