<?xml version="1.0" encoding="UTF-8"?>
<testsuite xmlns:xsi="http://www.w3.org/2001/XMLSchema-instance" xsi:noNamespaceSchemaLocation="https://maven.apache.org/surefire/maven-surefire-plugin/xsd/surefire-test-report.xsd" name="TestSuite" time="439.496" tests="28" errors="0" skipped="3" failures="10">
  <properties>
    <property name="sun.desktop" value="windows"/>
    <property name="awt.toolkit" value="sun.awt.windows.WToolkit"/>
    <property name="file.encoding.pkg" value="sun.io"/>
    <property name="java.specification.version" value="1.8"/>
    <property name="sun.cpu.isalist" value="amd64"/>
    <property name="sun.jnu.encoding" value="Cp1252"/>
    <property name="java.class.path" value="C:\Users\Rahee\IdeaProjects\PNCWeb\target\test-classes;C:\Users\Rahee\IdeaProjects\PNCWeb\target\classes;C:\Users\Rahee\.m2\repository\org\testng\testng\6.14.3\testng-6.14.3.jar;C:\Users\Rahee\.m2\repository\com\beust\jcommander\1.72\jcommander-1.72.jar;C:\Users\Rahee\.m2\repository\org\apache-extras\beanshell\bsh\2.0b6\bsh-2.0b6.jar;C:\Users\Rahee\.m2\repository\io\appium\java-client\6.0.0\java-client-6.0.0.jar;C:\Users\Rahee\.m2\repository\org\seleniumhq\selenium\selenium-support\3.12.0\selenium-support-3.12.0.jar;C:\Users\Rahee\.m2\repository\org\seleniumhq\selenium\selenium-api\3.12.0\selenium-api-3.12.0.jar;C:\Users\Rahee\.m2\repository\com\google\code\gson\gson\2.8.4\gson-2.8.4.jar;C:\Users\Rahee\.m2\repository\org\apache\httpcomponents\httpclient\4.5.5\httpclient-4.5.5.jar;C:\Users\Rahee\.m2\repository\cglib\cglib\3.2.6\cglib-3.2.6.jar;C:\Users\Rahee\.m2\repository\org\ow2\asm\asm\6.0\asm-6.0.jar;C:\Users\Rahee\.m2\repository\org\apache\ant\ant\1.9.6\ant-1.9.6.jar;C:\Users\Rahee\.m2\repository\org\apache\ant\ant-launcher\1.9.6\ant-launcher-1.9.6.jar;C:\Users\Rahee\.m2\repository\commons-validator\commons-validator\1.6\commons-validator-1.6.jar;C:\Users\Rahee\.m2\repository\commons-beanutils\commons-beanutils\1.9.2\commons-beanutils-1.9.2.jar;C:\Users\Rahee\.m2\repository\commons-digester\commons-digester\1.8.1\commons-digester-1.8.1.jar;C:\Users\Rahee\.m2\repository\commons-collections\commons-collections\3.2.2\commons-collections-3.2.2.jar;C:\Users\Rahee\.m2\repository\org\apache\commons\commons-lang3\3.7\commons-lang3-3.7.jar;C:\Users\Rahee\.m2\repository\commons-io\commons-io\2.6\commons-io-2.6.jar;C:\Users\Rahee\.m2\repository\org\springframework\spring-context\5.0.5.RELEASE\spring-context-5.0.5.RELEASE.jar;C:\Users\Rahee\.m2\repository\org\springframework\spring-aop\5.0.5.RELEASE\spring-aop-5.0.5.RELEASE.jar;C:\Users\Rahee\.m2\repository\org\springframework\spring-beans\5.0.5.RELEASE\spring-beans-5.0.5.RELEASE.jar;C:\Users\Rahee\.m2\repository\org\springframework\spring-core\5.0.5.RELEASE\spring-core-5.0.5.RELEASE.jar;C:\Users\Rahee\.m2\repository\org\springframework\spring-jcl\5.0.5.RELEASE\spring-jcl-5.0.5.RELEASE.jar;C:\Users\Rahee\.m2\repository\org\springframework\spring-expression\5.0.5.RELEASE\spring-expression-5.0.5.RELEASE.jar;C:\Users\Rahee\.m2\repository\org\aspectj\aspectjweaver\1.9.1\aspectjweaver-1.9.1.jar;C:\Users\Rahee\.m2\repository\org\openpnp\opencv\3.2.0-1\opencv-3.2.0-1.jar;C:\Users\Rahee\.m2\repository\javax\websocket\javax.websocket-api\1.1\javax.websocket-api-1.1.jar;C:\Users\Rahee\.m2\repository\org\glassfish\tyrus\tyrus-client\1.13.1\tyrus-client-1.13.1.jar;C:\Users\Rahee\.m2\repository\org\glassfish\tyrus\tyrus-core\1.13.1\tyrus-core-1.13.1.jar;C:\Users\Rahee\.m2\repository\org\glassfish\tyrus\tyrus-spi\1.13.1\tyrus-spi-1.13.1.jar;C:\Users\Rahee\.m2\repository\org\glassfish\tyrus\tyrus-container-grizzly\1.2.1\tyrus-container-grizzly-1.2.1.jar;C:\Users\Rahee\.m2\repository\org\glassfish\grizzly\grizzly-framework\2.3.3\grizzly-framework-2.3.3.jar;C:\Users\Rahee\.m2\repository\org\glassfish\grizzly\grizzly-http-server\2.3.3\grizzly-http-server-2.3.3.jar;C:\Users\Rahee\.m2\repository\org\glassfish\grizzly\grizzly-http\2.3.3\grizzly-http-2.3.3.jar;C:\Users\Rahee\.m2\repository\org\glassfish\grizzly\grizzly-rcm\2.3.3\grizzly-rcm-2.3.3.jar;C:\Users\Rahee\.m2\repository\org\seleniumhq\selenium\selenium-java\3.12.0\selenium-java-3.12.0.jar;C:\Users\Rahee\.m2\repository\org\seleniumhq\selenium\selenium-chrome-driver\3.12.0\selenium-chrome-driver-3.12.0.jar;C:\Users\Rahee\.m2\repository\org\seleniumhq\selenium\selenium-edge-driver\3.12.0\selenium-edge-driver-3.12.0.jar;C:\Users\Rahee\.m2\repository\org\seleniumhq\selenium\selenium-firefox-driver\3.12.0\selenium-firefox-driver-3.12.0.jar;C:\Users\Rahee\.m2\repository\org\seleniumhq\selenium\selenium-ie-driver\3.12.0\selenium-ie-driver-3.12.0.jar;C:\Users\Rahee\.m2\repository\org\seleniumhq\selenium\selenium-opera-driver\3.12.0\selenium-opera-driver-3.12.0.jar;C:\Users\Rahee\.m2\repository\org\seleniumhq\selenium\selenium-remote-driver\3.12.0\selenium-remote-driver-3.12.0.jar;C:\Users\Rahee\.m2\repository\org\seleniumhq\selenium\selenium-safari-driver\3.12.0\selenium-safari-driver-3.12.0.jar;C:\Users\Rahee\.m2\repository\net\bytebuddy\byte-buddy\1.8.3\byte-buddy-1.8.3.jar;C:\Users\Rahee\.m2\repository\org\apache\commons\commons-exec\1.3\commons-exec-1.3.jar;C:\Users\Rahee\.m2\repository\commons-codec\commons-codec\1.10\commons-codec-1.10.jar;C:\Users\Rahee\.m2\repository\commons-logging\commons-logging\1.2\commons-logging-1.2.jar;C:\Users\Rahee\.m2\repository\com\google\guava\guava\23.6-jre\guava-23.6-jre.jar;C:\Users\Rahee\.m2\repository\com\google\code\findbugs\jsr305\1.3.9\jsr305-1.3.9.jar;C:\Users\Rahee\.m2\repository\org\checkerframework\checker-compat-qual\2.0.0\checker-compat-qual-2.0.0.jar;C:\Users\Rahee\.m2\repository\com\google\errorprone\error_prone_annotations\2.1.3\error_prone_annotations-2.1.3.jar;C:\Users\Rahee\.m2\repository\com\google\j2objc\j2objc-annotations\1.1\j2objc-annotations-1.1.jar;C:\Users\Rahee\.m2\repository\org\codehaus\mojo\animal-sniffer-annotations\1.14\animal-sniffer-annotations-1.14.jar;C:\Users\Rahee\.m2\repository\org\apache\httpcomponents\httpcore\4.4.6\httpcore-4.4.6.jar;C:\Users\Rahee\.m2\repository\com\squareup\okhttp3\okhttp\3.9.1\okhttp-3.9.1.jar;C:\Users\Rahee\.m2\repository\com\squareup\okio\okio\1.13.0\okio-1.13.0.jar;C:\Users\Rahee\.m2\repository\com\experitest\reporter-testng\12.2\reporter-testng-12.2.jar;C:\Users\Rahee\.m2\repository\org\apache\maven\surefire\surefire-testng-utils\2.20.1\surefire-testng-utils-2.20.1.jar;C:\Users\Rahee\.m2\repository\org\apache\maven\surefire\surefire-grouper\2.20.1\surefire-grouper-2.20.1.jar;"/>
    <property name="java.vm.vendor" value="Oracle Corporation"/>
    <property name="sun.arch.data.model" value="64"/>
    <property name="user.variant" value=""/>
    <property name="java.vendor.url" value="http://java.oracle.com/"/>
    <property name="user.timezone" value=""/>
    <property name="java.vm.specification.version" value="1.8"/>
    <property name="os.name" value="Windows 10"/>
    <property name="user.country" value="US"/>
    <property name="sun.java.launcher" value="SUN_STANDARD"/>
    <property name="sun.boot.library.path" value="C:\Program Files\Java\jdk1.8.0_161\jre\bin"/>
    <property name="sun.java.command" value="C:\Users\Rahee\AppData\Local\Temp\surefire7885727384320977562\surefirebooter8781063353865431262.jar C:\Users\Rahee\AppData\Local\Temp\surefire7885727384320977562 2019-01-14T09-46-59_695-jvmRun1 surefire5276274104281503339tmp surefire_03051706420357212541tmp"/>
    <property name="surefire.test.class.path" value="C:\Users\Rahee\IdeaProjects\PNCWeb\target\test-classes;C:\Users\Rahee\IdeaProjects\PNCWeb\target\classes;C:\Users\Rahee\.m2\repository\org\testng\testng\6.14.3\testng-6.14.3.jar;C:\Users\Rahee\.m2\repository\com\beust\jcommander\1.72\jcommander-1.72.jar;C:\Users\Rahee\.m2\repository\org\apache-extras\beanshell\bsh\2.0b6\bsh-2.0b6.jar;C:\Users\Rahee\.m2\repository\io\appium\java-client\6.0.0\java-client-6.0.0.jar;C:\Users\Rahee\.m2\repository\org\seleniumhq\selenium\selenium-support\3.12.0\selenium-support-3.12.0.jar;C:\Users\Rahee\.m2\repository\org\seleniumhq\selenium\selenium-api\3.12.0\selenium-api-3.12.0.jar;C:\Users\Rahee\.m2\repository\com\google\code\gson\gson\2.8.4\gson-2.8.4.jar;C:\Users\Rahee\.m2\repository\org\apache\httpcomponents\httpclient\4.5.5\httpclient-4.5.5.jar;C:\Users\Rahee\.m2\repository\cglib\cglib\3.2.6\cglib-3.2.6.jar;C:\Users\Rahee\.m2\repository\org\ow2\asm\asm\6.0\asm-6.0.jar;C:\Users\Rahee\.m2\repository\org\apache\ant\ant\1.9.6\ant-1.9.6.jar;C:\Users\Rahee\.m2\repository\org\apache\ant\ant-launcher\1.9.6\ant-launcher-1.9.6.jar;C:\Users\Rahee\.m2\repository\commons-validator\commons-validator\1.6\commons-validator-1.6.jar;C:\Users\Rahee\.m2\repository\commons-beanutils\commons-beanutils\1.9.2\commons-beanutils-1.9.2.jar;C:\Users\Rahee\.m2\repository\commons-digester\commons-digester\1.8.1\commons-digester-1.8.1.jar;C:\Users\Rahee\.m2\repository\commons-collections\commons-collections\3.2.2\commons-collections-3.2.2.jar;C:\Users\Rahee\.m2\repository\org\apache\commons\commons-lang3\3.7\commons-lang3-3.7.jar;C:\Users\Rahee\.m2\repository\commons-io\commons-io\2.6\commons-io-2.6.jar;C:\Users\Rahee\.m2\repository\org\springframework\spring-context\5.0.5.RELEASE\spring-context-5.0.5.RELEASE.jar;C:\Users\Rahee\.m2\repository\org\springframework\spring-aop\5.0.5.RELEASE\spring-aop-5.0.5.RELEASE.jar;C:\Users\Rahee\.m2\repository\org\springframework\spring-beans\5.0.5.RELEASE\spring-beans-5.0.5.RELEASE.jar;C:\Users\Rahee\.m2\repository\org\springframework\spring-core\5.0.5.RELEASE\spring-core-5.0.5.RELEASE.jar;C:\Users\Rahee\.m2\repository\org\springframework\spring-jcl\5.0.5.RELEASE\spring-jcl-5.0.5.RELEASE.jar;C:\Users\Rahee\.m2\repository\org\springframework\spring-expression\5.0.5.RELEASE\spring-expression-5.0.5.RELEASE.jar;C:\Users\Rahee\.m2\repository\org\aspectj\aspectjweaver\1.9.1\aspectjweaver-1.9.1.jar;C:\Users\Rahee\.m2\repository\org\openpnp\opencv\3.2.0-1\opencv-3.2.0-1.jar;C:\Users\Rahee\.m2\repository\javax\websocket\javax.websocket-api\1.1\javax.websocket-api-1.1.jar;C:\Users\Rahee\.m2\repository\org\glassfish\tyrus\tyrus-client\1.13.1\tyrus-client-1.13.1.jar;C:\Users\Rahee\.m2\repository\org\glassfish\tyrus\tyrus-core\1.13.1\tyrus-core-1.13.1.jar;C:\Users\Rahee\.m2\repository\org\glassfish\tyrus\tyrus-spi\1.13.1\tyrus-spi-1.13.1.jar;C:\Users\Rahee\.m2\repository\org\glassfish\tyrus\tyrus-container-grizzly\1.2.1\tyrus-container-grizzly-1.2.1.jar;C:\Users\Rahee\.m2\repository\org\glassfish\grizzly\grizzly-framework\2.3.3\grizzly-framework-2.3.3.jar;C:\Users\Rahee\.m2\repository\org\glassfish\grizzly\grizzly-http-server\2.3.3\grizzly-http-server-2.3.3.jar;C:\Users\Rahee\.m2\repository\org\glassfish\grizzly\grizzly-http\2.3.3\grizzly-http-2.3.3.jar;C:\Users\Rahee\.m2\repository\org\glassfish\grizzly\grizzly-rcm\2.3.3\grizzly-rcm-2.3.3.jar;C:\Users\Rahee\.m2\repository\org\seleniumhq\selenium\selenium-java\3.12.0\selenium-java-3.12.0.jar;C:\Users\Rahee\.m2\repository\org\seleniumhq\selenium\selenium-chrome-driver\3.12.0\selenium-chrome-driver-3.12.0.jar;C:\Users\Rahee\.m2\repository\org\seleniumhq\selenium\selenium-edge-driver\3.12.0\selenium-edge-driver-3.12.0.jar;C:\Users\Rahee\.m2\repository\org\seleniumhq\selenium\selenium-firefox-driver\3.12.0\selenium-firefox-driver-3.12.0.jar;C:\Users\Rahee\.m2\repository\org\seleniumhq\selenium\selenium-ie-driver\3.12.0\selenium-ie-driver-3.12.0.jar;C:\Users\Rahee\.m2\repository\org\seleniumhq\selenium\selenium-opera-driver\3.12.0\selenium-opera-driver-3.12.0.jar;C:\Users\Rahee\.m2\repository\org\seleniumhq\selenium\selenium-remote-driver\3.12.0\selenium-remote-driver-3.12.0.jar;C:\Users\Rahee\.m2\repository\org\seleniumhq\selenium\selenium-safari-driver\3.12.0\selenium-safari-driver-3.12.0.jar;C:\Users\Rahee\.m2\repository\net\bytebuddy\byte-buddy\1.8.3\byte-buddy-1.8.3.jar;C:\Users\Rahee\.m2\repository\org\apache\commons\commons-exec\1.3\commons-exec-1.3.jar;C:\Users\Rahee\.m2\repository\commons-codec\commons-codec\1.10\commons-codec-1.10.jar;C:\Users\Rahee\.m2\repository\commons-logging\commons-logging\1.2\commons-logging-1.2.jar;C:\Users\Rahee\.m2\repository\com\google\guava\guava\23.6-jre\guava-23.6-jre.jar;C:\Users\Rahee\.m2\repository\com\google\code\findbugs\jsr305\1.3.9\jsr305-1.3.9.jar;C:\Users\Rahee\.m2\repository\org\checkerframework\checker-compat-qual\2.0.0\checker-compat-qual-2.0.0.jar;C:\Users\Rahee\.m2\repository\com\google\errorprone\error_prone_annotations\2.1.3\error_prone_annotations-2.1.3.jar;C:\Users\Rahee\.m2\repository\com\google\j2objc\j2objc-annotations\1.1\j2objc-annotations-1.1.jar;C:\Users\Rahee\.m2\repository\org\codehaus\mojo\animal-sniffer-annotations\1.14\animal-sniffer-annotations-1.14.jar;C:\Users\Rahee\.m2\repository\org\apache\httpcomponents\httpcore\4.4.6\httpcore-4.4.6.jar;C:\Users\Rahee\.m2\repository\com\squareup\okhttp3\okhttp\3.9.1\okhttp-3.9.1.jar;C:\Users\Rahee\.m2\repository\com\squareup\okio\okio\1.13.0\okio-1.13.0.jar;C:\Users\Rahee\.m2\repository\com\experitest\reporter-testng\12.2\reporter-testng-12.2.jar;C:\Users\Rahee\.m2\repository\org\apache\maven\surefire\surefire-testng-utils\2.20.1\surefire-testng-utils-2.20.1.jar;C:\Users\Rahee\.m2\repository\org\apache\maven\surefire\surefire-grouper\2.20.1\surefire-grouper-2.20.1.jar;"/>
    <property name="sun.cpu.endian" value="little"/>
    <property name="user.home" value="C:\Users\Rahee"/>
    <property name="user.language" value="en"/>
    <property name="java.specification.vendor" value="Oracle Corporation"/>
    <property name="java.home" value="C:\Program Files\Java\jdk1.8.0_161\jre"/>
    <property name="basedir" value="C:\Users\Rahee\IdeaProjects\PNCWeb"/>
    <property name="file.separator" value="\"/>
    <property name="line.separator" value="&#10;"/>
    <property name="java.vm.specification.vendor" value="Oracle Corporation"/>
    <property name="java.specification.name" value="Java Platform API Specification"/>
    <property name="java.awt.graphicsenv" value="sun.awt.Win32GraphicsEnvironment"/>
    <property name="surefire.real.class.path" value="C:\Users\Rahee\AppData\Local\Temp\surefire7885727384320977562\surefirebooter8781063353865431262.jar"/>
    <property name="sun.boot.class.path" value="C:\Program Files\Java\jdk1.8.0_161\jre\lib\resources.jar;C:\Program Files\Java\jdk1.8.0_161\jre\lib\rt.jar;C:\Program Files\Java\jdk1.8.0_161\jre\lib\sunrsasign.jar;C:\Program Files\Java\jdk1.8.0_161\jre\lib\jsse.jar;C:\Program Files\Java\jdk1.8.0_161\jre\lib\jce.jar;C:\Program Files\Java\jdk1.8.0_161\jre\lib\charsets.jar;C:\Program Files\Java\jdk1.8.0_161\jre\lib\jfr.jar;C:\Program Files\Java\jdk1.8.0_161\jre\classes"/>
    <property name="user.script" value=""/>
    <property name="sun.management.compiler" value="HotSpot 64-Bit Tiered Compilers"/>
    <property name="java.runtime.version" value="1.8.0_161-b12"/>
    <property name="user.name" value="Rahee"/>
    <property name="path.separator" value=";"/>
    <property name="os.version" value="10.0"/>
    <property name="java.endorsed.dirs" value="C:\Program Files\Java\jdk1.8.0_161\jre\lib\endorsed"/>
    <property name="java.runtime.name" value="Java(TM) SE Runtime Environment"/>
    <property name="file.encoding" value="Cp1252"/>
    <property name="java.vm.name" value="Java HotSpot(TM) 64-Bit Server VM"/>
    <property name="localRepository" value="C:\Users\Rahee\.m2\repository"/>
    <property name="java.vendor.url.bug" value="http://bugreport.sun.com/bugreport/"/>
    <property name="java.io.tmpdir" value="C:\Users\Rahee\AppData\Local\Temp\"/>
    <property name="java.version" value="1.8.0_161"/>
    <property name="user.dir" value="C:\Users\Rahee\IdeaProjects\PNCWeb"/>
    <property name="os.arch" value="amd64"/>
    <property name="java.vm.specification.name" value="Java Virtual Machine Specification"/>
    <property name="java.awt.printerjob" value="sun.awt.windows.WPrinterJob"/>
    <property name="sun.os.patch.level" value=""/>
    <property name="java.library.path" value="C:\Program Files\Java\jdk1.8.0_161\jre\bin;C:\WINDOWS\Sun\Java\bin;C:\WINDOWS\system32;C:\WINDOWS;C:\Program Files (x86)\Common Files\Oracle\Java\javapath;C:\ProgramData\Oracle\Java\javapath;C:\WINDOWS\system32;C:\WINDOWS;C:\WINDOWS\System32\Wbem;C:\WINDOWS\System32\WindowsPowerShell\v1.0\;C:\Program Files\Java\jdk1.8.0_161\bin;C:\Gradle\gradle-4.5.1\bin;C:\Maven\apache-maven-3.5.2\bin;C:\Program Files (x86)\PostgreSQL\10\bin;C:\Program Files (x86)\PostgreSQL\10\lib;C:\Users\Rahee\AppData\Local\Android\Sdk\platform-tools;C:\Users\Rahee\AppData\Local\Android\Sdk\;C:\Program Files\dotnet\;C:\Users\Rahee\Galen\galen-bin-2.3.6;C:\Program Files\Microsoft SQL Server\Client SDK\ODBC\130\Tools\Binn\;C:\Program Files (x86)\Microsoft SQL Server\140\Tools\Binn\;C:\Program Files\Microsoft SQL Server\140\Tools\Binn\;C:\Program Files\Microsoft SQL Server\140\DTS\Binn\;C:\Program Files\Git\bin;;C:\WINDOWS\System32\OpenSSH\;C:\Program Files\nodejs\;C:\Program Files\PuTTY\;C:\Users\Rahee\AppData\Local\Programs\Python\Python37-32\Scripts\;C:\Users\Rahee\AppData\Local\Programs\Python\Python37-32\;C:\Users\Rahee\AppData\Local\Microsoft\WindowsApps;C:\Users\Rahee\AppData\Local\atom\bin;C:\Users\Rahee\AppData\Local\Microsoft\WindowsApps;C:\Users\Rahee\AppData\Roaming\npm;."/>
    <property name="java.vm.info" value="mixed mode"/>
    <property name="java.vendor" value="Oracle Corporation"/>
    <property name="java.vm.version" value="25.161-b12"/>
    <property name="java.ext.dirs" value="C:\Program Files\Java\jdk1.8.0_161\jre\lib\ext;C:\WINDOWS\Sun\Java\lib\ext"/>
    <property name="sun.io.unicode.encoding" value="UnicodeLittle"/>
    <property name="java.class.version" value="52.0"/>
  </properties>
  <testcase name="verify_item_displayed_in_search_results_list" classname="tests.SearchResultsTest" time="1.127"/>
  <testcase name="verify_item_displayed_in_search_results_list" classname="tests.SearchResultsTest" time="5.554">
    <failure message="Expected condition failed: waiting for element to be clickable: [[RemoteWebDriver: firefox on MAC (daba46bb-54e0-d744-aabb-3d895b7b7de8)] -&gt; class name: search-toggle] (tried for 20 second(s) with 500 milliseconds interval)&#10;Build info: version: &apos;3.12.0&apos;, revision: &apos;7c6e0b3&apos;, time: &apos;2018-05-08T14:04:26.12Z&apos;&#10;System info: host: &apos;WINDOWS-KEN7H9H&apos;, ip: &apos;192.168.0.15&apos;, os.name: &apos;Windows 10&apos;, os.arch: &apos;amd64&apos;, os.version: &apos;10.0&apos;, java.version: &apos;1.8.0_161&apos;&#10;Driver info: org.openqa.selenium.remote.RemoteWebDriver&#10;Capabilities {acceptInsecureCerts: false, browserName: firefox, browserVersion: 60.0.2, javascriptEnabled: true, moz:accessibilityChecks: false, moz:headless: false, moz:processID: 12103.0, moz:profile: /var/folders/yk/mdlr7xzj1s5..., moz:useNonSpecCompliantPointerOrigin: false, moz:webdriverClick: true, pageLoadStrategy: normal, platform: MAC, platformName: MAC, platformVersion: 17.7.0, reportUrl: https://sales.experitest.co..., rotatable: false, sessionId: daba46bb-54e0-d744-aabb-3d8..., timeouts: {implicit: 0.0, pageLoad: 300000.0, script: 30000.0}}&#10;Session ID: daba46bb-54e0-d744-aabb-3d895b7b7de8" type="org.openqa.selenium.TimeoutException">org.openqa.selenium.TimeoutException: 
Expected condition failed: waiting for element to be clickable: [[RemoteWebDriver: firefox on MAC (daba46bb-54e0-d744-aabb-3d895b7b7de8)] -> class name: search-toggle] (tried for 20 second(s) with 500 milliseconds interval)
Build info: version: '3.12.0', revision: '7c6e0b3', time: '2018-05-08T14:04:26.12Z'
System info: host: 'WINDOWS-KEN7H9H', ip: '192.168.0.15', os.name: 'Windows 10', os.arch: 'amd64', os.version: '10.0', java.version: '1.8.0_161'
Driver info: org.openqa.selenium.remote.RemoteWebDriver
Capabilities {acceptInsecureCerts: false, browserName: firefox, browserVersion: 60.0.2, javascriptEnabled: true, moz:accessibilityChecks: false, moz:headless: false, moz:processID: 12103.0, moz:profile: /var/folders/yk/mdlr7xzj1s5..., moz:useNonSpecCompliantPointerOrigin: false, moz:webdriverClick: true, pageLoadStrategy: normal, platform: MAC, platformName: MAC, platformVersion: 17.7.0, reportUrl: https://sales.experitest.co..., rotatable: false, sessionId: daba46bb-54e0-d744-aabb-3d8..., timeouts: {implicit: 0.0, pageLoad: 300000.0, script: 30000.0}}
Session ID: daba46bb-54e0-d744-aabb-3d895b7b7de8
	at tests.SearchResultsTest.verify_item_displayed_in_search_results_list(SearchResultsTest.java:29)
</failure>
    <system-out><![CDATA[Mon Jan 14 09:48:35 EST 2019 [Thread[TestNG-tests-6,5,main]][INFO] SeeTest reporterSetStatus - Status 'Failed' could not be sent to any drivers on the class tests.SearchResultsTest
]]></system-out>
    <system-err><![CDATA[Jan 14, 2019 9:48:31 AM org.openqa.selenium.remote.ProtocolHandshake createSession
INFO: Detected dialect: OSS
]]></system-err>
  </testcase>
  <testcase name="verify_item_displayed_in_search_results_list" classname="tests.SearchResultsTest" time="21.496">
    <failure message="Expected condition failed: waiting for element to be clickable: [[RemoteWebDriver: internet explorer on WINDOWS (9e8cb5fd-f7d7-46d4-924d-3472b6df832b)] -&gt; id: navSearchField] (tried for 20 second(s) with 500 milliseconds interval)&#10;Build info: version: &apos;3.12.0&apos;, revision: &apos;7c6e0b3&apos;, time: &apos;2018-05-08T14:04:26.12Z&apos;&#10;System info: host: &apos;WINDOWS-KEN7H9H&apos;, ip: &apos;192.168.0.15&apos;, os.name: &apos;Windows 10&apos;, os.arch: &apos;amd64&apos;, os.version: &apos;10.0&apos;, java.version: &apos;1.8.0_161&apos;&#10;Driver info: org.openqa.selenium.remote.RemoteWebDriver&#10;Capabilities {acceptInsecureCerts: false, browserName: internet explorer, browserVersion: 11, javascriptEnabled: true, pageLoadStrategy: normal, platform: WINDOWS, platformName: WINDOWS, proxy: Proxy(), reportUrl: https://sales.experitest.co..., se:ieOptions: {browserAttachTimeout: 0.0, elementScrollBehavior: 0.0, enablePersistentHover: true, ie.browserCommandLineSwitches: , ie.ensureCleanSession: false, ie.fileUploadDialogTimeout: 3000.0, ie.forceCreateProcessApi: false, ignoreProtectedModeSettings: false, ignoreZoomSetting: false, initialBrowserUrl: http://localhost:28115/, nativeEvents: true, requireWindowFocus: false}, sessionId: 9e8cb5fd-f7d7-46d4-924d-347..., setWindowRect: true, timeouts: {implicit: 0.0, pageLoad: 300000.0, script: 30000.0}, unhandledPromptBehavior: dismiss}&#10;Session ID: 9e8cb5fd-f7d7-46d4-924d-3472b6df832b" type="org.openqa.selenium.TimeoutException">org.openqa.selenium.TimeoutException: 
Expected condition failed: waiting for element to be clickable: [[RemoteWebDriver: internet explorer on WINDOWS (9e8cb5fd-f7d7-46d4-924d-3472b6df832b)] -> id: navSearchField] (tried for 20 second(s) with 500 milliseconds interval)
Build info: version: '3.12.0', revision: '7c6e0b3', time: '2018-05-08T14:04:26.12Z'
System info: host: 'WINDOWS-KEN7H9H', ip: '192.168.0.15', os.name: 'Windows 10', os.arch: 'amd64', os.version: '10.0', java.version: '1.8.0_161'
Driver info: org.openqa.selenium.remote.RemoteWebDriver
Capabilities {acceptInsecureCerts: false, browserName: internet explorer, browserVersion: 11, javascriptEnabled: true, pageLoadStrategy: normal, platform: WINDOWS, platformName: WINDOWS, proxy: Proxy(), reportUrl: https://sales.experitest.co..., se:ieOptions: {browserAttachTimeout: 0.0, elementScrollBehavior: 0.0, enablePersistentHover: true, ie.browserCommandLineSwitches: , ie.ensureCleanSession: false, ie.fileUploadDialogTimeout: 3000.0, ie.forceCreateProcessApi: false, ignoreProtectedModeSettings: false, ignoreZoomSetting: false, initialBrowserUrl: http://localhost:28115/, nativeEvents: true, requireWindowFocus: false}, sessionId: 9e8cb5fd-f7d7-46d4-924d-347..., setWindowRect: true, timeouts: {implicit: 0.0, pageLoad: 300000.0, script: 30000.0}, unhandledPromptBehavior: dismiss}
Session ID: 9e8cb5fd-f7d7-46d4-924d-3472b6df832b
	at tests.SearchResultsTest.verify_item_displayed_in_search_results_list(SearchResultsTest.java:30)
</failure>
    <system-out><![CDATA[Mon Jan 14 09:48:51 EST 2019 [Thread[TestNG-tests-3,5,main]][INFO] SeeTest reporterSetStatus - Status 'Failed' could not be sent to any drivers on the class tests.SearchResultsTest
]]></system-out>
    <system-err><![CDATA[Jan 14, 2019 9:48:51 AM org.openqa.selenium.remote.ProtocolHandshake createSession
INFO: Detected dialect: OSS
]]></system-err>
  </testcase>
  <testcase name="verify_item_displayed_in_search_results_list" classname="tests.SearchResultsTest" time="38.742"/>
  <testcase name="verify_item_displayed_in_search_results_list" classname="tests.SearchResultsTest" time="8.504"/>
  <testcase name="verify_item_displayed_in_search_results_list" classname="tests.SearchResultsTest" time="0">
    <skipped message="Unable to parse remote response: Could not start selenium grid test. Test request timed out. No browser found matching the desired capabilities {PNC=PNC_Safari_Desktop, browserName=safari, newSessionWaitTimeout=300, platform=MAC, testName=verify_item_displayed_in_search_results_list}&#10;Build info: version: &apos;3.12.0&apos;, revision: &apos;7c6e0b3&apos;, time: &apos;2018-05-08T14:04:26.12Z&apos;&#10;System info: host: &apos;WINDOWS-KEN7H9H&apos;, ip: &apos;192.168.0.15&apos;, os.name: &apos;Windows 10&apos;, os.arch: &apos;amd64&apos;, os.version: &apos;10.0&apos;, java.version: &apos;1.8.0_161&apos;&#10;Driver info: driver.version: RemoteWebDriver"/>
  </testcase>
  <testcase name="user_should_be_on_checking_page" classname="tests.CheckingRelatedTest" time="9.423"/>
  <testcase name="user_should_be_on_checking_page" classname="tests.CheckingRelatedTest" time="15.636"/>
  <testcase name="user_should_be_on_checking_page" classname="tests.CheckingRelatedTest" time="7.67"/>
  <testcase name="user_should_be_on_checking_page" classname="tests.CheckingRelatedTest" time="14.873">
    <failure message="Expected condition failed: waiting for element to be clickable: [[RemoteWebDriver: firefox on MAC (14e12d90-a151-c941-8101-08e9b46eea49)] -&gt; xpath: //ul[@class=&apos;level-2  expanded&apos;]//span[text()=&apos;Banking&apos;]] (tried for 20 second(s) with 500 milliseconds interval)&#10;Build info: version: &apos;3.12.0&apos;, revision: &apos;7c6e0b3&apos;, time: &apos;2018-05-08T14:04:26.12Z&apos;&#10;System info: host: &apos;WINDOWS-KEN7H9H&apos;, ip: &apos;192.168.0.15&apos;, os.name: &apos;Windows 10&apos;, os.arch: &apos;amd64&apos;, os.version: &apos;10.0&apos;, java.version: &apos;1.8.0_161&apos;&#10;Driver info: org.openqa.selenium.remote.RemoteWebDriver&#10;Capabilities {acceptInsecureCerts: false, browserName: firefox, browserVersion: 61.0.1, javascriptEnabled: true, moz:accessibilityChecks: false, moz:headless: false, moz:processID: 12172.0, moz:profile: /var/folders/yk/mdlr7xzj1s5..., moz:useNonSpecCompliantPointerOrigin: false, moz:webdriverClick: true, pageLoadStrategy: normal, platform: MAC, platformName: MAC, platformVersion: 17.7.0, reportUrl: https://sales.experitest.co..., rotatable: false, sessionId: 14e12d90-a151-c941-8101-08e..., timeouts: {implicit: 0.0, pageLoad: 300000.0, script: 30000.0}}&#10;Session ID: 14e12d90-a151-c941-8101-08e9b46eea49" type="org.openqa.selenium.TimeoutException">org.openqa.selenium.TimeoutException: 
Expected condition failed: waiting for element to be clickable: [[RemoteWebDriver: firefox on MAC (14e12d90-a151-c941-8101-08e9b46eea49)] -> xpath: //ul[@class='level-2  expanded']//span[text()='Banking']] (tried for 20 second(s) with 500 milliseconds interval)
Build info: version: '3.12.0', revision: '7c6e0b3', time: '2018-05-08T14:04:26.12Z'
System info: host: 'WINDOWS-KEN7H9H', ip: '192.168.0.15', os.name: 'Windows 10', os.arch: 'amd64', os.version: '10.0', java.version: '1.8.0_161'
Driver info: org.openqa.selenium.remote.RemoteWebDriver
Capabilities {acceptInsecureCerts: false, browserName: firefox, browserVersion: 61.0.1, javascriptEnabled: true, moz:accessibilityChecks: false, moz:headless: false, moz:processID: 12172.0, moz:profile: /var/folders/yk/mdlr7xzj1s5..., moz:useNonSpecCompliantPointerOrigin: false, moz:webdriverClick: true, pageLoadStrategy: normal, platform: MAC, platformName: MAC, platformVersion: 17.7.0, reportUrl: https://sales.experitest.co..., rotatable: false, sessionId: 14e12d90-a151-c941-8101-08e..., timeouts: {implicit: 0.0, pageLoad: 300000.0, script: 30000.0}}
Session ID: 14e12d90-a151-c941-8101-08e9b46eea49
	at tests.CheckingRelatedTest.user_should_be_on_checking_page(CheckingRelatedTest.java:29)
</failure>
    <system-out><![CDATA[Mon Jan 14 09:49:21 EST 2019 [Thread[TestNG-tests-12,5,main]][INFO] SeeTest reporterSetStatus - Status 'Failed' could not be sent to any drivers on the class tests.CheckingRelatedTest
]]></system-out>
  </testcase>
  <testcase name="user_should_be_on_checking_page" classname="tests.CheckingRelatedTest" time="9.436"/>
  <testcase name="user_should_be_on_checking_page" classname="tests.CheckingRelatedTest" time="0">
    <skipped message="Timed out on forward request to selenium agent:Read timed out&#10;Command duration or timeout: 299.72 seconds&#10;Build info: version: &apos;3.12.0&apos;, revision: &apos;7c6e0b3&apos;, time: &apos;2018-05-08T14:04:26.12Z&apos;&#10;System info: host: &apos;WINDOWS-KEN7H9H&apos;, ip: &apos;192.168.0.15&apos;, os.name: &apos;Windows 10&apos;, os.arch: &apos;amd64&apos;, os.version: &apos;10.0&apos;, java.version: &apos;1.8.0_161&apos;&#10;Driver info: org.openqa.selenium.remote.RemoteWebDriver&#10;Capabilities {applicationCacheEnabled: true, browserName: safari, cleanSession: true, cssSelectorsEnabled: true, databaseEnabled: true, handlesAlerts: true, javascriptEnabled: true, locationContextEnabled: false, nativeEvents: true, platform: MAC, platformName: MAC, reportUrl: https://sales.experitest.co..., rotatable: false, sessionId: 734EDF1D-F10A-4781-95D9-B0B..., version: 13605.3.8, webStorageEnabled: true}&#10;Session ID: 734EDF1D-F10A-4781-95D9-B0B877C8521C"/>
  </testcase>
  <testcase name="user_should_be_on_savings_page" classname="tests.SavingsRelatedTest" time="23.006">
    <failure message="Unable to find element with xpath == //h3[text()=&apos;Is this your zip code?&apos;]&#10;For documentation on this error, please visit: http://seleniumhq.org/exceptions/no_such_element.html&#10;Build info: version: &apos;3.6.0&apos;, revision: &apos;dcc5298898&apos;, time: &apos;2018-11-11T14:34:33.499Z&apos;&#10;System info: host: &apos;SALES-SELENIUM&apos;, ip: &apos;172.25.0.21&apos;, os.name: &apos;Windows NT (unknown)&apos;, os.arch: &apos;x86&apos;, os.version: &apos;10.0&apos;, java.version: &apos;1.8.0_121&apos;&#10;Driver info: driver.version: unknown&#10;Command duration or timeout: 0 milliseconds" type="org.openqa.selenium.NoSuchElementException">org.openqa.selenium.NoSuchElementException: 
Unable to find element with xpath == //h3[text()='Is this your zip code?']
For documentation on this error, please visit: http://seleniumhq.org/exceptions/no_such_element.html
Build info: version: '3.6.0', revision: 'dcc5298898', time: '2018-11-11T14:34:33.499Z'
System info: host: 'SALES-SELENIUM', ip: '172.25.0.21', os.name: 'Windows NT (unknown)', os.arch: 'x86', os.version: '10.0', java.version: '1.8.0_121'
Driver info: driver.version: unknown
Command duration or timeout: 0 milliseconds
	at tests.SavingsRelatedTest.user_should_be_on_savings_page(SavingsRelatedTest.java:32)
Caused by: org.openqa.selenium.NoSuchElementException: 
Unable to find element with xpath == //h3[text()='Is this your zip code?']
For documentation on this error, please visit: http://seleniumhq.org/exceptions/no_such_element.html
Build info: version: '3.6.0', revision: 'dcc5298898', time: '2018-11-11T14:34:33.499Z'
System info: host: 'SALES-SELENIUM', ip: '172.25.0.21', os.name: 'Windows NT (unknown)', os.arch: 'x86', os.version: '10.0', java.version: '1.8.0_121'
Driver info: driver.version: unknown
For documentation on this error, please visit: http://seleniumhq.org/exceptions/no_such_element.html
Build info: version: '3.12.0', revision: '7c6e0b3', time: '2018-05-08T14:04:26.12Z'
System info: host: 'WINDOWS-KEN7H9H', ip: '192.168.0.15', os.name: 'Windows 10', os.arch: 'amd64', os.version: '10.0', java.version: '1.8.0_161'
Driver info: driver.version: unknown
</failure>
    <system-out><![CDATA[Mon Jan 14 09:49:30 EST 2019 [Thread[TestNG-tests-9,5,main]][INFO] SeeTest reporterSetStatus - Status 'Failed' could not be sent to any drivers on the class tests.SavingsRelatedTest
]]></system-out>
  </testcase>
  <testcase name="user_should_be_on_savings_page" classname="tests.SavingsRelatedTest" time="25.584"/>
  <testcase name="user_should_be_on_savings_page" classname="tests.SavingsRelatedTest" time="7.122">
    <failure message="Expected condition failed: waiting for element to be clickable: [[RemoteWebDriver: firefox on MAC (dbf35591-f32d-114a-9e23-1b760ed8096d)] -&gt; xpath: //ul[@class=&apos;level-2  expanded&apos;]//span[text()=&apos;Banking&apos;]] (tried for 20 second(s) with 500 milliseconds interval)&#10;Build info: version: &apos;3.12.0&apos;, revision: &apos;7c6e0b3&apos;, time: &apos;2018-05-08T14:04:26.12Z&apos;&#10;System info: host: &apos;WINDOWS-KEN7H9H&apos;, ip: &apos;192.168.0.15&apos;, os.name: &apos;Windows 10&apos;, os.arch: &apos;amd64&apos;, os.version: &apos;10.0&apos;, java.version: &apos;1.8.0_161&apos;&#10;Driver info: org.openqa.selenium.remote.RemoteWebDriver&#10;Capabilities {acceptInsecureCerts: false, browserName: firefox, browserVersion: 60.0.2, javascriptEnabled: true, moz:accessibilityChecks: false, moz:headless: false, moz:processID: 12570.0, moz:profile: /var/folders/yk/mdlr7xzj1s5..., moz:useNonSpecCompliantPointerOrigin: false, moz:webdriverClick: true, pageLoadStrategy: normal, platform: MAC, platformName: MAC, platformVersion: 17.7.0, reportUrl: https://sales.experitest.co..., rotatable: false, sessionId: dbf35591-f32d-114a-9e23-1b7..., timeouts: {implicit: 0.0, pageLoad: 300000.0, script: 30000.0}}&#10;Session ID: dbf35591-f32d-114a-9e23-1b760ed8096d" type="org.openqa.selenium.TimeoutException">org.openqa.selenium.TimeoutException: 
Expected condition failed: waiting for element to be clickable: [[RemoteWebDriver: firefox on MAC (dbf35591-f32d-114a-9e23-1b760ed8096d)] -> xpath: //ul[@class='level-2  expanded']//span[text()='Banking']] (tried for 20 second(s) with 500 milliseconds interval)
Build info: version: '3.12.0', revision: '7c6e0b3', time: '2018-05-08T14:04:26.12Z'
System info: host: 'WINDOWS-KEN7H9H', ip: '192.168.0.15', os.name: 'Windows 10', os.arch: 'amd64', os.version: '10.0', java.version: '1.8.0_161'
Driver info: org.openqa.selenium.remote.RemoteWebDriver
Capabilities {acceptInsecureCerts: false, browserName: firefox, browserVersion: 60.0.2, javascriptEnabled: true, moz:accessibilityChecks: false, moz:headless: false, moz:processID: 12570.0, moz:profile: /var/folders/yk/mdlr7xzj1s5..., moz:useNonSpecCompliantPointerOrigin: false, moz:webdriverClick: true, pageLoadStrategy: normal, platform: MAC, platformName: MAC, platformVersion: 17.7.0, reportUrl: https://sales.experitest.co..., rotatable: false, sessionId: dbf35591-f32d-114a-9e23-1b7..., timeouts: {implicit: 0.0, pageLoad: 300000.0, script: 30000.0}}
Session ID: dbf35591-f32d-114a-9e23-1b760ed8096d
	at tests.SavingsRelatedTest.user_should_be_on_savings_page(SavingsRelatedTest.java:29)
</failure>
    <system-out><![CDATA[Mon Jan 14 09:50:19 EST 2019 [Thread[TestNG-tests-7,5,main]][INFO] SeeTest reporterSetStatus - Status 'Failed' could not be sent to any drivers on the class tests.SavingsRelatedTest
]]></system-out>
  </testcase>
  <testcase name="user_should_be_on_savings_page" classname="tests.SavingsRelatedTest" time="11.288"/>
  <testcase name="user_should_be_on_savings_page" classname="tests.SavingsRelatedTest" time="24.642"/>
  <testcase name="user_should_be_on_savings_page" classname="tests.SavingsRelatedTest" time="16.68"/>
  <testcase name="user_should_be_on_credit_cards_page" classname="tests.CreditCardsRelatedTest" time="5.785"/>
  <testcase name="user_should_be_on_credit_cards_page" classname="tests.CreditCardsRelatedTest" time="9.774">
    <failure message="Expected condition failed: waiting for visibility of [[RemoteWebDriver: internet explorer on WINDOWS (8ad082b2-0634-41cd-9469-80a0a8d983f6)] -&gt; xpath: //a[text()=&apos;Compare Our Credit Cards&apos;]] (tried for 20 second(s) with 500 milliseconds interval)&#10;Build info: version: &apos;3.12.0&apos;, revision: &apos;7c6e0b3&apos;, time: &apos;2018-05-08T14:04:26.12Z&apos;&#10;System info: host: &apos;WINDOWS-KEN7H9H&apos;, ip: &apos;192.168.0.15&apos;, os.name: &apos;Windows 10&apos;, os.arch: &apos;amd64&apos;, os.version: &apos;10.0&apos;, java.version: &apos;1.8.0_161&apos;&#10;Driver info: org.openqa.selenium.remote.RemoteWebDriver&#10;Capabilities {acceptInsecureCerts: false, browserName: internet explorer, browserVersion: 11, javascriptEnabled: true, pageLoadStrategy: normal, platform: WINDOWS, platformName: WINDOWS, proxy: Proxy(), reportUrl: https://sales.experitest.co..., se:ieOptions: {browserAttachTimeout: 0.0, elementScrollBehavior: 0.0, enablePersistentHover: true, ie.browserCommandLineSwitches: , ie.ensureCleanSession: false, ie.fileUploadDialogTimeout: 3000.0, ie.forceCreateProcessApi: false, ignoreProtectedModeSettings: false, ignoreZoomSetting: false, initialBrowserUrl: http://localhost:24798/, nativeEvents: true, requireWindowFocus: false}, sessionId: 8ad082b2-0634-41cd-9469-80a..., setWindowRect: true, timeouts: {implicit: 0.0, pageLoad: 300000.0, script: 30000.0}, unhandledPromptBehavior: dismiss}&#10;Session ID: 8ad082b2-0634-41cd-9469-80a0a8d983f6" type="org.openqa.selenium.TimeoutException">org.openqa.selenium.TimeoutException: 
Expected condition failed: waiting for visibility of [[RemoteWebDriver: internet explorer on WINDOWS (8ad082b2-0634-41cd-9469-80a0a8d983f6)] -> xpath: //a[text()='Compare Our Credit Cards']] (tried for 20 second(s) with 500 milliseconds interval)
Build info: version: '3.12.0', revision: '7c6e0b3', time: '2018-05-08T14:04:26.12Z'
System info: host: 'WINDOWS-KEN7H9H', ip: '192.168.0.15', os.name: 'Windows 10', os.arch: 'amd64', os.version: '10.0', java.version: '1.8.0_161'
Driver info: org.openqa.selenium.remote.RemoteWebDriver
Capabilities {acceptInsecureCerts: false, browserName: internet explorer, browserVersion: 11, javascriptEnabled: true, pageLoadStrategy: normal, platform: WINDOWS, platformName: WINDOWS, proxy: Proxy(), reportUrl: https://sales.experitest.co..., se:ieOptions: {browserAttachTimeout: 0.0, elementScrollBehavior: 0.0, enablePersistentHover: true, ie.browserCommandLineSwitches: , ie.ensureCleanSession: false, ie.fileUploadDialogTimeout: 3000.0, ie.forceCreateProcessApi: false, ignoreProtectedModeSettings: false, ignoreZoomSetting: false, initialBrowserUrl: http://localhost:24798/, nativeEvents: true, requireWindowFocus: false}, sessionId: 8ad082b2-0634-41cd-9469-80a..., setWindowRect: true, timeouts: {implicit: 0.0, pageLoad: 300000.0, script: 30000.0}, unhandledPromptBehavior: dismiss}
Session ID: 8ad082b2-0634-41cd-9469-80a0a8d983f6
	at tests.CreditCardsRelatedTest.user_should_be_on_credit_cards_page(CreditCardsRelatedTest.java:32)
</failure>
    <system-out><![CDATA[Mon Jan 14 09:50:46 EST 2019 [Thread[TestNG-tests-9,5,main]][INFO] SeeTest reporterSetStatus - Status 'Failed' could not be sent to any drivers on the class tests.CreditCardsRelatedTest
]]></system-out>
    <system-err><![CDATA[Jan 14, 2019 9:50:39 AM org.openqa.selenium.remote.ProtocolHandshake createSession
INFO: Detected dialect: OSS
]]></system-err>
  </testcase>
  <testcase name="user_should_be_on_credit_cards_page" classname="tests.CreditCardsRelatedTest" time="4.948"/>
  <testcase name="user_should_be_on_credit_cards_page" classname="tests.CreditCardsRelatedTest" time="20.012"/>
  <testcase name="user_should_be_on_credit_cards_page" classname="tests.CreditCardsRelatedTest" time="20.736">
    <failure message="Expected condition failed: waiting for element to be clickable: [[RemoteWebDriver: firefox on MAC (dba257ac-4569-e944-b8fc-e1aad39a332b)] -&gt; xpath: //ul[@class=&apos;level-2  expanded&apos;]//span[text()=&apos;Banking&apos;]] (tried for 20 second(s) with 500 milliseconds interval)&#10;Build info: version: &apos;3.12.0&apos;, revision: &apos;7c6e0b3&apos;, time: &apos;2018-05-08T14:04:26.12Z&apos;&#10;System info: host: &apos;WINDOWS-KEN7H9H&apos;, ip: &apos;192.168.0.15&apos;, os.name: &apos;Windows 10&apos;, os.arch: &apos;amd64&apos;, os.version: &apos;10.0&apos;, java.version: &apos;1.8.0_161&apos;&#10;Driver info: org.openqa.selenium.remote.RemoteWebDriver&#10;Capabilities {acceptInsecureCerts: false, browserName: firefox, browserVersion: 61.0.1, javascriptEnabled: true, moz:accessibilityChecks: false, moz:headless: false, moz:processID: 12759.0, moz:profile: /var/folders/yk/mdlr7xzj1s5..., moz:useNonSpecCompliantPointerOrigin: false, moz:webdriverClick: true, pageLoadStrategy: normal, platform: MAC, platformName: MAC, platformVersion: 17.7.0, reportUrl: https://sales.experitest.co..., rotatable: false, sessionId: dba257ac-4569-e944-b8fc-e1a..., timeouts: {implicit: 0.0, pageLoad: 300000.0, script: 30000.0}}&#10;Session ID: dba257ac-4569-e944-b8fc-e1aad39a332b" type="org.openqa.selenium.TimeoutException">org.openqa.selenium.TimeoutException: 
Expected condition failed: waiting for element to be clickable: [[RemoteWebDriver: firefox on MAC (dba257ac-4569-e944-b8fc-e1aad39a332b)] -> xpath: //ul[@class='level-2  expanded']//span[text()='Banking']] (tried for 20 second(s) with 500 milliseconds interval)
Build info: version: '3.12.0', revision: '7c6e0b3', time: '2018-05-08T14:04:26.12Z'
System info: host: 'WINDOWS-KEN7H9H', ip: '192.168.0.15', os.name: 'Windows 10', os.arch: 'amd64', os.version: '10.0', java.version: '1.8.0_161'
Driver info: org.openqa.selenium.remote.RemoteWebDriver
Capabilities {acceptInsecureCerts: false, browserName: firefox, browserVersion: 61.0.1, javascriptEnabled: true, moz:accessibilityChecks: false, moz:headless: false, moz:processID: 12759.0, moz:profile: /var/folders/yk/mdlr7xzj1s5..., moz:useNonSpecCompliantPointerOrigin: false, moz:webdriverClick: true, pageLoadStrategy: normal, platform: MAC, platformName: MAC, platformVersion: 17.7.0, reportUrl: https://sales.experitest.co..., rotatable: false, sessionId: dba257ac-4569-e944-b8fc-e1a..., timeouts: {implicit: 0.0, pageLoad: 300000.0, script: 30000.0}}
Session ID: dba257ac-4569-e944-b8fc-e1aad39a332b
	at tests.CreditCardsRelatedTest.user_should_be_on_credit_cards_page(CreditCardsRelatedTest.java:29)
</failure>
    <system-out><![CDATA[Mon Jan 14 09:51:27 EST 2019 [Thread[TestNG-tests-7,5,main]][INFO] SeeTest reporterSetStatus - Status 'Failed' could not be sent to any drivers on the class tests.CreditCardsRelatedTest
]]></system-out>
  </testcase>
  <testcase name="user_should_be_on_credit_cards_page" classname="tests.CreditCardsRelatedTest" time="5.531"/>
  <testcase name="setUp" classname="tests.SearchResultsTest" time="63.083">
    <failure message="Unable to parse remote response: Could not start selenium grid test. Test request timed out. No browser found matching the desired capabilities {PNC=PNC_Safari_Desktop, browserName=safari, newSessionWaitTimeout=300, platform=MAC, testName=verify_item_displayed_in_search_results_list}&#10;Build info: version: &apos;3.12.0&apos;, revision: &apos;7c6e0b3&apos;, time: &apos;2018-05-08T14:04:26.12Z&apos;&#10;System info: host: &apos;WINDOWS-KEN7H9H&apos;, ip: &apos;192.168.0.15&apos;, os.name: &apos;Windows 10&apos;, os.arch: &apos;amd64&apos;, os.version: &apos;10.0&apos;, java.version: &apos;1.8.0_161&apos;&#10;Driver info: driver.version: RemoteWebDriver" type="org.openqa.selenium.WebDriverException">org.openqa.selenium.WebDriverException: 
Unable to parse remote response: Could not start selenium grid test. Test request timed out. No browser found matching the desired capabilities {PNC=PNC_Safari_Desktop, browserName=safari, newSessionWaitTimeout=300, platform=MAC, testName=verify_item_displayed_in_search_results_list}
Build info: version: '3.12.0', revision: '7c6e0b3', time: '2018-05-08T14:04:26.12Z'
System info: host: 'WINDOWS-KEN7H9H', ip: '192.168.0.15', os.name: 'Windows 10', os.arch: 'amd64', os.version: '10.0', java.version: '1.8.0_161'
Driver info: driver.version: RemoteWebDriver
</failure>
  </testcase>
  <testcase name="setUpAllPages" classname="tests.SearchResultsTest" time="0">
    <skipped/>
    <system-out><![CDATA[Mon Jan 14 09:52:10 EST 2019 [Thread[TestNG-tests-4,5,main]][INFO] SeeTest reporterSetStatus - Status 'Failed' could not be sent to any drivers on the class tests.SearchResultsTest
]]></system-out>
  </testcase>
  <testcase name="tearDown" classname="tests.SearchResultsTest" time="63.132">
    <failure type="java.lang.NullPointerException">java.lang.NullPointerException
</failure>
  </testcase>
  <testcase name="setUpAllPages" classname="tests.CheckingRelatedTest" time="147.778">
    <failure message="Timed out on forward request to selenium agent:Read timed out&#10;Command duration or timeout: 299.72 seconds&#10;Build info: version: &apos;3.12.0&apos;, revision: &apos;7c6e0b3&apos;, time: &apos;2018-05-08T14:04:26.12Z&apos;&#10;System info: host: &apos;WINDOWS-KEN7H9H&apos;, ip: &apos;192.168.0.15&apos;, os.name: &apos;Windows 10&apos;, os.arch: &apos;amd64&apos;, os.version: &apos;10.0&apos;, java.version: &apos;1.8.0_161&apos;&#10;Driver info: org.openqa.selenium.remote.RemoteWebDriver&#10;Capabilities {applicationCacheEnabled: true, browserName: safari, cleanSession: true, cssSelectorsEnabled: true, databaseEnabled: true, handlesAlerts: true, javascriptEnabled: true, locationContextEnabled: false, nativeEvents: true, platform: MAC, platformName: MAC, reportUrl: https://sales.experitest.co..., rotatable: false, sessionId: 734EDF1D-F10A-4781-95D9-B0B..., version: 13605.3.8, webStorageEnabled: true}&#10;Session ID: 734EDF1D-F10A-4781-95D9-B0B877C8521C" type="org.openqa.selenium.UnsupportedCommandException">org.openqa.selenium.UnsupportedCommandException: 
Timed out on forward request to selenium agent:Read timed out
Command duration or timeout: 299.72 seconds
Build info: version: '3.12.0', revision: '7c6e0b3', time: '2018-05-08T14:04:26.12Z'
System info: host: 'WINDOWS-KEN7H9H', ip: '192.168.0.15', os.name: 'Windows 10', os.arch: 'amd64', os.version: '10.0', java.version: '1.8.0_161'
Driver info: org.openqa.selenium.remote.RemoteWebDriver
Capabilities {applicationCacheEnabled: true, browserName: safari, cleanSession: true, cssSelectorsEnabled: true, databaseEnabled: true, handlesAlerts: true, javascriptEnabled: true, locationContextEnabled: false, nativeEvents: true, platform: MAC, platformName: MAC, reportUrl: https://sales.experitest.co..., rotatable: false, sessionId: 734EDF1D-F10A-4781-95D9-B0B..., version: 13605.3.8, webStorageEnabled: true}
Session ID: 734EDF1D-F10A-4781-95D9-B0B877C8521C
	at tests.CheckingRelatedTest.setUpAllPages(CheckingRelatedTest.java:23)
</failure>
    <system-out><![CDATA[Mon Jan 14 09:53:34 EST 2019 [Thread[TestNG-tests-10,5,main]][INFO] SeeTest reporterSetStatus - Status 'Failed' could not be sent to any drivers on the class tests.CheckingRelatedTest
]]></system-out>
  </testcase>
</testsuite>