<?xml version="1.0" encoding="UTF-8"?>
<testng-results skipped="2" failed="7" ignored="0" total="24" passed="15">
  <reporter-output>
  </reporter-output>
  <suite name="Test Automation" duration-ms="437424" started-at="2019-01-14T14:47:03Z" finished-at="2019-01-14T14:54:21Z">
    <groups>
    </groups>
    <test name="Search Windows Chrome" duration-ms="63948" started-at="2019-01-14T14:47:03Z" finished-at="2019-01-14T14:48:07Z">
      <class name="tests.SearchResultsTest">
        <test-method status="PASS" signature="setUp(java.lang.String, java.lang.String, java.lang.String, java.lang.reflect.Method)[pri:0, instance:tests.SearchResultsTest@51081592]" name="setUp" is-config="true" duration-ms="12888" started-at="2019-01-14T14:47:03Z" finished-at="2019-01-14T14:47:16Z">
          <params>
            <param index="0">
              <value>
                <![CDATA[Chrome]]>
              </value>
            </param>
            <param index="1">
              <value>
                <![CDATA[Any]]>
              </value>
            </param>
            <param index="2">
              <value>
                <![CDATA[Windows]]>
              </value>
            </param>
            <param index="3">
              <value>
                <![CDATA[public void tests.SearchResultsTest.verify_item_displayed_in_search_results_list()]]>
              </value>
            </param>
          </params>
          <reporter-output>
          </reporter-output>
        </test-method> <!-- setUp -->
        <test-method status="PASS" signature="setUpAllPages()[pri:0, instance:tests.SearchResultsTest@51081592]" name="setUpAllPages" is-config="true" duration-ms="12378" started-at="2019-01-14T14:47:16Z" finished-at="2019-01-14T14:47:28Z">
          <reporter-output>
          </reporter-output>
        </test-method> <!-- setUpAllPages -->
        <test-method status="PASS" signature="verify_item_displayed_in_search_results_list()[pri:0, instance:tests.SearchResultsTest@51081592]" name="verify_item_displayed_in_search_results_list" duration-ms="37992" started-at="2019-01-14T14:47:28Z" finished-at="2019-01-14T14:48:06Z">
          <reporter-output>
          </reporter-output>
        </test-method> <!-- verify_item_displayed_in_search_results_list -->
        <test-method status="PASS" signature="tearDown()[pri:0, instance:tests.SearchResultsTest@51081592]" name="tearDown" is-config="true" duration-ms="655" started-at="2019-01-14T14:48:06Z" finished-at="2019-01-14T14:48:07Z">
          <reporter-output>
          </reporter-output>
        </test-method> <!-- tearDown -->
      </class> <!-- tests.SearchResultsTest -->
    </test> <!-- Search Windows Chrome -->
    <test name="Checking Windows Firefox" duration-ms="78106" started-at="2019-01-14T14:47:03Z" finished-at="2019-01-14T14:48:21Z">
      <class name="tests.CheckingRelatedTest">
        <test-method status="PASS" signature="setUp(java.lang.String, java.lang.String, java.lang.String, java.lang.reflect.Method)[pri:0, instance:tests.CheckingRelatedTest@4667ae56]" name="setUp" is-config="true" duration-ms="24506" started-at="2019-01-14T14:47:03Z" finished-at="2019-01-14T14:47:28Z">
          <params>
            <param index="0">
              <value>
                <![CDATA[Firefox]]>
              </value>
            </param>
            <param index="1">
              <value>
                <![CDATA[Any]]>
              </value>
            </param>
            <param index="2">
              <value>
                <![CDATA[Windows]]>
              </value>
            </param>
            <param index="3">
              <value>
                <![CDATA[public void tests.CheckingRelatedTest.user_should_be_on_checking_page()]]>
              </value>
            </param>
          </params>
          <reporter-output>
          </reporter-output>
        </test-method> <!-- setUp -->
        <test-method status="PASS" signature="setUpAllPages()[pri:0, instance:tests.CheckingRelatedTest@4667ae56]" name="setUpAllPages" is-config="true" duration-ms="29321" started-at="2019-01-14T14:47:28Z" finished-at="2019-01-14T14:47:57Z">
          <reporter-output>
          </reporter-output>
        </test-method> <!-- setUpAllPages -->
        <test-method status="PASS" signature="user_should_be_on_checking_page()[pri:0, instance:tests.CheckingRelatedTest@4667ae56]" name="user_should_be_on_checking_page" duration-ms="21682" started-at="2019-01-14T14:47:57Z" finished-at="2019-01-14T14:48:19Z">
          <reporter-output>
          </reporter-output>
        </test-method> <!-- user_should_be_on_checking_page -->
        <test-method status="PASS" signature="tearDown()[pri:0, instance:tests.CheckingRelatedTest@4667ae56]" name="tearDown" is-config="true" duration-ms="2597" started-at="2019-01-14T14:48:19Z" finished-at="2019-01-14T14:48:21Z">
          <reporter-output>
          </reporter-output>
        </test-method> <!-- tearDown -->
      </class> <!-- tests.CheckingRelatedTest -->
    </test> <!-- Checking Windows Firefox -->
    <test name="Checking Windows IE" duration-ms="102199" started-at="2019-01-14T14:47:03Z" finished-at="2019-01-14T14:48:45Z">
      <class name="tests.CheckingRelatedTest">
        <test-method status="PASS" signature="setUp(java.lang.String, java.lang.String, java.lang.String, java.lang.reflect.Method)[pri:0, instance:tests.CheckingRelatedTest@464bee09]" name="setUp" is-config="true" duration-ms="8563" started-at="2019-01-14T14:47:03Z" finished-at="2019-01-14T14:47:12Z">
          <params>
            <param index="0">
              <value>
                <![CDATA[IE]]>
              </value>
            </param>
            <param index="1">
              <value>
                <![CDATA[Any]]>
              </value>
            </param>
            <param index="2">
              <value>
                <![CDATA[Windows]]>
              </value>
            </param>
            <param index="3">
              <value>
                <![CDATA[public void tests.CheckingRelatedTest.user_should_be_on_checking_page()]]>
              </value>
            </param>
          </params>
          <reporter-output>
          </reporter-output>
        </test-method> <!-- setUp -->
        <test-method status="PASS" signature="setUpAllPages()[pri:0, instance:tests.CheckingRelatedTest@464bee09]" name="setUpAllPages" is-config="true" duration-ms="57437" started-at="2019-01-14T14:47:12Z" finished-at="2019-01-14T14:48:09Z">
          <reporter-output>
          </reporter-output>
        </test-method> <!-- setUpAllPages -->
        <test-method status="PASS" signature="user_should_be_on_checking_page()[pri:0, instance:tests.CheckingRelatedTest@464bee09]" name="user_should_be_on_checking_page" duration-ms="35914" started-at="2019-01-14T14:48:09Z" finished-at="2019-01-14T14:48:45Z">
          <reporter-output>
          </reporter-output>
        </test-method> <!-- user_should_be_on_checking_page -->
        <test-method status="PASS" signature="tearDown()[pri:0, instance:tests.CheckingRelatedTest@464bee09]" name="tearDown" is-config="true" duration-ms="284" started-at="2019-01-14T14:48:45Z" finished-at="2019-01-14T14:48:45Z">
          <reporter-output>
          </reporter-output>
        </test-method> <!-- tearDown -->
      </class> <!-- tests.CheckingRelatedTest -->
    </test> <!-- Checking Windows IE -->
    <test name="Search Windows IE" duration-ms="108184" started-at="2019-01-14T14:47:03Z" finished-at="2019-01-14T14:48:51Z">
      <class name="tests.SearchResultsTest">
        <test-method status="PASS" signature="setUp(java.lang.String, java.lang.String, java.lang.String, java.lang.reflect.Method)[pri:0, instance:tests.SearchResultsTest@61832929]" name="setUp" is-config="true" duration-ms="13428" started-at="2019-01-14T14:47:03Z" finished-at="2019-01-14T14:47:17Z">
          <params>
            <param index="0">
              <value>
                <![CDATA[IE]]>
              </value>
            </param>
            <param index="1">
              <value>
                <![CDATA[Any]]>
              </value>
            </param>
            <param index="2">
              <value>
                <![CDATA[Windows]]>
              </value>
            </param>
            <param index="3">
              <value>
                <![CDATA[public void tests.SearchResultsTest.verify_item_displayed_in_search_results_list()]]>
              </value>
            </param>
          </params>
          <reporter-output>
          </reporter-output>
        </test-method> <!-- setUp -->
        <test-method status="PASS" signature="setUpAllPages()[pri:0, instance:tests.SearchResultsTest@61832929]" name="setUpAllPages" is-config="true" duration-ms="52696" started-at="2019-01-14T14:47:17Z" finished-at="2019-01-14T14:48:09Z">
          <reporter-output>
          </reporter-output>
        </test-method> <!-- setUpAllPages -->
        <test-method status="FAIL" signature="verify_item_displayed_in_search_results_list()[pri:0, instance:tests.SearchResultsTest@61832929]" name="verify_item_displayed_in_search_results_list" duration-ms="41680" started-at="2019-01-14T14:48:09Z" finished-at="2019-01-14T14:48:51Z">
          <exception class="org.openqa.selenium.TimeoutException">
            <message>
              <![CDATA[Expected condition failed: waiting for element to be clickable: [[RemoteWebDriver: internet explorer on WINDOWS (9e8cb5fd-f7d7-46d4-924d-3472b6df832b)] -> id: navSearchField] (tried for 20 second(s) with 500 milliseconds interval)
Build info: version: '3.12.0', revision: '7c6e0b3', time: '2018-05-08T14:04:26.12Z'
System info: host: 'WINDOWS-KEN7H9H', ip: '192.168.0.15', os.name: 'Windows 10', os.arch: 'amd64', os.version: '10.0', java.version: '1.8.0_161'
Driver info: org.openqa.selenium.remote.RemoteWebDriver
Capabilities {acceptInsecureCerts: false, browserName: internet explorer, browserVersion: 11, javascriptEnabled: true, pageLoadStrategy: normal, platform: WINDOWS, platformName: WINDOWS, proxy: Proxy(), reportUrl: https://sales.experitest.co..., se:ieOptions: {browserAttachTimeout: 0.0, elementScrollBehavior: 0.0, enablePersistentHover: true, ie.browserCommandLineSwitches: , ie.ensureCleanSession: false, ie.fileUploadDialogTimeout: 3000.0, ie.forceCreateProcessApi: false, ignoreProtectedModeSettings: false, ignoreZoomSetting: false, initialBrowserUrl: http://localhost:28115/, nativeEvents: true, requireWindowFocus: false}, sessionId: 9e8cb5fd-f7d7-46d4-924d-347..., setWindowRect: true, timeouts: {implicit: 0.0, pageLoad: 300000.0, script: 30000.0}, unhandledPromptBehavior: dismiss}
Session ID: 9e8cb5fd-f7d7-46d4-924d-3472b6df832b]]>
            </message>
            <full-stacktrace>
              <![CDATA[org.openqa.selenium.TimeoutException: Expected condition failed: waiting for element to be clickable: [[RemoteWebDriver: internet explorer on WINDOWS (9e8cb5fd-f7d7-46d4-924d-3472b6df832b)] -> id: navSearchField] (tried for 20 second(s) with 500 milliseconds interval)
Build info: version: '3.12.0', revision: '7c6e0b3', time: '2018-05-08T14:04:26.12Z'
System info: host: 'WINDOWS-KEN7H9H', ip: '192.168.0.15', os.name: 'Windows 10', os.arch: 'amd64', os.version: '10.0', java.version: '1.8.0_161'
Driver info: org.openqa.selenium.remote.RemoteWebDriver
Capabilities {acceptInsecureCerts: false, browserName: internet explorer, browserVersion: 11, javascriptEnabled: true, pageLoadStrategy: normal, platform: WINDOWS, platformName: WINDOWS, proxy: Proxy(), reportUrl: https://sales.experitest.co..., se:ieOptions: {browserAttachTimeout: 0.0, elementScrollBehavior: 0.0, enablePersistentHover: true, ie.browserCommandLineSwitches: , ie.ensureCleanSession: false, ie.fileUploadDialogTimeout: 3000.0, ie.forceCreateProcessApi: false, ignoreProtectedModeSettings: false, ignoreZoomSetting: false, initialBrowserUrl: http://localhost:28115/, nativeEvents: true, requireWindowFocus: false}, sessionId: 9e8cb5fd-f7d7-46d4-924d-347..., setWindowRect: true, timeouts: {implicit: 0.0, pageLoad: 300000.0, script: 30000.0}, unhandledPromptBehavior: dismiss}
Session ID: 9e8cb5fd-f7d7-46d4-924d-3472b6df832b
at org.openqa.selenium.support.ui.WebDriverWait.timeoutException(WebDriverWait.java:81)
at org.openqa.selenium.support.ui.FluentWait.until(FluentWait.java:271)
at pages.HomePage.type_into_search_field_with(HomePage.java:27)
at tests.SearchResultsTest.verify_item_displayed_in_search_results_list(SearchResultsTest.java:30)
at sun.reflect.NativeMethodAccessorImpl.invoke0(Native Method)
at sun.reflect.NativeMethodAccessorImpl.invoke(NativeMethodAccessorImpl.java:62)
at sun.reflect.DelegatingMethodAccessorImpl.invoke(DelegatingMethodAccessorImpl.java:43)
at java.lang.reflect.Method.invoke(Method.java:498)
at org.testng.internal.MethodInvocationHelper.invokeMethod(MethodInvocationHelper.java:124)
at org.testng.internal.Invoker.invokeMethod(Invoker.java:583)
at org.testng.internal.Invoker.invokeTestMethod(Invoker.java:719)
at org.testng.internal.Invoker.invokeTestMethods(Invoker.java:989)
at org.testng.internal.TestMethodWorker.invokeTestMethods(TestMethodWorker.java:125)
at org.testng.internal.TestMethodWorker.run(TestMethodWorker.java:109)
at org.testng.TestRunner.privateRun(TestRunner.java:648)
at org.testng.TestRunner.run(TestRunner.java:505)
at org.testng.SuiteRunner.runTest(SuiteRunner.java:455)
at org.testng.SuiteRunner.access$000(SuiteRunner.java:40)
at org.testng.SuiteRunner$SuiteWorker.run(SuiteRunner.java:489)
at org.testng.internal.thread.ThreadUtil$1.call(ThreadUtil.java:52)
at java.util.concurrent.FutureTask.run(FutureTask.java:266)
at java.util.concurrent.ThreadPoolExecutor.runWorker(ThreadPoolExecutor.java:1149)
at java.util.concurrent.ThreadPoolExecutor$Worker.run(ThreadPoolExecutor.java:624)
at java.lang.Thread.run(Thread.java:748)
]]>
            </full-stacktrace>
          </exception> <!-- org.openqa.selenium.TimeoutException -->
          <reporter-output>
          </reporter-output>
        </test-method> <!-- verify_item_displayed_in_search_results_list -->
        <test-method status="PASS" signature="tearDown()[pri:0, instance:tests.SearchResultsTest@61832929]" name="tearDown" is-config="true" duration-ms="365" started-at="2019-01-14T14:48:51Z" finished-at="2019-01-14T14:48:51Z">
          <reporter-output>
          </reporter-output>
        </test-method> <!-- tearDown -->
      </class> <!-- tests.SearchResultsTest -->
    </test> <!-- Search Windows IE -->
    <test name="Search Mac Firefox" duration-ms="115395" started-at="2019-01-14T14:47:03Z" finished-at="2019-01-14T14:48:59Z">
      <class name="tests.SearchResultsTest">
        <test-method status="PASS" signature="setUp(java.lang.String, java.lang.String, java.lang.String, java.lang.reflect.Method)[pri:0, instance:tests.SearchResultsTest@685cb137]" name="setUp" is-config="true" duration-ms="19737" started-at="2019-01-14T14:47:03Z" finished-at="2019-01-14T14:47:23Z">
          <params>
            <param index="0">
              <value>
                <![CDATA[Firefox]]>
              </value>
            </param>
            <param index="1">
              <value>
                <![CDATA[Any]]>
              </value>
            </param>
            <param index="2">
              <value>
                <![CDATA[Mac]]>
              </value>
            </param>
            <param index="3">
              <value>
                <![CDATA[public void tests.SearchResultsTest.verify_item_displayed_in_search_results_list()]]>
              </value>
            </param>
          </params>
          <reporter-output>
          </reporter-output>
        </test-method> <!-- setUp -->
        <test-method status="PASS" signature="setUpAllPages()[pri:0, instance:tests.SearchResultsTest@685cb137]" name="setUpAllPages" is-config="true" duration-ms="42397" started-at="2019-01-14T14:47:23Z" finished-at="2019-01-14T14:48:05Z">
          <reporter-output>
          </reporter-output>
        </test-method> <!-- setUpAllPages -->
        <test-method status="FAIL" signature="verify_item_displayed_in_search_results_list()[pri:0, instance:tests.SearchResultsTest@685cb137]" name="verify_item_displayed_in_search_results_list" duration-ms="29761" started-at="2019-01-14T14:48:05Z" finished-at="2019-01-14T14:48:35Z">
          <exception class="org.openqa.selenium.TimeoutException">
            <message>
              <![CDATA[Expected condition failed: waiting for element to be clickable: [[RemoteWebDriver: firefox on MAC (daba46bb-54e0-d744-aabb-3d895b7b7de8)] -> class name: search-toggle] (tried for 20 second(s) with 500 milliseconds interval)
Build info: version: '3.12.0', revision: '7c6e0b3', time: '2018-05-08T14:04:26.12Z'
System info: host: 'WINDOWS-KEN7H9H', ip: '192.168.0.15', os.name: 'Windows 10', os.arch: 'amd64', os.version: '10.0', java.version: '1.8.0_161'
Driver info: org.openqa.selenium.remote.RemoteWebDriver
Capabilities {acceptInsecureCerts: false, browserName: firefox, browserVersion: 60.0.2, javascriptEnabled: true, moz:accessibilityChecks: false, moz:headless: false, moz:processID: 12103.0, moz:profile: /var/folders/yk/mdlr7xzj1s5..., moz:useNonSpecCompliantPointerOrigin: false, moz:webdriverClick: true, pageLoadStrategy: normal, platform: MAC, platformName: MAC, platformVersion: 17.7.0, reportUrl: https://sales.experitest.co..., rotatable: false, sessionId: daba46bb-54e0-d744-aabb-3d8..., timeouts: {implicit: 0.0, pageLoad: 300000.0, script: 30000.0}}
Session ID: daba46bb-54e0-d744-aabb-3d895b7b7de8]]>
            </message>
            <full-stacktrace>
              <![CDATA[org.openqa.selenium.TimeoutException: Expected condition failed: waiting for element to be clickable: [[RemoteWebDriver: firefox on MAC (daba46bb-54e0-d744-aabb-3d895b7b7de8)] -> class name: search-toggle] (tried for 20 second(s) with 500 milliseconds interval)
Build info: version: '3.12.0', revision: '7c6e0b3', time: '2018-05-08T14:04:26.12Z'
System info: host: 'WINDOWS-KEN7H9H', ip: '192.168.0.15', os.name: 'Windows 10', os.arch: 'amd64', os.version: '10.0', java.version: '1.8.0_161'
Driver info: org.openqa.selenium.remote.RemoteWebDriver
Capabilities {acceptInsecureCerts: false, browserName: firefox, browserVersion: 60.0.2, javascriptEnabled: true, moz:accessibilityChecks: false, moz:headless: false, moz:processID: 12103.0, moz:profile: /var/folders/yk/mdlr7xzj1s5..., moz:useNonSpecCompliantPointerOrigin: false, moz:webdriverClick: true, pageLoadStrategy: normal, platform: MAC, platformName: MAC, platformVersion: 17.7.0, reportUrl: https://sales.experitest.co..., rotatable: false, sessionId: daba46bb-54e0-d744-aabb-3d8..., timeouts: {implicit: 0.0, pageLoad: 300000.0, script: 30000.0}}
Session ID: daba46bb-54e0-d744-aabb-3d895b7b7de8
at org.openqa.selenium.support.ui.WebDriverWait.timeoutException(WebDriverWait.java:81)
at org.openqa.selenium.support.ui.FluentWait.until(FluentWait.java:271)
at pages.HomePage.click_on_search_icon(HomePage.java:21)
at tests.SearchResultsTest.verify_item_displayed_in_search_results_list(SearchResultsTest.java:29)
at sun.reflect.NativeMethodAccessorImpl.invoke0(Native Method)
at sun.reflect.NativeMethodAccessorImpl.invoke(NativeMethodAccessorImpl.java:62)
at sun.reflect.DelegatingMethodAccessorImpl.invoke(DelegatingMethodAccessorImpl.java:43)
at java.lang.reflect.Method.invoke(Method.java:498)
at org.testng.internal.MethodInvocationHelper.invokeMethod(MethodInvocationHelper.java:124)
at org.testng.internal.Invoker.invokeMethod(Invoker.java:583)
at org.testng.internal.Invoker.invokeTestMethod(Invoker.java:719)
at org.testng.internal.Invoker.invokeTestMethods(Invoker.java:989)
at org.testng.internal.TestMethodWorker.invokeTestMethods(TestMethodWorker.java:125)
at org.testng.internal.TestMethodWorker.run(TestMethodWorker.java:109)
at org.testng.TestRunner.privateRun(TestRunner.java:648)
at org.testng.TestRunner.run(TestRunner.java:505)
at org.testng.SuiteRunner.runTest(SuiteRunner.java:455)
at org.testng.SuiteRunner.access$000(SuiteRunner.java:40)
at org.testng.SuiteRunner$SuiteWorker.run(SuiteRunner.java:489)
at org.testng.internal.thread.ThreadUtil$1.call(ThreadUtil.java:52)
at java.util.concurrent.FutureTask.run(FutureTask.java:266)
at java.util.concurrent.ThreadPoolExecutor.runWorker(ThreadPoolExecutor.java:1149)
at java.util.concurrent.ThreadPoolExecutor$Worker.run(ThreadPoolExecutor.java:624)
at java.lang.Thread.run(Thread.java:748)
]]>
            </full-stacktrace>
          </exception> <!-- org.openqa.selenium.TimeoutException -->
          <reporter-output>
          </reporter-output>
        </test-method> <!-- verify_item_displayed_in_search_results_list -->
        <test-method status="PASS" signature="tearDown()[pri:0, instance:tests.SearchResultsTest@685cb137]" name="tearDown" is-config="true" duration-ms="23450" started-at="2019-01-14T14:48:35Z" finished-at="2019-01-14T14:48:59Z">
          <reporter-output>
          </reporter-output>
        </test-method> <!-- tearDown -->
      </class> <!-- tests.SearchResultsTest -->
    </test> <!-- Search Mac Firefox -->
    <test name="Checking Windows Chrome" duration-ms="132180" started-at="2019-01-14T14:47:03Z" finished-at="2019-01-14T14:49:15Z">
      <class name="tests.CheckingRelatedTest">
        <test-method status="PASS" signature="setUp(java.lang.String, java.lang.String, java.lang.String, java.lang.reflect.Method)[pri:0, instance:tests.CheckingRelatedTest@1794d431]" name="setUp" is-config="true" duration-ms="99407" started-at="2019-01-14T14:47:03Z" finished-at="2019-01-14T14:48:43Z">
          <params>
            <param index="0">
              <value>
                <![CDATA[Chrome]]>
              </value>
            </param>
            <param index="1">
              <value>
                <![CDATA[Any]]>
              </value>
            </param>
            <param index="2">
              <value>
                <![CDATA[Windows]]>
              </value>
            </param>
            <param index="3">
              <value>
                <![CDATA[public void tests.CheckingRelatedTest.user_should_be_on_checking_page()]]>
              </value>
            </param>
          </params>
          <reporter-output>
          </reporter-output>
        </test-method> <!-- setUp -->
        <test-method status="PASS" signature="setUpAllPages()[pri:0, instance:tests.CheckingRelatedTest@1794d431]" name="setUpAllPages" is-config="true" duration-ms="9078" started-at="2019-01-14T14:48:43Z" finished-at="2019-01-14T14:48:52Z">
          <reporter-output>
          </reporter-output>
        </test-method> <!-- setUpAllPages -->
        <test-method status="PASS" signature="user_should_be_on_checking_page()[pri:0, instance:tests.CheckingRelatedTest@1794d431]" name="user_should_be_on_checking_page" duration-ms="22515" started-at="2019-01-14T14:48:52Z" finished-at="2019-01-14T14:49:14Z">
          <reporter-output>
          </reporter-output>
        </test-method> <!-- user_should_be_on_checking_page -->
        <test-method status="PASS" signature="tearDown()[pri:0, instance:tests.CheckingRelatedTest@1794d431]" name="tearDown" is-config="true" duration-ms="1179" started-at="2019-01-14T14:49:14Z" finished-at="2019-01-14T14:49:15Z">
          <reporter-output>
          </reporter-output>
        </test-method> <!-- tearDown -->
      </class> <!-- tests.CheckingRelatedTest -->
    </test> <!-- Checking Windows Chrome -->
    <test name="Checking Mac Firefox" duration-ms="146613" started-at="2019-01-14T14:47:03Z" finished-at="2019-01-14T14:49:30Z">
      <class name="tests.CheckingRelatedTest">
        <test-method status="PASS" signature="setUp(java.lang.String, java.lang.String, java.lang.String, java.lang.reflect.Method)[pri:0, instance:tests.CheckingRelatedTest@1ce92674]" name="setUp" is-config="true" duration-ms="69980" started-at="2019-01-14T14:47:03Z" finished-at="2019-01-14T14:48:13Z">
          <params>
            <param index="0">
              <value>
                <![CDATA[Firefox]]>
              </value>
            </param>
            <param index="1">
              <value>
                <![CDATA[Any]]>
              </value>
            </param>
            <param index="2">
              <value>
                <![CDATA[Mac]]>
              </value>
            </param>
            <param index="3">
              <value>
                <![CDATA[public void tests.CheckingRelatedTest.user_should_be_on_checking_page()]]>
              </value>
            </param>
          </params>
          <reporter-output>
          </reporter-output>
        </test-method> <!-- setUp -->
        <test-method status="PASS" signature="setUpAllPages()[pri:0, instance:tests.CheckingRelatedTest@1ce92674]" name="setUpAllPages" is-config="true" duration-ms="46494" started-at="2019-01-14T14:48:13Z" finished-at="2019-01-14T14:49:00Z">
          <reporter-output>
          </reporter-output>
        </test-method> <!-- setUpAllPages -->
        <test-method status="FAIL" signature="user_should_be_on_checking_page()[pri:0, instance:tests.CheckingRelatedTest@1ce92674]" name="user_should_be_on_checking_page" duration-ms="21729" started-at="2019-01-14T14:49:00Z" finished-at="2019-01-14T14:49:21Z">
          <exception class="org.openqa.selenium.TimeoutException">
            <message>
              <![CDATA[Expected condition failed: waiting for element to be clickable: [[RemoteWebDriver: firefox on MAC (14e12d90-a151-c941-8101-08e9b46eea49)] -> xpath: //ul[@class='level-2  expanded']//span[text()='Banking']] (tried for 20 second(s) with 500 milliseconds interval)
Build info: version: '3.12.0', revision: '7c6e0b3', time: '2018-05-08T14:04:26.12Z'
System info: host: 'WINDOWS-KEN7H9H', ip: '192.168.0.15', os.name: 'Windows 10', os.arch: 'amd64', os.version: '10.0', java.version: '1.8.0_161'
Driver info: org.openqa.selenium.remote.RemoteWebDriver
Capabilities {acceptInsecureCerts: false, browserName: firefox, browserVersion: 61.0.1, javascriptEnabled: true, moz:accessibilityChecks: false, moz:headless: false, moz:processID: 12172.0, moz:profile: /var/folders/yk/mdlr7xzj1s5..., moz:useNonSpecCompliantPointerOrigin: false, moz:webdriverClick: true, pageLoadStrategy: normal, platform: MAC, platformName: MAC, platformVersion: 17.7.0, reportUrl: https://sales.experitest.co..., rotatable: false, sessionId: 14e12d90-a151-c941-8101-08e..., timeouts: {implicit: 0.0, pageLoad: 300000.0, script: 30000.0}}
Session ID: 14e12d90-a151-c941-8101-08e9b46eea49]]>
            </message>
            <full-stacktrace>
              <![CDATA[org.openqa.selenium.TimeoutException: Expected condition failed: waiting for element to be clickable: [[RemoteWebDriver: firefox on MAC (14e12d90-a151-c941-8101-08e9b46eea49)] -> xpath: //ul[@class='level-2  expanded']//span[text()='Banking']] (tried for 20 second(s) with 500 milliseconds interval)
Build info: version: '3.12.0', revision: '7c6e0b3', time: '2018-05-08T14:04:26.12Z'
System info: host: 'WINDOWS-KEN7H9H', ip: '192.168.0.15', os.name: 'Windows 10', os.arch: 'amd64', os.version: '10.0', java.version: '1.8.0_161'
Driver info: org.openqa.selenium.remote.RemoteWebDriver
Capabilities {acceptInsecureCerts: false, browserName: firefox, browserVersion: 61.0.1, javascriptEnabled: true, moz:accessibilityChecks: false, moz:headless: false, moz:processID: 12172.0, moz:profile: /var/folders/yk/mdlr7xzj1s5..., moz:useNonSpecCompliantPointerOrigin: false, moz:webdriverClick: true, pageLoadStrategy: normal, platform: MAC, platformName: MAC, platformVersion: 17.7.0, reportUrl: https://sales.experitest.co..., rotatable: false, sessionId: 14e12d90-a151-c941-8101-08e..., timeouts: {implicit: 0.0, pageLoad: 300000.0, script: 30000.0}}
Session ID: 14e12d90-a151-c941-8101-08e9b46eea49
at org.openqa.selenium.support.ui.WebDriverWait.timeoutException(WebDriverWait.java:81)
at org.openqa.selenium.support.ui.FluentWait.until(FluentWait.java:271)
at pages.BankingDropDownPage.hover_above_banking_dropdown_menu(BankingDropDownPage.java:28)
at tests.CheckingRelatedTest.user_should_be_on_checking_page(CheckingRelatedTest.java:29)
at sun.reflect.NativeMethodAccessorImpl.invoke0(Native Method)
at sun.reflect.NativeMethodAccessorImpl.invoke(NativeMethodAccessorImpl.java:62)
at sun.reflect.DelegatingMethodAccessorImpl.invoke(DelegatingMethodAccessorImpl.java:43)
at java.lang.reflect.Method.invoke(Method.java:498)
at org.testng.internal.MethodInvocationHelper.invokeMethod(MethodInvocationHelper.java:124)
at org.testng.internal.Invoker.invokeMethod(Invoker.java:583)
at org.testng.internal.Invoker.invokeTestMethod(Invoker.java:719)
at org.testng.internal.Invoker.invokeTestMethods(Invoker.java:989)
at org.testng.internal.TestMethodWorker.invokeTestMethods(TestMethodWorker.java:125)
at org.testng.internal.TestMethodWorker.run(TestMethodWorker.java:109)
at org.testng.TestRunner.privateRun(TestRunner.java:648)
at org.testng.TestRunner.run(TestRunner.java:505)
at org.testng.SuiteRunner.runTest(SuiteRunner.java:455)
at org.testng.SuiteRunner.access$000(SuiteRunner.java:40)
at org.testng.SuiteRunner$SuiteWorker.run(SuiteRunner.java:489)
at org.testng.internal.thread.ThreadUtil$1.call(ThreadUtil.java:52)
at java.util.concurrent.FutureTask.run(FutureTask.java:266)
at java.util.concurrent.ThreadPoolExecutor.runWorker(ThreadPoolExecutor.java:1149)
at java.util.concurrent.ThreadPoolExecutor$Worker.run(ThreadPoolExecutor.java:624)
at java.lang.Thread.run(Thread.java:748)
]]>
            </full-stacktrace>
          </exception> <!-- org.openqa.selenium.TimeoutException -->
          <reporter-output>
          </reporter-output>
        </test-method> <!-- user_should_be_on_checking_page -->
        <test-method status="PASS" signature="tearDown()[pri:0, instance:tests.CheckingRelatedTest@1ce92674]" name="tearDown" is-config="true" duration-ms="8408" started-at="2019-01-14T14:49:21Z" finished-at="2019-01-14T14:49:30Z">
          <reporter-output>
          </reporter-output>
        </test-method> <!-- tearDown -->
      </class> <!-- tests.CheckingRelatedTest -->
    </test> <!-- Checking Mac Firefox -->
    <test name="Savings Windows Chrome" duration-ms="85598" started-at="2019-01-14T14:48:07Z" finished-at="2019-01-14T14:49:33Z">
      <class name="tests.SavingsRelatedTest">
        <test-method status="PASS" signature="setUp(java.lang.String, java.lang.String, java.lang.String, java.lang.reflect.Method)[pri:0, instance:tests.SavingsRelatedTest@490ab905]" name="setUp" is-config="true" duration-ms="51348" started-at="2019-01-14T14:48:07Z" finished-at="2019-01-14T14:48:58Z">
          <params>
            <param index="0">
              <value>
                <![CDATA[Chrome]]>
              </value>
            </param>
            <param index="1">
              <value>
                <![CDATA[Any]]>
              </value>
            </param>
            <param index="2">
              <value>
                <![CDATA[Windows]]>
              </value>
            </param>
            <param index="3">
              <value>
                <![CDATA[public void tests.SavingsRelatedTest.user_should_be_on_savings_page()]]>
              </value>
            </param>
          </params>
          <reporter-output>
          </reporter-output>
        </test-method> <!-- setUp -->
        <test-method status="PASS" signature="setUpAllPages()[pri:0, instance:tests.SavingsRelatedTest@490ab905]" name="setUpAllPages" is-config="true" duration-ms="8109" started-at="2019-01-14T14:48:58Z" finished-at="2019-01-14T14:49:07Z">
          <reporter-output>
          </reporter-output>
        </test-method> <!-- setUpAllPages -->
        <test-method status="PASS" signature="user_should_be_on_savings_page()[pri:0, instance:tests.SavingsRelatedTest@490ab905]" name="user_should_be_on_savings_page" duration-ms="25585" started-at="2019-01-14T14:49:07Z" finished-at="2019-01-14T14:49:32Z">
          <reporter-output>
          </reporter-output>
        </test-method> <!-- user_should_be_on_savings_page -->
        <test-method status="PASS" signature="tearDown()[pri:0, instance:tests.SavingsRelatedTest@490ab905]" name="tearDown" is-config="true" duration-ms="555" started-at="2019-01-14T14:49:32Z" finished-at="2019-01-14T14:49:33Z">
          <reporter-output>
          </reporter-output>
        </test-method> <!-- tearDown -->
      </class> <!-- tests.SavingsRelatedTest -->
    </test> <!-- Savings Windows Chrome -->
    <test name="Savings Windows IE" duration-ms="52686" started-at="2019-01-14T14:48:45Z" finished-at="2019-01-14T14:49:38Z">
      <class name="tests.SavingsRelatedTest">
        <test-method status="PASS" signature="setUp(java.lang.String, java.lang.String, java.lang.String, java.lang.reflect.Method)[pri:0, instance:tests.SavingsRelatedTest@69ea3742]" name="setUp" is-config="true" duration-ms="5802" started-at="2019-01-14T14:48:45Z" finished-at="2019-01-14T14:48:51Z">
          <params>
            <param index="0">
              <value>
                <![CDATA[IE]]>
              </value>
            </param>
            <param index="1">
              <value>
                <![CDATA[Any]]>
              </value>
            </param>
            <param index="2">
              <value>
                <![CDATA[Windows]]>
              </value>
            </param>
            <param index="3">
              <value>
                <![CDATA[public void tests.SavingsRelatedTest.user_should_be_on_savings_page()]]>
              </value>
            </param>
          </params>
          <reporter-output>
          </reporter-output>
        </test-method> <!-- setUp -->
        <test-method status="PASS" signature="setUpAllPages()[pri:0, instance:tests.SavingsRelatedTest@69ea3742]" name="setUpAllPages" is-config="true" duration-ms="12525" started-at="2019-01-14T14:48:51Z" finished-at="2019-01-14T14:49:04Z">
          <reporter-output>
          </reporter-output>
        </test-method> <!-- setUpAllPages -->
        <test-method status="FAIL" signature="user_should_be_on_savings_page()[pri:0, instance:tests.SavingsRelatedTest@69ea3742]" name="user_should_be_on_savings_page" duration-ms="25798" started-at="2019-01-14T14:49:04Z" finished-at="2019-01-14T14:49:30Z">
          <exception class="org.openqa.selenium.NoSuchElementException">
            <message>
              <![CDATA[Unable to find element with xpath == //h3[text()='Is this your zip code?']
For documentation on this error, please visit: http://seleniumhq.org/exceptions/no_such_element.html
Build info: version: '3.6.0', revision: 'dcc5298898', time: '2018-11-11T14:34:33.499Z'
System info: host: 'SALES-SELENIUM', ip: '172.25.0.21', os.name: 'Windows NT (unknown)', os.arch: 'x86', os.version: '10.0', java.version: '1.8.0_121'
Driver info: driver.version: unknown
Command duration or timeout: 0 milliseconds]]>
            </message>
            <full-stacktrace>
              <![CDATA[org.openqa.selenium.NoSuchElementException: Unable to find element with xpath == //h3[text()='Is this your zip code?']
For documentation on this error, please visit: http://seleniumhq.org/exceptions/no_such_element.html
Build info: version: '3.6.0', revision: 'dcc5298898', time: '2018-11-11T14:34:33.499Z'
System info: host: 'SALES-SELENIUM', ip: '172.25.0.21', os.name: 'Windows NT (unknown)', os.arch: 'x86', os.version: '10.0', java.version: '1.8.0_121'
Driver info: driver.version: unknown
Command duration or timeout: 0 milliseconds
at sun.reflect.NativeConstructorAccessorImpl.newInstance0(Native Method)
at sun.reflect.NativeConstructorAccessorImpl.newInstance(NativeConstructorAccessorImpl.java:62)
at sun.reflect.DelegatingConstructorAccessorImpl.newInstance(DelegatingConstructorAccessorImpl.java:45)
at java.lang.reflect.Constructor.newInstance(Constructor.java:423)
at org.openqa.selenium.remote.ErrorHandler.createThrowable(ErrorHandler.java:214)
at org.openqa.selenium.remote.ErrorHandler.throwIfResponseFailed(ErrorHandler.java:166)
at org.openqa.selenium.remote.http.JsonHttpResponseCodec.reconstructValue(JsonHttpResponseCodec.java:40)
at org.openqa.selenium.remote.http.AbstractHttpResponseCodec.decode(AbstractHttpResponseCodec.java:80)
at org.openqa.selenium.remote.http.AbstractHttpResponseCodec.decode(AbstractHttpResponseCodec.java:44)
at org.openqa.selenium.remote.HttpCommandExecutor.execute(HttpCommandExecutor.java:158)
at org.openqa.selenium.remote.RemoteWebDriver.execute(RemoteWebDriver.java:543)
at org.openqa.selenium.remote.RemoteWebDriver.findElement(RemoteWebDriver.java:317)
at org.openqa.selenium.remote.RemoteWebDriver.findElementByXPath(RemoteWebDriver.java:419)
at org.openqa.selenium.By$ByXPath.findElement(By.java:353)
at org.openqa.selenium.remote.RemoteWebDriver.findElement(RemoteWebDriver.java:309)
at org.openqa.selenium.support.pagefactory.DefaultElementLocator.findElement(DefaultElementLocator.java:69)
at org.openqa.selenium.support.pagefactory.internal.LocatingElementHandler.invoke(LocatingElementHandler.java:38)
at com.sun.proxy.$Proxy10.isDisplayed(Unknown Source)
at pages.banking.SavingsMainPage.if_zip_code_is_present_then_handle(SavingsMainPage.java:28)
at tests.SavingsRelatedTest.user_should_be_on_savings_page(SavingsRelatedTest.java:32)
at sun.reflect.NativeMethodAccessorImpl.invoke0(Native Method)
at sun.reflect.NativeMethodAccessorImpl.invoke(NativeMethodAccessorImpl.java:62)
at sun.reflect.DelegatingMethodAccessorImpl.invoke(DelegatingMethodAccessorImpl.java:43)
at java.lang.reflect.Method.invoke(Method.java:498)
at org.testng.internal.MethodInvocationHelper.invokeMethod(MethodInvocationHelper.java:124)
at org.testng.internal.Invoker.invokeMethod(Invoker.java:583)
at org.testng.internal.Invoker.invokeTestMethod(Invoker.java:719)
at org.testng.internal.Invoker.invokeTestMethods(Invoker.java:989)
at org.testng.internal.TestMethodWorker.invokeTestMethods(TestMethodWorker.java:125)
at org.testng.internal.TestMethodWorker.run(TestMethodWorker.java:109)
at org.testng.TestRunner.privateRun(TestRunner.java:648)
at org.testng.TestRunner.run(TestRunner.java:505)
at org.testng.SuiteRunner.runTest(SuiteRunner.java:455)
at org.testng.SuiteRunner.access$000(SuiteRunner.java:40)
at org.testng.SuiteRunner$SuiteWorker.run(SuiteRunner.java:489)
at org.testng.internal.thread.ThreadUtil$1.call(ThreadUtil.java:52)
at java.util.concurrent.FutureTask.run(FutureTask.java:266)
at java.util.concurrent.ThreadPoolExecutor.runWorker(ThreadPoolExecutor.java:1149)
at java.util.concurrent.ThreadPoolExecutor$Worker.run(ThreadPoolExecutor.java:624)
at java.lang.Thread.run(Thread.java:748)
Caused by: org.openqa.selenium.NoSuchElementException: Unable to find element with xpath == //h3[text()='Is this your zip code?']
For documentation on this error, please visit: http://seleniumhq.org/exceptions/no_such_element.html
Build info: version: '3.6.0', revision: 'dcc5298898', time: '2018-11-11T14:34:33.499Z'
System info: host: 'SALES-SELENIUM', ip: '172.25.0.21', os.name: 'Windows NT (unknown)', os.arch: 'x86', os.version: '10.0', java.version: '1.8.0_121'
Driver info: driver.version: unknown
For documentation on this error, please visit: http://seleniumhq.org/exceptions/no_such_element.html
Build info: version: '3.12.0', revision: '7c6e0b3', time: '2018-05-08T14:04:26.12Z'
System info: host: 'WINDOWS-KEN7H9H', ip: '192.168.0.15', os.name: 'Windows 10', os.arch: 'amd64', os.version: '10.0', java.version: '1.8.0_161'
Driver info: driver.version: unknown
]]>
            </full-stacktrace>
          </exception> <!-- org.openqa.selenium.NoSuchElementException -->
          <reporter-output>
          </reporter-output>
        </test-method> <!-- user_should_be_on_savings_page -->
        <test-method status="PASS" signature="tearDown()[pri:0, instance:tests.SavingsRelatedTest@69ea3742]" name="tearDown" is-config="true" duration-ms="8559" started-at="2019-01-14T14:49:30Z" finished-at="2019-01-14T14:49:38Z">
          <reporter-output>
          </reporter-output>
        </test-method> <!-- tearDown -->
      </class> <!-- tests.SavingsRelatedTest -->
    </test> <!-- Savings Windows IE -->
    <test name="Search Mac Chrome" duration-ms="162597" started-at="2019-01-14T14:47:03Z" finished-at="2019-01-14T14:49:46Z">
      <class name="tests.SearchResultsTest">
        <test-method status="PASS" signature="setUp(java.lang.String, java.lang.String, java.lang.String, java.lang.reflect.Method)[pri:0, instance:tests.SearchResultsTest@42d80b78]" name="setUp" is-config="true" duration-ms="20666" started-at="2019-01-14T14:47:03Z" finished-at="2019-01-14T14:47:24Z">
          <params>
            <param index="0">
              <value>
                <![CDATA[Chrome]]>
              </value>
            </param>
            <param index="1">
              <value>
                <![CDATA[Any]]>
              </value>
            </param>
            <param index="2">
              <value>
                <![CDATA[Mac]]>
              </value>
            </param>
            <param index="3">
              <value>
                <![CDATA[public void tests.SearchResultsTest.verify_item_displayed_in_search_results_list()]]>
              </value>
            </param>
          </params>
          <reporter-output>
          </reporter-output>
        </test-method> <!-- setUp -->
        <test-method status="PASS" signature="setUpAllPages()[pri:0, instance:tests.SearchResultsTest@42d80b78]" name="setUpAllPages" is-config="true" duration-ms="65611" started-at="2019-01-14T14:47:24Z" finished-at="2019-01-14T14:48:30Z">
          <reporter-output>
          </reporter-output>
        </test-method> <!-- setUpAllPages -->
        <test-method status="PASS" signature="verify_item_displayed_in_search_results_list()[pri:0, instance:tests.SearchResultsTest@42d80b78]" name="verify_item_displayed_in_search_results_list" duration-ms="75796" started-at="2019-01-14T14:48:30Z" finished-at="2019-01-14T14:49:45Z">
          <reporter-output>
          </reporter-output>
        </test-method> <!-- verify_item_displayed_in_search_results_list -->
        <test-method status="PASS" signature="tearDown()[pri:0, instance:tests.SearchResultsTest@42d80b78]" name="tearDown" is-config="true" duration-ms="524" started-at="2019-01-14T14:49:45Z" finished-at="2019-01-14T14:49:46Z">
          <reporter-output>
          </reporter-output>
        </test-method> <!-- tearDown -->
      </class> <!-- tests.SearchResultsTest -->
    </test> <!-- Search Mac Chrome -->
    <test name="Credit Cards Windows Chrome" duration-ms="49581" started-at="2019-01-14T14:49:30Z" finished-at="2019-01-14T14:50:19Z">
      <class name="tests.CreditCardsRelatedTest">
        <test-method status="PASS" signature="setUp(java.lang.String, java.lang.String, java.lang.String, java.lang.reflect.Method)[pri:0, instance:tests.CreditCardsRelatedTest@5ce81285]" name="setUp" is-config="true" duration-ms="9129" started-at="2019-01-14T14:49:30Z" finished-at="2019-01-14T14:49:39Z">
          <params>
            <param index="0">
              <value>
                <![CDATA[Chrome]]>
              </value>
            </param>
            <param index="1">
              <value>
                <![CDATA[Any]]>
              </value>
            </param>
            <param index="2">
              <value>
                <![CDATA[Windows]]>
              </value>
            </param>
            <param index="3">
              <value>
                <![CDATA[public void tests.CreditCardsRelatedTest.user_should_be_on_credit_cards_page()]]>
              </value>
            </param>
          </params>
          <reporter-output>
          </reporter-output>
        </test-method> <!-- setUp -->
        <test-method status="PASS" signature="setUpAllPages()[pri:0, instance:tests.CreditCardsRelatedTest@5ce81285]" name="setUpAllPages" is-config="true" duration-ms="12487" started-at="2019-01-14T14:49:39Z" finished-at="2019-01-14T14:49:52Z">
          <reporter-output>
          </reporter-output>
        </test-method> <!-- setUpAllPages -->
        <test-method status="PASS" signature="user_should_be_on_credit_cards_page()[pri:0, instance:tests.CreditCardsRelatedTest@5ce81285]" name="user_should_be_on_credit_cards_page" duration-ms="25886" started-at="2019-01-14T14:49:52Z" finished-at="2019-01-14T14:50:17Z">
          <reporter-output>
          </reporter-output>
        </test-method> <!-- user_should_be_on_credit_cards_page -->
        <test-method status="PASS" signature="tearDown()[pri:0, instance:tests.CreditCardsRelatedTest@5ce81285]" name="tearDown" is-config="true" duration-ms="2078" started-at="2019-01-14T14:50:17Z" finished-at="2019-01-14T14:50:19Z">
          <reporter-output>
          </reporter-output>
        </test-method> <!-- tearDown -->
      </class> <!-- tests.CreditCardsRelatedTest -->
    </test> <!-- Credit Cards Windows Chrome -->
    <test name="Savings Mac Firefox" duration-ms="64728" started-at="2019-01-14T14:49:15Z" finished-at="2019-01-14T14:50:20Z">
      <class name="tests.SavingsRelatedTest">
        <test-method status="PASS" signature="setUp(java.lang.String, java.lang.String, java.lang.String, java.lang.reflect.Method)[pri:0, instance:tests.SavingsRelatedTest@544fe44c]" name="setUp" is-config="true" duration-ms="33163" started-at="2019-01-14T14:49:15Z" finished-at="2019-01-14T14:49:49Z">
          <params>
            <param index="0">
              <value>
                <![CDATA[Firefox]]>
              </value>
            </param>
            <param index="1">
              <value>
                <![CDATA[Any]]>
              </value>
            </param>
            <param index="2">
              <value>
                <![CDATA[Mac]]>
              </value>
            </param>
            <param index="3">
              <value>
                <![CDATA[public void tests.SavingsRelatedTest.user_should_be_on_savings_page()]]>
              </value>
            </param>
          </params>
          <reporter-output>
          </reporter-output>
        </test-method> <!-- setUp -->
        <test-method status="PASS" signature="setUpAllPages()[pri:0, instance:tests.SavingsRelatedTest@544fe44c]" name="setUpAllPages" is-config="true" duration-ms="9392" started-at="2019-01-14T14:49:49Z" finished-at="2019-01-14T14:49:58Z">
          <reporter-output>
          </reporter-output>
        </test-method> <!-- setUpAllPages -->
        <test-method status="FAIL" signature="user_should_be_on_savings_page()[pri:0, instance:tests.SavingsRelatedTest@544fe44c]" name="user_should_be_on_savings_page" duration-ms="20706" started-at="2019-01-14T14:49:58Z" finished-at="2019-01-14T14:50:19Z">
          <exception class="org.openqa.selenium.TimeoutException">
            <message>
              <![CDATA[Expected condition failed: waiting for element to be clickable: [[RemoteWebDriver: firefox on MAC (dbf35591-f32d-114a-9e23-1b760ed8096d)] -> xpath: //ul[@class='level-2  expanded']//span[text()='Banking']] (tried for 20 second(s) with 500 milliseconds interval)
Build info: version: '3.12.0', revision: '7c6e0b3', time: '2018-05-08T14:04:26.12Z'
System info: host: 'WINDOWS-KEN7H9H', ip: '192.168.0.15', os.name: 'Windows 10', os.arch: 'amd64', os.version: '10.0', java.version: '1.8.0_161'
Driver info: org.openqa.selenium.remote.RemoteWebDriver
Capabilities {acceptInsecureCerts: false, browserName: firefox, browserVersion: 60.0.2, javascriptEnabled: true, moz:accessibilityChecks: false, moz:headless: false, moz:processID: 12570.0, moz:profile: /var/folders/yk/mdlr7xzj1s5..., moz:useNonSpecCompliantPointerOrigin: false, moz:webdriverClick: true, pageLoadStrategy: normal, platform: MAC, platformName: MAC, platformVersion: 17.7.0, reportUrl: https://sales.experitest.co..., rotatable: false, sessionId: dbf35591-f32d-114a-9e23-1b7..., timeouts: {implicit: 0.0, pageLoad: 300000.0, script: 30000.0}}
Session ID: dbf35591-f32d-114a-9e23-1b760ed8096d]]>
            </message>
            <full-stacktrace>
              <![CDATA[org.openqa.selenium.TimeoutException: Expected condition failed: waiting for element to be clickable: [[RemoteWebDriver: firefox on MAC (dbf35591-f32d-114a-9e23-1b760ed8096d)] -> xpath: //ul[@class='level-2  expanded']//span[text()='Banking']] (tried for 20 second(s) with 500 milliseconds interval)
Build info: version: '3.12.0', revision: '7c6e0b3', time: '2018-05-08T14:04:26.12Z'
System info: host: 'WINDOWS-KEN7H9H', ip: '192.168.0.15', os.name: 'Windows 10', os.arch: 'amd64', os.version: '10.0', java.version: '1.8.0_161'
Driver info: org.openqa.selenium.remote.RemoteWebDriver
Capabilities {acceptInsecureCerts: false, browserName: firefox, browserVersion: 60.0.2, javascriptEnabled: true, moz:accessibilityChecks: false, moz:headless: false, moz:processID: 12570.0, moz:profile: /var/folders/yk/mdlr7xzj1s5..., moz:useNonSpecCompliantPointerOrigin: false, moz:webdriverClick: true, pageLoadStrategy: normal, platform: MAC, platformName: MAC, platformVersion: 17.7.0, reportUrl: https://sales.experitest.co..., rotatable: false, sessionId: dbf35591-f32d-114a-9e23-1b7..., timeouts: {implicit: 0.0, pageLoad: 300000.0, script: 30000.0}}
Session ID: dbf35591-f32d-114a-9e23-1b760ed8096d
at org.openqa.selenium.support.ui.WebDriverWait.timeoutException(WebDriverWait.java:81)
at org.openqa.selenium.support.ui.FluentWait.until(FluentWait.java:271)
at pages.BankingDropDownPage.hover_above_banking_dropdown_menu(BankingDropDownPage.java:28)
at tests.SavingsRelatedTest.user_should_be_on_savings_page(SavingsRelatedTest.java:29)
at sun.reflect.NativeMethodAccessorImpl.invoke0(Native Method)
at sun.reflect.NativeMethodAccessorImpl.invoke(NativeMethodAccessorImpl.java:62)
at sun.reflect.DelegatingMethodAccessorImpl.invoke(DelegatingMethodAccessorImpl.java:43)
at java.lang.reflect.Method.invoke(Method.java:498)
at org.testng.internal.MethodInvocationHelper.invokeMethod(MethodInvocationHelper.java:124)
at org.testng.internal.Invoker.invokeMethod(Invoker.java:583)
at org.testng.internal.Invoker.invokeTestMethod(Invoker.java:719)
at org.testng.internal.Invoker.invokeTestMethods(Invoker.java:989)
at org.testng.internal.TestMethodWorker.invokeTestMethods(TestMethodWorker.java:125)
at org.testng.internal.TestMethodWorker.run(TestMethodWorker.java:109)
at org.testng.TestRunner.privateRun(TestRunner.java:648)
at org.testng.TestRunner.run(TestRunner.java:505)
at org.testng.SuiteRunner.runTest(SuiteRunner.java:455)
at org.testng.SuiteRunner.access$000(SuiteRunner.java:40)
at org.testng.SuiteRunner$SuiteWorker.run(SuiteRunner.java:489)
at org.testng.internal.thread.ThreadUtil$1.call(ThreadUtil.java:52)
at java.util.concurrent.FutureTask.run(FutureTask.java:266)
at java.util.concurrent.ThreadPoolExecutor.runWorker(ThreadPoolExecutor.java:1149)
at java.util.concurrent.ThreadPoolExecutor$Worker.run(ThreadPoolExecutor.java:624)
at java.lang.Thread.run(Thread.java:748)
]]>
            </full-stacktrace>
          </exception> <!-- org.openqa.selenium.TimeoutException -->
          <reporter-output>
          </reporter-output>
        </test-method> <!-- user_should_be_on_savings_page -->
        <test-method status="PASS" signature="tearDown()[pri:0, instance:tests.SavingsRelatedTest@544fe44c]" name="tearDown" is-config="true" duration-ms="1466" started-at="2019-01-14T14:50:19Z" finished-at="2019-01-14T14:50:20Z">
          <reporter-output>
          </reporter-output>
        </test-method> <!-- tearDown -->
      </class> <!-- tests.SavingsRelatedTest -->
    </test> <!-- Savings Mac Firefox -->
    <test name="Search Windows Firefox" duration-ms="212002" started-at="2019-01-14T14:47:03Z" finished-at="2019-01-14T14:50:35Z">
      <class name="tests.SearchResultsTest">
        <test-method status="PASS" signature="setUp(java.lang.String, java.lang.String, java.lang.String, java.lang.reflect.Method)[pri:0, instance:tests.SearchResultsTest@14acaea5]" name="setUp" is-config="true" duration-ms="160142" started-at="2019-01-14T14:47:03Z" finished-at="2019-01-14T14:49:43Z">
          <params>
            <param index="0">
              <value>
                <![CDATA[Firefox]]>
              </value>
            </param>
            <param index="1">
              <value>
                <![CDATA[Any]]>
              </value>
            </param>
            <param index="2">
              <value>
                <![CDATA[Windows]]>
              </value>
            </param>
            <param index="3">
              <value>
                <![CDATA[public void tests.SearchResultsTest.verify_item_displayed_in_search_results_list()]]>
              </value>
            </param>
          </params>
          <reporter-output>
          </reporter-output>
        </test-method> <!-- setUp -->
        <test-method status="PASS" signature="setUpAllPages()[pri:0, instance:tests.SearchResultsTest@14acaea5]" name="setUpAllPages" is-config="true" duration-ms="19581" started-at="2019-01-14T14:49:43Z" finished-at="2019-01-14T14:50:03Z">
          <reporter-output>
          </reporter-output>
        </test-method> <!-- setUpAllPages -->
        <test-method status="PASS" signature="verify_item_displayed_in_search_results_list()[pri:0, instance:tests.SearchResultsTest@14acaea5]" name="verify_item_displayed_in_search_results_list" duration-ms="30698" started-at="2019-01-14T14:50:03Z" finished-at="2019-01-14T14:50:34Z">
          <reporter-output>
          </reporter-output>
        </test-method> <!-- verify_item_displayed_in_search_results_list -->
        <test-method status="PASS" signature="tearDown()[pri:0, instance:tests.SearchResultsTest@14acaea5]" name="tearDown" is-config="true" duration-ms="1581" started-at="2019-01-14T14:50:34Z" finished-at="2019-01-14T14:50:35Z">
          <reporter-output>
          </reporter-output>
        </test-method> <!-- tearDown -->
      </class> <!-- tests.SearchResultsTest -->
    </test> <!-- Search Windows Firefox -->
    <test name="Checking Mac Chrome" duration-ms="212280" started-at="2019-01-14T14:47:03Z" finished-at="2019-01-14T14:50:36Z">
      <class name="tests.CheckingRelatedTest">
        <test-method status="PASS" signature="setUp(java.lang.String, java.lang.String, java.lang.String, java.lang.reflect.Method)[pri:0, instance:tests.CheckingRelatedTest@6500df86]" name="setUp" is-config="true" duration-ms="166210" started-at="2019-01-14T14:47:03Z" finished-at="2019-01-14T14:49:49Z">
          <params>
            <param index="0">
              <value>
                <![CDATA[Chrome]]>
              </value>
            </param>
            <param index="1">
              <value>
                <![CDATA[Any]]>
              </value>
            </param>
            <param index="2">
              <value>
                <![CDATA[Mac]]>
              </value>
            </param>
            <param index="3">
              <value>
                <![CDATA[public void tests.CheckingRelatedTest.user_should_be_on_checking_page()]]>
              </value>
            </param>
          </params>
          <reporter-output>
          </reporter-output>
        </test-method> <!-- setUp -->
        <test-method status="PASS" signature="setUpAllPages()[pri:0, instance:tests.CheckingRelatedTest@6500df86]" name="setUpAllPages" is-config="true" duration-ms="22132" started-at="2019-01-14T14:49:49Z" finished-at="2019-01-14T14:50:12Z">
          <reporter-output>
          </reporter-output>
        </test-method> <!-- setUpAllPages -->
        <test-method status="PASS" signature="user_should_be_on_checking_page()[pri:0, instance:tests.CheckingRelatedTest@6500df86]" name="user_should_be_on_checking_page" duration-ms="22979" started-at="2019-01-14T14:50:12Z" finished-at="2019-01-14T14:50:35Z">
          <reporter-output>
          </reporter-output>
        </test-method> <!-- user_should_be_on_checking_page -->
        <test-method status="PASS" signature="tearDown()[pri:0, instance:tests.CheckingRelatedTest@6500df86]" name="tearDown" is-config="true" duration-ms="958" started-at="2019-01-14T14:50:35Z" finished-at="2019-01-14T14:50:36Z">
          <reporter-output>
          </reporter-output>
        </test-method> <!-- tearDown -->
      </class> <!-- tests.CheckingRelatedTest -->
    </test> <!-- Checking Mac Chrome -->
    <test name="Credit Cards Windows IE" duration-ms="68503" started-at="2019-01-14T14:49:38Z" finished-at="2019-01-14T14:50:47Z">
      <class name="tests.CreditCardsRelatedTest">
        <test-method status="PASS" signature="setUp(java.lang.String, java.lang.String, java.lang.String, java.lang.reflect.Method)[pri:0, instance:tests.CreditCardsRelatedTest@13a5fe33]" name="setUp" is-config="true" duration-ms="6450" started-at="2019-01-14T14:49:38Z" finished-at="2019-01-14T14:49:45Z">
          <params>
            <param index="0">
              <value>
                <![CDATA[IE]]>
              </value>
            </param>
            <param index="1">
              <value>
                <![CDATA[Any]]>
              </value>
            </param>
            <param index="2">
              <value>
                <![CDATA[Windows]]>
              </value>
            </param>
            <param index="3">
              <value>
                <![CDATA[public void tests.CreditCardsRelatedTest.user_should_be_on_credit_cards_page()]]>
              </value>
            </param>
          </params>
          <reporter-output>
          </reporter-output>
        </test-method> <!-- setUp -->
        <test-method status="PASS" signature="setUpAllPages()[pri:0, instance:tests.CreditCardsRelatedTest@13a5fe33]" name="setUpAllPages" is-config="true" duration-ms="11120" started-at="2019-01-14T14:49:45Z" finished-at="2019-01-14T14:49:56Z">
          <reporter-output>
          </reporter-output>
        </test-method> <!-- setUpAllPages -->
        <test-method status="FAIL" signature="user_should_be_on_credit_cards_page()[pri:0, instance:tests.CreditCardsRelatedTest@13a5fe33]" name="user_should_be_on_credit_cards_page" duration-ms="50216" started-at="2019-01-14T14:49:56Z" finished-at="2019-01-14T14:50:46Z">
          <exception class="org.openqa.selenium.TimeoutException">
            <message>
              <![CDATA[Expected condition failed: waiting for visibility of [[RemoteWebDriver: internet explorer on WINDOWS (8ad082b2-0634-41cd-9469-80a0a8d983f6)] -> xpath: //a[text()='Compare Our Credit Cards']] (tried for 20 second(s) with 500 milliseconds interval)
Build info: version: '3.12.0', revision: '7c6e0b3', time: '2018-05-08T14:04:26.12Z'
System info: host: 'WINDOWS-KEN7H9H', ip: '192.168.0.15', os.name: 'Windows 10', os.arch: 'amd64', os.version: '10.0', java.version: '1.8.0_161'
Driver info: org.openqa.selenium.remote.RemoteWebDriver
Capabilities {acceptInsecureCerts: false, browserName: internet explorer, browserVersion: 11, javascriptEnabled: true, pageLoadStrategy: normal, platform: WINDOWS, platformName: WINDOWS, proxy: Proxy(), reportUrl: https://sales.experitest.co..., se:ieOptions: {browserAttachTimeout: 0.0, elementScrollBehavior: 0.0, enablePersistentHover: true, ie.browserCommandLineSwitches: , ie.ensureCleanSession: false, ie.fileUploadDialogTimeout: 3000.0, ie.forceCreateProcessApi: false, ignoreProtectedModeSettings: false, ignoreZoomSetting: false, initialBrowserUrl: http://localhost:24798/, nativeEvents: true, requireWindowFocus: false}, sessionId: 8ad082b2-0634-41cd-9469-80a..., setWindowRect: true, timeouts: {implicit: 0.0, pageLoad: 300000.0, script: 30000.0}, unhandledPromptBehavior: dismiss}
Session ID: 8ad082b2-0634-41cd-9469-80a0a8d983f6]]>
            </message>
            <full-stacktrace>
              <![CDATA[org.openqa.selenium.TimeoutException: Expected condition failed: waiting for visibility of [[RemoteWebDriver: internet explorer on WINDOWS (8ad082b2-0634-41cd-9469-80a0a8d983f6)] -> xpath: //a[text()='Compare Our Credit Cards']] (tried for 20 second(s) with 500 milliseconds interval)
Build info: version: '3.12.0', revision: '7c6e0b3', time: '2018-05-08T14:04:26.12Z'
System info: host: 'WINDOWS-KEN7H9H', ip: '192.168.0.15', os.name: 'Windows 10', os.arch: 'amd64', os.version: '10.0', java.version: '1.8.0_161'
Driver info: org.openqa.selenium.remote.RemoteWebDriver
Capabilities {acceptInsecureCerts: false, browserName: internet explorer, browserVersion: 11, javascriptEnabled: true, pageLoadStrategy: normal, platform: WINDOWS, platformName: WINDOWS, proxy: Proxy(), reportUrl: https://sales.experitest.co..., se:ieOptions: {browserAttachTimeout: 0.0, elementScrollBehavior: 0.0, enablePersistentHover: true, ie.browserCommandLineSwitches: , ie.ensureCleanSession: false, ie.fileUploadDialogTimeout: 3000.0, ie.forceCreateProcessApi: false, ignoreProtectedModeSettings: false, ignoreZoomSetting: false, initialBrowserUrl: http://localhost:24798/, nativeEvents: true, requireWindowFocus: false}, sessionId: 8ad082b2-0634-41cd-9469-80a..., setWindowRect: true, timeouts: {implicit: 0.0, pageLoad: 300000.0, script: 30000.0}, unhandledPromptBehavior: dismiss}
Session ID: 8ad082b2-0634-41cd-9469-80a0a8d983f6
at org.openqa.selenium.support.ui.WebDriverWait.timeoutException(WebDriverWait.java:81)
at org.openqa.selenium.support.ui.FluentWait.until(FluentWait.java:271)
at pages.banking.CreditCardsMainPage.verify_user_is_on_main_personal_credit_cards_accounts_page(CreditCardsMainPage.java:25)
at tests.CreditCardsRelatedTest.user_should_be_on_credit_cards_page(CreditCardsRelatedTest.java:32)
at sun.reflect.NativeMethodAccessorImpl.invoke0(Native Method)
at sun.reflect.NativeMethodAccessorImpl.invoke(NativeMethodAccessorImpl.java:62)
at sun.reflect.DelegatingMethodAccessorImpl.invoke(DelegatingMethodAccessorImpl.java:43)
at java.lang.reflect.Method.invoke(Method.java:498)
at org.testng.internal.MethodInvocationHelper.invokeMethod(MethodInvocationHelper.java:124)
at org.testng.internal.Invoker.invokeMethod(Invoker.java:583)
at org.testng.internal.Invoker.invokeTestMethod(Invoker.java:719)
at org.testng.internal.Invoker.invokeTestMethods(Invoker.java:989)
at org.testng.internal.TestMethodWorker.invokeTestMethods(TestMethodWorker.java:125)
at org.testng.internal.TestMethodWorker.run(TestMethodWorker.java:109)
at org.testng.TestRunner.privateRun(TestRunner.java:648)
at org.testng.TestRunner.run(TestRunner.java:505)
at org.testng.SuiteRunner.runTest(SuiteRunner.java:455)
at org.testng.SuiteRunner.access$000(SuiteRunner.java:40)
at org.testng.SuiteRunner$SuiteWorker.run(SuiteRunner.java:489)
at org.testng.internal.thread.ThreadUtil$1.call(ThreadUtil.java:52)
at java.util.concurrent.FutureTask.run(FutureTask.java:266)
at java.util.concurrent.ThreadPoolExecutor.runWorker(ThreadPoolExecutor.java:1149)
at java.util.concurrent.ThreadPoolExecutor$Worker.run(ThreadPoolExecutor.java:624)
at java.lang.Thread.run(Thread.java:748)
]]>
            </full-stacktrace>
          </exception> <!-- org.openqa.selenium.TimeoutException -->
          <reporter-output>
          </reporter-output>
        </test-method> <!-- user_should_be_on_credit_cards_page -->
        <test-method status="PASS" signature="tearDown()[pri:0, instance:tests.CreditCardsRelatedTest@13a5fe33]" name="tearDown" is-config="true" duration-ms="715" started-at="2019-01-14T14:50:46Z" finished-at="2019-01-14T14:50:47Z">
          <reporter-output>
          </reporter-output>
        </test-method> <!-- tearDown -->
      </class> <!-- tests.CreditCardsRelatedTest -->
    </test> <!-- Credit Cards Windows IE -->
    <test name="Credit Cards Mac Chrome" duration-ms="36765" started-at="2019-01-14T14:50:19Z" finished-at="2019-01-14T14:50:56Z">
      <class name="tests.CreditCardsRelatedTest">
        <test-method status="PASS" signature="setUp(java.lang.String, java.lang.String, java.lang.String, java.lang.reflect.Method)[pri:0, instance:tests.CreditCardsRelatedTest@eec5a4a]" name="setUp" is-config="true" duration-ms="7005" started-at="2019-01-14T14:50:19Z" finished-at="2019-01-14T14:50:26Z">
          <params>
            <param index="0">
              <value>
                <![CDATA[Chrome]]>
              </value>
            </param>
            <param index="1">
              <value>
                <![CDATA[Any]]>
              </value>
            </param>
            <param index="2">
              <value>
                <![CDATA[Mac]]>
              </value>
            </param>
            <param index="3">
              <value>
                <![CDATA[public void tests.CreditCardsRelatedTest.user_should_be_on_credit_cards_page()]]>
              </value>
            </param>
          </params>
          <reporter-output>
          </reporter-output>
        </test-method> <!-- setUp -->
        <test-method status="PASS" signature="setUpAllPages()[pri:0, instance:tests.CreditCardsRelatedTest@eec5a4a]" name="setUpAllPages" is-config="true" duration-ms="9708" started-at="2019-01-14T14:50:26Z" finished-at="2019-01-14T14:50:36Z">
          <reporter-output>
          </reporter-output>
        </test-method> <!-- setUpAllPages -->
        <test-method status="PASS" signature="user_should_be_on_credit_cards_page()[pri:0, instance:tests.CreditCardsRelatedTest@eec5a4a]" name="user_should_be_on_credit_cards_page" duration-ms="19598" started-at="2019-01-14T14:50:36Z" finished-at="2019-01-14T14:50:56Z">
          <reporter-output>
          </reporter-output>
        </test-method> <!-- user_should_be_on_credit_cards_page -->
        <test-method status="PASS" signature="tearDown()[pri:0, instance:tests.CreditCardsRelatedTest@eec5a4a]" name="tearDown" is-config="true" duration-ms="452" started-at="2019-01-14T14:50:56Z" finished-at="2019-01-14T14:50:56Z">
          <reporter-output>
          </reporter-output>
        </test-method> <!-- tearDown -->
      </class> <!-- tests.CreditCardsRelatedTest -->
    </test> <!-- Credit Cards Mac Chrome -->
    <test name="Savings Mac Chrome" duration-ms="124015" started-at="2019-01-14T14:48:59Z" finished-at="2019-01-14T14:51:03Z">
      <class name="tests.SavingsRelatedTest">
        <test-method status="PASS" signature="setUp(java.lang.String, java.lang.String, java.lang.String, java.lang.reflect.Method)[pri:0, instance:tests.SavingsRelatedTest@6e1ec318]" name="setUp" is-config="true" duration-ms="61600" started-at="2019-01-14T14:48:59Z" finished-at="2019-01-14T14:50:00Z">
          <params>
            <param index="0">
              <value>
                <![CDATA[Chrome]]>
              </value>
            </param>
            <param index="1">
              <value>
                <![CDATA[Any]]>
              </value>
            </param>
            <param index="2">
              <value>
                <![CDATA[Mac]]>
              </value>
            </param>
            <param index="3">
              <value>
                <![CDATA[public void tests.SavingsRelatedTest.user_should_be_on_savings_page()]]>
              </value>
            </param>
          </params>
          <reporter-output>
          </reporter-output>
        </test-method> <!-- setUp -->
        <test-method status="PASS" signature="setUpAllPages()[pri:0, instance:tests.SavingsRelatedTest@6e1ec318]" name="setUpAllPages" is-config="true" duration-ms="24993" started-at="2019-01-14T14:50:00Z" finished-at="2019-01-14T14:50:25Z">
          <reporter-output>
          </reporter-output>
        </test-method> <!-- setUpAllPages -->
        <test-method status="PASS" signature="user_should_be_on_savings_page()[pri:0, instance:tests.SavingsRelatedTest@6e1ec318]" name="user_should_be_on_savings_page" duration-ms="36980" started-at="2019-01-14T14:50:25Z" finished-at="2019-01-14T14:51:02Z">
          <reporter-output>
          </reporter-output>
        </test-method> <!-- user_should_be_on_savings_page -->
        <test-method status="PASS" signature="tearDown()[pri:0, instance:tests.SavingsRelatedTest@6e1ec318]" name="tearDown" is-config="true" duration-ms="442" started-at="2019-01-14T14:51:02Z" finished-at="2019-01-14T14:51:03Z">
          <reporter-output>
          </reporter-output>
        </test-method> <!-- tearDown -->
      </class> <!-- tests.SavingsRelatedTest -->
    </test> <!-- Savings Mac Chrome -->
    <test name="Credit Cards Mac Firefox" duration-ms="69115" started-at="2019-01-14T14:50:20Z" finished-at="2019-01-14T14:51:29Z">
      <class name="tests.CreditCardsRelatedTest">
        <test-method status="PASS" signature="setUp(java.lang.String, java.lang.String, java.lang.String, java.lang.reflect.Method)[pri:0, instance:tests.CreditCardsRelatedTest@369f73a2]" name="setUp" is-config="true" duration-ms="36235" started-at="2019-01-14T14:50:20Z" finished-at="2019-01-14T14:50:56Z">
          <params>
            <param index="0">
              <value>
                <![CDATA[Firefox]]>
              </value>
            </param>
            <param index="1">
              <value>
                <![CDATA[Any]]>
              </value>
            </param>
            <param index="2">
              <value>
                <![CDATA[Mac]]>
              </value>
            </param>
            <param index="3">
              <value>
                <![CDATA[public void tests.CreditCardsRelatedTest.user_should_be_on_credit_cards_page()]]>
              </value>
            </param>
          </params>
          <reporter-output>
          </reporter-output>
        </test-method> <!-- setUp -->
        <test-method status="PASS" signature="setUpAllPages()[pri:0, instance:tests.CreditCardsRelatedTest@369f73a2]" name="setUpAllPages" is-config="true" duration-ms="10034" started-at="2019-01-14T14:50:56Z" finished-at="2019-01-14T14:51:06Z">
          <reporter-output>
          </reporter-output>
        </test-method> <!-- setUpAllPages -->
        <test-method status="FAIL" signature="user_should_be_on_credit_cards_page()[pri:0, instance:tests.CreditCardsRelatedTest@369f73a2]" name="user_should_be_on_credit_cards_page" duration-ms="20732" started-at="2019-01-14T14:51:06Z" finished-at="2019-01-14T14:51:27Z">
          <exception class="org.openqa.selenium.TimeoutException">
            <message>
              <![CDATA[Expected condition failed: waiting for element to be clickable: [[RemoteWebDriver: firefox on MAC (dba257ac-4569-e944-b8fc-e1aad39a332b)] -> xpath: //ul[@class='level-2  expanded']//span[text()='Banking']] (tried for 20 second(s) with 500 milliseconds interval)
Build info: version: '3.12.0', revision: '7c6e0b3', time: '2018-05-08T14:04:26.12Z'
System info: host: 'WINDOWS-KEN7H9H', ip: '192.168.0.15', os.name: 'Windows 10', os.arch: 'amd64', os.version: '10.0', java.version: '1.8.0_161'
Driver info: org.openqa.selenium.remote.RemoteWebDriver
Capabilities {acceptInsecureCerts: false, browserName: firefox, browserVersion: 61.0.1, javascriptEnabled: true, moz:accessibilityChecks: false, moz:headless: false, moz:processID: 12759.0, moz:profile: /var/folders/yk/mdlr7xzj1s5..., moz:useNonSpecCompliantPointerOrigin: false, moz:webdriverClick: true, pageLoadStrategy: normal, platform: MAC, platformName: MAC, platformVersion: 17.7.0, reportUrl: https://sales.experitest.co..., rotatable: false, sessionId: dba257ac-4569-e944-b8fc-e1a..., timeouts: {implicit: 0.0, pageLoad: 300000.0, script: 30000.0}}
Session ID: dba257ac-4569-e944-b8fc-e1aad39a332b]]>
            </message>
            <full-stacktrace>
              <![CDATA[org.openqa.selenium.TimeoutException: Expected condition failed: waiting for element to be clickable: [[RemoteWebDriver: firefox on MAC (dba257ac-4569-e944-b8fc-e1aad39a332b)] -> xpath: //ul[@class='level-2  expanded']//span[text()='Banking']] (tried for 20 second(s) with 500 milliseconds interval)
Build info: version: '3.12.0', revision: '7c6e0b3', time: '2018-05-08T14:04:26.12Z'
System info: host: 'WINDOWS-KEN7H9H', ip: '192.168.0.15', os.name: 'Windows 10', os.arch: 'amd64', os.version: '10.0', java.version: '1.8.0_161'
Driver info: org.openqa.selenium.remote.RemoteWebDriver
Capabilities {acceptInsecureCerts: false, browserName: firefox, browserVersion: 61.0.1, javascriptEnabled: true, moz:accessibilityChecks: false, moz:headless: false, moz:processID: 12759.0, moz:profile: /var/folders/yk/mdlr7xzj1s5..., moz:useNonSpecCompliantPointerOrigin: false, moz:webdriverClick: true, pageLoadStrategy: normal, platform: MAC, platformName: MAC, platformVersion: 17.7.0, reportUrl: https://sales.experitest.co..., rotatable: false, sessionId: dba257ac-4569-e944-b8fc-e1a..., timeouts: {implicit: 0.0, pageLoad: 300000.0, script: 30000.0}}
Session ID: dba257ac-4569-e944-b8fc-e1aad39a332b
at org.openqa.selenium.support.ui.WebDriverWait.timeoutException(WebDriverWait.java:81)
at org.openqa.selenium.support.ui.FluentWait.until(FluentWait.java:271)
at pages.BankingDropDownPage.hover_above_banking_dropdown_menu(BankingDropDownPage.java:28)
at tests.CreditCardsRelatedTest.user_should_be_on_credit_cards_page(CreditCardsRelatedTest.java:29)
at sun.reflect.NativeMethodAccessorImpl.invoke0(Native Method)
at sun.reflect.NativeMethodAccessorImpl.invoke(NativeMethodAccessorImpl.java:62)
at sun.reflect.DelegatingMethodAccessorImpl.invoke(DelegatingMethodAccessorImpl.java:43)
at java.lang.reflect.Method.invoke(Method.java:498)
at org.testng.internal.MethodInvocationHelper.invokeMethod(MethodInvocationHelper.java:124)
at org.testng.internal.Invoker.invokeMethod(Invoker.java:583)
at org.testng.internal.Invoker.invokeTestMethod(Invoker.java:719)
at org.testng.internal.Invoker.invokeTestMethods(Invoker.java:989)
at org.testng.internal.TestMethodWorker.invokeTestMethods(TestMethodWorker.java:125)
at org.testng.internal.TestMethodWorker.run(TestMethodWorker.java:109)
at org.testng.TestRunner.privateRun(TestRunner.java:648)
at org.testng.TestRunner.run(TestRunner.java:505)
at org.testng.SuiteRunner.runTest(SuiteRunner.java:455)
at org.testng.SuiteRunner.access$000(SuiteRunner.java:40)
at org.testng.SuiteRunner$SuiteWorker.run(SuiteRunner.java:489)
at org.testng.internal.thread.ThreadUtil$1.call(ThreadUtil.java:52)
at java.util.concurrent.FutureTask.run(FutureTask.java:266)
at java.util.concurrent.ThreadPoolExecutor.runWorker(ThreadPoolExecutor.java:1149)
at java.util.concurrent.ThreadPoolExecutor$Worker.run(ThreadPoolExecutor.java:624)
at java.lang.Thread.run(Thread.java:748)
]]>
            </full-stacktrace>
          </exception> <!-- org.openqa.selenium.TimeoutException -->
          <reporter-output>
          </reporter-output>
        </test-method> <!-- user_should_be_on_credit_cards_page -->
        <test-method status="PASS" signature="tearDown()[pri:0, instance:tests.CreditCardsRelatedTest@369f73a2]" name="tearDown" is-config="true" duration-ms="2111" started-at="2019-01-14T14:51:27Z" finished-at="2019-01-14T14:51:29Z">
          <reporter-output>
          </reporter-output>
        </test-method> <!-- tearDown -->
      </class> <!-- tests.CreditCardsRelatedTest -->
    </test> <!-- Credit Cards Mac Firefox -->
    <test name="Credit Cards Windows Firefox" duration-ms="117050" started-at="2019-01-14T14:49:33Z" finished-at="2019-01-14T14:51:30Z">
      <class name="tests.CreditCardsRelatedTest">
        <test-method status="PASS" signature="setUp(java.lang.String, java.lang.String, java.lang.String, java.lang.reflect.Method)[pri:0, instance:tests.CreditCardsRelatedTest@6fc6f14e]" name="setUp" is-config="true" duration-ms="78097" started-at="2019-01-14T14:49:33Z" finished-at="2019-01-14T14:50:51Z">
          <params>
            <param index="0">
              <value>
                <![CDATA[Firefox]]>
              </value>
            </param>
            <param index="1">
              <value>
                <![CDATA[Any]]>
              </value>
            </param>
            <param index="2">
              <value>
                <![CDATA[Windows]]>
              </value>
            </param>
            <param index="3">
              <value>
                <![CDATA[public void tests.CreditCardsRelatedTest.user_should_be_on_credit_cards_page()]]>
              </value>
            </param>
          </params>
          <reporter-output>
          </reporter-output>
        </test-method> <!-- setUp -->
        <test-method status="PASS" signature="setUpAllPages()[pri:0, instance:tests.CreditCardsRelatedTest@6fc6f14e]" name="setUpAllPages" is-config="true" duration-ms="13538" started-at="2019-01-14T14:50:51Z" finished-at="2019-01-14T14:51:04Z">
          <reporter-output>
          </reporter-output>
        </test-method> <!-- setUpAllPages -->
        <test-method status="PASS" signature="user_should_be_on_credit_cards_page()[pri:0, instance:tests.CreditCardsRelatedTest@6fc6f14e]" name="user_should_be_on_credit_cards_page" duration-ms="22101" started-at="2019-01-14T14:51:04Z" finished-at="2019-01-14T14:51:26Z">
          <reporter-output>
          </reporter-output>
        </test-method> <!-- user_should_be_on_credit_cards_page -->
        <test-method status="PASS" signature="tearDown()[pri:0, instance:tests.CreditCardsRelatedTest@6fc6f14e]" name="tearDown" is-config="true" duration-ms="3314" started-at="2019-01-14T14:51:26Z" finished-at="2019-01-14T14:51:30Z">
          <reporter-output>
          </reporter-output>
        </test-method> <!-- tearDown -->
      </class> <!-- tests.CreditCardsRelatedTest -->
    </test> <!-- Credit Cards Windows Firefox -->
    <test name="Savings Windows Firefox" duration-ms="191333" started-at="2019-01-14T14:48:21Z" finished-at="2019-01-14T14:51:33Z">
      <class name="tests.SavingsRelatedTest">
        <test-method status="PASS" signature="setUp(java.lang.String, java.lang.String, java.lang.String, java.lang.reflect.Method)[pri:0, instance:tests.SavingsRelatedTest@cb644e]" name="setUp" is-config="true" duration-ms="138416" started-at="2019-01-14T14:48:21Z" finished-at="2019-01-14T14:50:40Z">
          <params>
            <param index="0">
              <value>
                <![CDATA[Firefox]]>
              </value>
            </param>
            <param index="1">
              <value>
                <![CDATA[Any]]>
              </value>
            </param>
            <param index="2">
              <value>
                <![CDATA[Windows]]>
              </value>
            </param>
            <param index="3">
              <value>
                <![CDATA[public void tests.SavingsRelatedTest.user_should_be_on_savings_page()]]>
              </value>
            </param>
          </params>
          <reporter-output>
          </reporter-output>
        </test-method> <!-- setUp -->
        <test-method status="PASS" signature="setUpAllPages()[pri:0, instance:tests.SavingsRelatedTest@cb644e]" name="setUpAllPages" is-config="true" duration-ms="11038" started-at="2019-01-14T14:50:40Z" finished-at="2019-01-14T14:50:51Z">
          <reporter-output>
          </reporter-output>
        </test-method> <!-- setUpAllPages -->
        <test-method status="PASS" signature="user_should_be_on_savings_page()[pri:0, instance:tests.SavingsRelatedTest@cb644e]" name="user_should_be_on_savings_page" duration-ms="40265" started-at="2019-01-14T14:50:51Z" finished-at="2019-01-14T14:51:31Z">
          <reporter-output>
          </reporter-output>
        </test-method> <!-- user_should_be_on_savings_page -->
        <test-method status="PASS" signature="tearDown()[pri:0, instance:tests.SavingsRelatedTest@cb644e]" name="tearDown" is-config="true" duration-ms="1614" started-at="2019-01-14T14:51:31Z" finished-at="2019-01-14T14:51:33Z">
          <reporter-output>
          </reporter-output>
        </test-method> <!-- tearDown -->
      </class> <!-- tests.SavingsRelatedTest -->
    </test> <!-- Savings Windows Firefox -->
    <test name="Search Mac Safari" duration-ms="306404" started-at="2019-01-14T14:47:03Z" finished-at="2019-01-14T14:52:10Z">
      <class name="tests.SearchResultsTest">
        <test-method status="FAIL" signature="setUp(java.lang.String, java.lang.String, java.lang.String, java.lang.reflect.Method)[pri:0, instance:tests.SearchResultsTest@59f99ea]" name="setUp" is-config="true" duration-ms="306369" started-at="2019-01-14T14:47:03Z" finished-at="2019-01-14T14:52:10Z">
          <params>
            <param index="0">
              <value>
                <![CDATA[Safari]]>
              </value>
            </param>
            <param index="1">
              <value>
                <![CDATA[Any]]>
              </value>
            </param>
            <param index="2">
              <value>
                <![CDATA[Mac]]>
              </value>
            </param>
            <param index="3">
              <value>
                <![CDATA[public void tests.SearchResultsTest.verify_item_displayed_in_search_results_list()]]>
              </value>
            </param>
          </params>
          <exception class="org.openqa.selenium.WebDriverException">
            <message>
              <![CDATA[Unable to parse remote response: Could not start selenium grid test. Test request timed out. No browser found matching the desired capabilities {PNC=PNC_Safari_Desktop, browserName=safari, newSessionWaitTimeout=300, platform=MAC, testName=verify_item_displayed_in_search_results_list}
Build info: version: '3.12.0', revision: '7c6e0b3', time: '2018-05-08T14:04:26.12Z'
System info: host: 'WINDOWS-KEN7H9H', ip: '192.168.0.15', os.name: 'Windows 10', os.arch: 'amd64', os.version: '10.0', java.version: '1.8.0_161'
Driver info: driver.version: RemoteWebDriver]]>
            </message>
            <full-stacktrace>
              <![CDATA[org.openqa.selenium.WebDriverException: Unable to parse remote response: Could not start selenium grid test. Test request timed out. No browser found matching the desired capabilities {PNC=PNC_Safari_Desktop, browserName=safari, newSessionWaitTimeout=300, platform=MAC, testName=verify_item_displayed_in_search_results_list}
Build info: version: '3.12.0', revision: '7c6e0b3', time: '2018-05-08T14:04:26.12Z'
System info: host: 'WINDOWS-KEN7H9H', ip: '192.168.0.15', os.name: 'Windows 10', os.arch: 'amd64', os.version: '10.0', java.version: '1.8.0_161'
Driver info: driver.version: RemoteWebDriver
at org.openqa.selenium.remote.ProtocolHandshake.createSession(ProtocolHandshake.java:111)
at org.openqa.selenium.remote.ProtocolHandshake.createSession(ProtocolHandshake.java:73)
at org.openqa.selenium.remote.HttpCommandExecutor.execute(HttpCommandExecutor.java:136)
at org.openqa.selenium.remote.RemoteWebDriver.execute(RemoteWebDriver.java:543)
at org.openqa.selenium.remote.RemoteWebDriver.startSession(RemoteWebDriver.java:207)
at org.openqa.selenium.remote.RemoteWebDriver.<init>(RemoteWebDriver.java:130)
at org.openqa.selenium.remote.RemoteWebDriver.<init>(RemoteWebDriver.java:143)
at base.BaseUtil.startSafari(BaseUtil.java:97)
at base.BaseUtil.startBrowser(BaseUtil.java:71)
at base.BaseUtil.setUp(BaseUtil.java:37)
at sun.reflect.NativeMethodAccessorImpl.invoke0(Native Method)
at sun.reflect.NativeMethodAccessorImpl.invoke(NativeMethodAccessorImpl.java:62)
at sun.reflect.DelegatingMethodAccessorImpl.invoke(DelegatingMethodAccessorImpl.java:43)
at java.lang.reflect.Method.invoke(Method.java:498)
at org.testng.internal.MethodInvocationHelper.invokeMethod(MethodInvocationHelper.java:124)
at org.testng.internal.MethodInvocationHelper.invokeMethodConsideringTimeout(MethodInvocationHelper.java:59)
at org.testng.internal.Invoker.invokeConfigurationMethod(Invoker.java:458)
at org.testng.internal.Invoker.invokeConfigurations(Invoker.java:222)
at org.testng.internal.Invoker.invokeMethod(Invoker.java:523)
at org.testng.internal.Invoker.invokeTestMethod(Invoker.java:719)
at org.testng.internal.Invoker.invokeTestMethods(Invoker.java:989)
at org.testng.internal.TestMethodWorker.invokeTestMethods(TestMethodWorker.java:125)
at org.testng.internal.TestMethodWorker.run(TestMethodWorker.java:109)
at org.testng.TestRunner.privateRun(TestRunner.java:648)
at org.testng.TestRunner.run(TestRunner.java:505)
at org.testng.SuiteRunner.runTest(SuiteRunner.java:455)
at org.testng.SuiteRunner.access$000(SuiteRunner.java:40)
at org.testng.SuiteRunner$SuiteWorker.run(SuiteRunner.java:489)
at org.testng.internal.thread.ThreadUtil$1.call(ThreadUtil.java:52)
at java.util.concurrent.FutureTask.run(FutureTask.java:266)
at java.util.concurrent.ThreadPoolExecutor.runWorker(ThreadPoolExecutor.java:1149)
at java.util.concurrent.ThreadPoolExecutor$Worker.run(ThreadPoolExecutor.java:624)
at java.lang.Thread.run(Thread.java:748)
]]>
            </full-stacktrace>
          </exception> <!-- org.openqa.selenium.WebDriverException -->
          <reporter-output>
          </reporter-output>
        </test-method> <!-- setUp -->
        <test-method status="SKIP" signature="setUpAllPages()[pri:0, instance:tests.SearchResultsTest@59f99ea]" name="setUpAllPages" is-config="true" duration-ms="0" started-at="2019-01-14T14:52:10Z" finished-at="2019-01-14T14:52:10Z">
          <reporter-output>
          </reporter-output>
        </test-method> <!-- setUpAllPages -->
        <test-method status="SKIP" signature="verify_item_displayed_in_search_results_list()[pri:0, instance:tests.SearchResultsTest@59f99ea]" name="verify_item_displayed_in_search_results_list" duration-ms="0" started-at="2019-01-14T14:52:10Z" finished-at="2019-01-14T14:52:10Z">
          <exception class="org.openqa.selenium.WebDriverException">
            <message>
              <![CDATA[Unable to parse remote response: Could not start selenium grid test. Test request timed out. No browser found matching the desired capabilities {PNC=PNC_Safari_Desktop, browserName=safari, newSessionWaitTimeout=300, platform=MAC, testName=verify_item_displayed_in_search_results_list}
Build info: version: '3.12.0', revision: '7c6e0b3', time: '2018-05-08T14:04:26.12Z'
System info: host: 'WINDOWS-KEN7H9H', ip: '192.168.0.15', os.name: 'Windows 10', os.arch: 'amd64', os.version: '10.0', java.version: '1.8.0_161'
Driver info: driver.version: RemoteWebDriver]]>
            </message>
            <full-stacktrace>
              <![CDATA[org.openqa.selenium.WebDriverException: Unable to parse remote response: Could not start selenium grid test. Test request timed out. No browser found matching the desired capabilities {PNC=PNC_Safari_Desktop, browserName=safari, newSessionWaitTimeout=300, platform=MAC, testName=verify_item_displayed_in_search_results_list}
Build info: version: '3.12.0', revision: '7c6e0b3', time: '2018-05-08T14:04:26.12Z'
System info: host: 'WINDOWS-KEN7H9H', ip: '192.168.0.15', os.name: 'Windows 10', os.arch: 'amd64', os.version: '10.0', java.version: '1.8.0_161'
Driver info: driver.version: RemoteWebDriver
at org.openqa.selenium.remote.ProtocolHandshake.createSession(ProtocolHandshake.java:111)
at org.openqa.selenium.remote.ProtocolHandshake.createSession(ProtocolHandshake.java:73)
at org.openqa.selenium.remote.HttpCommandExecutor.execute(HttpCommandExecutor.java:136)
at org.openqa.selenium.remote.RemoteWebDriver.execute(RemoteWebDriver.java:543)
at org.openqa.selenium.remote.RemoteWebDriver.startSession(RemoteWebDriver.java:207)
at org.openqa.selenium.remote.RemoteWebDriver.<init>(RemoteWebDriver.java:130)
at org.openqa.selenium.remote.RemoteWebDriver.<init>(RemoteWebDriver.java:143)
at base.BaseUtil.startSafari(BaseUtil.java:97)
at base.BaseUtil.startBrowser(BaseUtil.java:71)
at base.BaseUtil.setUp(BaseUtil.java:37)
at sun.reflect.NativeMethodAccessorImpl.invoke0(Native Method)
at sun.reflect.NativeMethodAccessorImpl.invoke(NativeMethodAccessorImpl.java:62)
at sun.reflect.DelegatingMethodAccessorImpl.invoke(DelegatingMethodAccessorImpl.java:43)
at java.lang.reflect.Method.invoke(Method.java:498)
at org.testng.internal.MethodInvocationHelper.invokeMethod(MethodInvocationHelper.java:124)
at org.testng.internal.MethodInvocationHelper.invokeMethodConsideringTimeout(MethodInvocationHelper.java:59)
at org.testng.internal.Invoker.invokeConfigurationMethod(Invoker.java:458)
at org.testng.internal.Invoker.invokeConfigurations(Invoker.java:222)
at org.testng.internal.Invoker.invokeMethod(Invoker.java:523)
at org.testng.internal.Invoker.invokeTestMethod(Invoker.java:719)
at org.testng.internal.Invoker.invokeTestMethods(Invoker.java:989)
at org.testng.internal.TestMethodWorker.invokeTestMethods(TestMethodWorker.java:125)
at org.testng.internal.TestMethodWorker.run(TestMethodWorker.java:109)
at org.testng.TestRunner.privateRun(TestRunner.java:648)
at org.testng.TestRunner.run(TestRunner.java:505)
at org.testng.SuiteRunner.runTest(SuiteRunner.java:455)
at org.testng.SuiteRunner.access$000(SuiteRunner.java:40)
at org.testng.SuiteRunner$SuiteWorker.run(SuiteRunner.java:489)
at org.testng.internal.thread.ThreadUtil$1.call(ThreadUtil.java:52)
at java.util.concurrent.FutureTask.run(FutureTask.java:266)
at java.util.concurrent.ThreadPoolExecutor.runWorker(ThreadPoolExecutor.java:1149)
at java.util.concurrent.ThreadPoolExecutor$Worker.run(ThreadPoolExecutor.java:624)
at java.lang.Thread.run(Thread.java:748)
]]>
            </full-stacktrace>
          </exception> <!-- org.openqa.selenium.WebDriverException -->
          <reporter-output>
          </reporter-output>
        </test-method> <!-- verify_item_displayed_in_search_results_list -->
        <test-method status="FAIL" signature="tearDown()[pri:0, instance:tests.SearchResultsTest@59f99ea]" name="tearDown" is-config="true" duration-ms="0" started-at="2019-01-14T14:52:10Z" finished-at="2019-01-14T14:52:10Z">
          <exception class="java.lang.NullPointerException">
            <full-stacktrace>
              <![CDATA[java.lang.NullPointerException
at base.BaseUtil.tearDown(BaseUtil.java:102)
at sun.reflect.GeneratedMethodAccessor5.invoke(Unknown Source)
at sun.reflect.DelegatingMethodAccessorImpl.invoke(DelegatingMethodAccessorImpl.java:43)
at java.lang.reflect.Method.invoke(Method.java:498)
at org.testng.internal.MethodInvocationHelper.invokeMethod(MethodInvocationHelper.java:124)
at org.testng.internal.MethodInvocationHelper.invokeMethodConsideringTimeout(MethodInvocationHelper.java:59)
at org.testng.internal.Invoker.invokeConfigurationMethod(Invoker.java:458)
at org.testng.internal.Invoker.invokeConfigurations(Invoker.java:222)
at org.testng.internal.Invoker.invokeMethod(Invoker.java:536)
at org.testng.internal.Invoker.invokeTestMethod(Invoker.java:719)
at org.testng.internal.Invoker.invokeTestMethods(Invoker.java:989)
at org.testng.internal.TestMethodWorker.invokeTestMethods(TestMethodWorker.java:125)
at org.testng.internal.TestMethodWorker.run(TestMethodWorker.java:109)
at org.testng.TestRunner.privateRun(TestRunner.java:648)
at org.testng.TestRunner.run(TestRunner.java:505)
at org.testng.SuiteRunner.runTest(SuiteRunner.java:455)
at org.testng.SuiteRunner.access$000(SuiteRunner.java:40)
at org.testng.SuiteRunner$SuiteWorker.run(SuiteRunner.java:489)
at org.testng.internal.thread.ThreadUtil$1.call(ThreadUtil.java:52)
at java.util.concurrent.FutureTask.run(FutureTask.java:266)
at java.util.concurrent.ThreadPoolExecutor.runWorker(ThreadPoolExecutor.java:1149)
at java.util.concurrent.ThreadPoolExecutor$Worker.run(ThreadPoolExecutor.java:624)
at java.lang.Thread.run(Thread.java:748)
]]>
            </full-stacktrace>
          </exception> <!-- java.lang.NullPointerException -->
          <reporter-output>
          </reporter-output>
        </test-method> <!-- tearDown -->
      </class> <!-- tests.SearchResultsTest -->
    </test> <!-- Search Mac Safari -->
    <test name="Checking Mac Safari" duration-ms="391957" started-at="2019-01-14T14:47:03Z" finished-at="2019-01-14T14:53:35Z">
      <class name="tests.CheckingRelatedTest">
        <test-method status="PASS" signature="setUp(java.lang.String, java.lang.String, java.lang.String, java.lang.reflect.Method)[pri:0, instance:tests.CheckingRelatedTest@3c0ecd4b]" name="setUp" is-config="true" duration-ms="91235" started-at="2019-01-14T14:47:03Z" finished-at="2019-01-14T14:48:35Z">
          <params>
            <param index="0">
              <value>
                <![CDATA[Safari]]>
              </value>
            </param>
            <param index="1">
              <value>
                <![CDATA[Any]]>
              </value>
            </param>
            <param index="2">
              <value>
                <![CDATA[Mac]]>
              </value>
            </param>
            <param index="3">
              <value>
                <![CDATA[public void tests.CheckingRelatedTest.user_should_be_on_checking_page()]]>
              </value>
            </param>
          </params>
          <reporter-output>
          </reporter-output>
        </test-method> <!-- setUp -->
        <test-method status="FAIL" signature="setUpAllPages()[pri:0, instance:tests.CheckingRelatedTest@3c0ecd4b]" name="setUpAllPages" is-config="true" duration-ms="299725" started-at="2019-01-14T14:48:35Z" finished-at="2019-01-14T14:53:34Z">
          <exception class="org.openqa.selenium.UnsupportedCommandException">
            <message>
              <![CDATA[Timed out on forward request to selenium agent:Read timed out
Command duration or timeout: 299.72 seconds
Build info: version: '3.12.0', revision: '7c6e0b3', time: '2018-05-08T14:04:26.12Z'
System info: host: 'WINDOWS-KEN7H9H', ip: '192.168.0.15', os.name: 'Windows 10', os.arch: 'amd64', os.version: '10.0', java.version: '1.8.0_161'
Driver info: org.openqa.selenium.remote.RemoteWebDriver
Capabilities {applicationCacheEnabled: true, browserName: safari, cleanSession: true, cssSelectorsEnabled: true, databaseEnabled: true, handlesAlerts: true, javascriptEnabled: true, locationContextEnabled: false, nativeEvents: true, platform: MAC, platformName: MAC, reportUrl: https://sales.experitest.co..., rotatable: false, sessionId: 734EDF1D-F10A-4781-95D9-B0B..., version: 13605.3.8, webStorageEnabled: true}
Session ID: 734EDF1D-F10A-4781-95D9-B0B877C8521C]]>
            </message>
            <full-stacktrace>
              <![CDATA[org.openqa.selenium.UnsupportedCommandException: Timed out on forward request to selenium agent:Read timed out
Command duration or timeout: 299.72 seconds
Build info: version: '3.12.0', revision: '7c6e0b3', time: '2018-05-08T14:04:26.12Z'
System info: host: 'WINDOWS-KEN7H9H', ip: '192.168.0.15', os.name: 'Windows 10', os.arch: 'amd64', os.version: '10.0', java.version: '1.8.0_161'
Driver info: org.openqa.selenium.remote.RemoteWebDriver
Capabilities {applicationCacheEnabled: true, browserName: safari, cleanSession: true, cssSelectorsEnabled: true, databaseEnabled: true, handlesAlerts: true, javascriptEnabled: true, locationContextEnabled: false, nativeEvents: true, platform: MAC, platformName: MAC, reportUrl: https://sales.experitest.co..., rotatable: false, sessionId: 734EDF1D-F10A-4781-95D9-B0B..., version: 13605.3.8, webStorageEnabled: true}
Session ID: 734EDF1D-F10A-4781-95D9-B0B877C8521C
at sun.reflect.NativeConstructorAccessorImpl.newInstance0(Native Method)
at sun.reflect.NativeConstructorAccessorImpl.newInstance(NativeConstructorAccessorImpl.java:62)
at sun.reflect.DelegatingConstructorAccessorImpl.newInstance(DelegatingConstructorAccessorImpl.java:45)
at java.lang.reflect.Constructor.newInstance(Constructor.java:423)
at org.openqa.selenium.remote.ErrorHandler.createThrowable(ErrorHandler.java:214)
at org.openqa.selenium.remote.ErrorHandler.throwIfResponseFailed(ErrorHandler.java:166)
at org.openqa.selenium.remote.RemoteWebDriver.execute(RemoteWebDriver.java:577)
at org.openqa.selenium.remote.RemoteWebDriver.get(RemoteWebDriver.java:271)
at org.openqa.selenium.remote.RemoteWebDriver$RemoteNavigation.to(RemoteWebDriver.java:848)
at pages.PageObject.navigateTo(PageObject.java:27)
at tests.CheckingRelatedTest.setUpAllPages(CheckingRelatedTest.java:23)
at sun.reflect.NativeMethodAccessorImpl.invoke0(Native Method)
at sun.reflect.NativeMethodAccessorImpl.invoke(NativeMethodAccessorImpl.java:62)
at sun.reflect.DelegatingMethodAccessorImpl.invoke(DelegatingMethodAccessorImpl.java:43)
at java.lang.reflect.Method.invoke(Method.java:498)
at org.testng.internal.MethodInvocationHelper.invokeMethod(MethodInvocationHelper.java:124)
at org.testng.internal.MethodInvocationHelper.invokeMethodConsideringTimeout(MethodInvocationHelper.java:59)
at org.testng.internal.Invoker.invokeConfigurationMethod(Invoker.java:458)
at org.testng.internal.Invoker.invokeConfigurations(Invoker.java:222)
at org.testng.internal.Invoker.invokeMethod(Invoker.java:523)
at org.testng.internal.Invoker.invokeTestMethod(Invoker.java:719)
at org.testng.internal.Invoker.invokeTestMethods(Invoker.java:989)
at org.testng.internal.TestMethodWorker.invokeTestMethods(TestMethodWorker.java:125)
at org.testng.internal.TestMethodWorker.run(TestMethodWorker.java:109)
at org.testng.TestRunner.privateRun(TestRunner.java:648)
at org.testng.TestRunner.run(TestRunner.java:505)
at org.testng.SuiteRunner.runTest(SuiteRunner.java:455)
at org.testng.SuiteRunner.access$000(SuiteRunner.java:40)
at org.testng.SuiteRunner$SuiteWorker.run(SuiteRunner.java:489)
at org.testng.internal.thread.ThreadUtil$1.call(ThreadUtil.java:52)
at java.util.concurrent.FutureTask.run(FutureTask.java:266)
at java.util.concurrent.ThreadPoolExecutor.runWorker(ThreadPoolExecutor.java:1149)
at java.util.concurrent.ThreadPoolExecutor$Worker.run(ThreadPoolExecutor.java:624)
at java.lang.Thread.run(Thread.java:748)
]]>
            </full-stacktrace>
          </exception> <!-- org.openqa.selenium.UnsupportedCommandException -->
          <reporter-output>
          </reporter-output>
        </test-method> <!-- setUpAllPages -->
        <test-method status="SKIP" signature="user_should_be_on_checking_page()[pri:0, instance:tests.CheckingRelatedTest@3c0ecd4b]" name="user_should_be_on_checking_page" duration-ms="0" started-at="2019-01-14T14:53:34Z" finished-at="2019-01-14T14:53:34Z">
          <exception class="org.openqa.selenium.UnsupportedCommandException">
            <message>
              <![CDATA[Timed out on forward request to selenium agent:Read timed out
Command duration or timeout: 299.72 seconds
Build info: version: '3.12.0', revision: '7c6e0b3', time: '2018-05-08T14:04:26.12Z'
System info: host: 'WINDOWS-KEN7H9H', ip: '192.168.0.15', os.name: 'Windows 10', os.arch: 'amd64', os.version: '10.0', java.version: '1.8.0_161'
Driver info: org.openqa.selenium.remote.RemoteWebDriver
Capabilities {applicationCacheEnabled: true, browserName: safari, cleanSession: true, cssSelectorsEnabled: true, databaseEnabled: true, handlesAlerts: true, javascriptEnabled: true, locationContextEnabled: false, nativeEvents: true, platform: MAC, platformName: MAC, reportUrl: https://sales.experitest.co..., rotatable: false, sessionId: 734EDF1D-F10A-4781-95D9-B0B..., version: 13605.3.8, webStorageEnabled: true}
Session ID: 734EDF1D-F10A-4781-95D9-B0B877C8521C]]>
            </message>
            <full-stacktrace>
              <![CDATA[org.openqa.selenium.UnsupportedCommandException: Timed out on forward request to selenium agent:Read timed out
Command duration or timeout: 299.72 seconds
Build info: version: '3.12.0', revision: '7c6e0b3', time: '2018-05-08T14:04:26.12Z'
System info: host: 'WINDOWS-KEN7H9H', ip: '192.168.0.15', os.name: 'Windows 10', os.arch: 'amd64', os.version: '10.0', java.version: '1.8.0_161'
Driver info: org.openqa.selenium.remote.RemoteWebDriver
Capabilities {applicationCacheEnabled: true, browserName: safari, cleanSession: true, cssSelectorsEnabled: true, databaseEnabled: true, handlesAlerts: true, javascriptEnabled: true, locationContextEnabled: false, nativeEvents: true, platform: MAC, platformName: MAC, reportUrl: https://sales.experitest.co..., rotatable: false, sessionId: 734EDF1D-F10A-4781-95D9-B0B..., version: 13605.3.8, webStorageEnabled: true}
Session ID: 734EDF1D-F10A-4781-95D9-B0B877C8521C
at sun.reflect.NativeConstructorAccessorImpl.newInstance0(Native Method)
at sun.reflect.NativeConstructorAccessorImpl.newInstance(NativeConstructorAccessorImpl.java:62)
at sun.reflect.DelegatingConstructorAccessorImpl.newInstance(DelegatingConstructorAccessorImpl.java:45)
at java.lang.reflect.Constructor.newInstance(Constructor.java:423)
at org.openqa.selenium.remote.ErrorHandler.createThrowable(ErrorHandler.java:214)
at org.openqa.selenium.remote.ErrorHandler.throwIfResponseFailed(ErrorHandler.java:166)
at org.openqa.selenium.remote.RemoteWebDriver.execute(RemoteWebDriver.java:577)
at org.openqa.selenium.remote.RemoteWebDriver.get(RemoteWebDriver.java:271)
at org.openqa.selenium.remote.RemoteWebDriver$RemoteNavigation.to(RemoteWebDriver.java:848)
at pages.PageObject.navigateTo(PageObject.java:27)
at tests.CheckingRelatedTest.setUpAllPages(CheckingRelatedTest.java:23)
at sun.reflect.NativeMethodAccessorImpl.invoke0(Native Method)
at sun.reflect.NativeMethodAccessorImpl.invoke(NativeMethodAccessorImpl.java:62)
at sun.reflect.DelegatingMethodAccessorImpl.invoke(DelegatingMethodAccessorImpl.java:43)
at java.lang.reflect.Method.invoke(Method.java:498)
at org.testng.internal.MethodInvocationHelper.invokeMethod(MethodInvocationHelper.java:124)
at org.testng.internal.MethodInvocationHelper.invokeMethodConsideringTimeout(MethodInvocationHelper.java:59)
at org.testng.internal.Invoker.invokeConfigurationMethod(Invoker.java:458)
at org.testng.internal.Invoker.invokeConfigurations(Invoker.java:222)
at org.testng.internal.Invoker.invokeMethod(Invoker.java:523)
at org.testng.internal.Invoker.invokeTestMethod(Invoker.java:719)
at org.testng.internal.Invoker.invokeTestMethods(Invoker.java:989)
at org.testng.internal.TestMethodWorker.invokeTestMethods(TestMethodWorker.java:125)
at org.testng.internal.TestMethodWorker.run(TestMethodWorker.java:109)
at org.testng.TestRunner.privateRun(TestRunner.java:648)
at org.testng.TestRunner.run(TestRunner.java:505)
at org.testng.SuiteRunner.runTest(SuiteRunner.java:455)
at org.testng.SuiteRunner.access$000(SuiteRunner.java:40)
at org.testng.SuiteRunner$SuiteWorker.run(SuiteRunner.java:489)
at org.testng.internal.thread.ThreadUtil$1.call(ThreadUtil.java:52)
at java.util.concurrent.FutureTask.run(FutureTask.java:266)
at java.util.concurrent.ThreadPoolExecutor.runWorker(ThreadPoolExecutor.java:1149)
at java.util.concurrent.ThreadPoolExecutor$Worker.run(ThreadPoolExecutor.java:624)
at java.lang.Thread.run(Thread.java:748)
]]>
            </full-stacktrace>
          </exception> <!-- org.openqa.selenium.UnsupportedCommandException -->
          <reporter-output>
          </reporter-output>
        </test-method> <!-- user_should_be_on_checking_page -->
        <test-method status="PASS" signature="tearDown()[pri:0, instance:tests.CheckingRelatedTest@3c0ecd4b]" name="tearDown" is-config="true" duration-ms="993" started-at="2019-01-14T14:53:34Z" finished-at="2019-01-14T14:53:35Z">
          <reporter-output>
          </reporter-output>
        </test-method> <!-- tearDown -->
      </class> <!-- tests.CheckingRelatedTest -->
    </test> <!-- Checking Mac Safari -->
    <test name="Credit Cards Mac Safari" duration-ms="263555" started-at="2019-01-14T14:49:46Z" finished-at="2019-01-14T14:54:09Z">
      <class name="tests.CreditCardsRelatedTest">
        <test-method status="PASS" signature="setUp(java.lang.String, java.lang.String, java.lang.String, java.lang.reflect.Method)[pri:0, instance:tests.CreditCardsRelatedTest@18eed359]" name="setUp" is-config="true" duration-ms="242663" started-at="2019-01-14T14:49:46Z" finished-at="2019-01-14T14:53:49Z">
          <params>
            <param index="0">
              <value>
                <![CDATA[Safari]]>
              </value>
            </param>
            <param index="1">
              <value>
                <![CDATA[Any]]>
              </value>
            </param>
            <param index="2">
              <value>
                <![CDATA[Mac]]>
              </value>
            </param>
            <param index="3">
              <value>
                <![CDATA[public void tests.CreditCardsRelatedTest.user_should_be_on_credit_cards_page()]]>
              </value>
            </param>
          </params>
          <reporter-output>
          </reporter-output>
        </test-method> <!-- setUp -->
        <test-method status="PASS" signature="setUpAllPages()[pri:0, instance:tests.CreditCardsRelatedTest@18eed359]" name="setUpAllPages" is-config="true" duration-ms="9454" started-at="2019-01-14T14:53:49Z" finished-at="2019-01-14T14:53:58Z">
          <reporter-output>
          </reporter-output>
        </test-method> <!-- setUpAllPages -->
        <test-method status="PASS" signature="user_should_be_on_credit_cards_page()[pri:0, instance:tests.CreditCardsRelatedTest@18eed359]" name="user_should_be_on_credit_cards_page" duration-ms="11214" started-at="2019-01-14T14:53:58Z" finished-at="2019-01-14T14:54:09Z">
          <reporter-output>
          </reporter-output>
        </test-method> <!-- user_should_be_on_credit_cards_page -->
        <test-method status="PASS" signature="tearDown()[pri:0, instance:tests.CreditCardsRelatedTest@18eed359]" name="tearDown" is-config="true" duration-ms="224" started-at="2019-01-14T14:54:09Z" finished-at="2019-01-14T14:54:09Z">
          <reporter-output>
          </reporter-output>
        </test-method> <!-- tearDown -->
      </class> <!-- tests.CreditCardsRelatedTest -->
    </test> <!-- Credit Cards Mac Safari -->
    <test name="Savings Mac Safari" duration-ms="329152" started-at="2019-01-14T14:48:51Z" finished-at="2019-01-14T14:54:21Z">
      <class name="tests.SavingsRelatedTest">
        <test-method status="PASS" signature="setUp(java.lang.String, java.lang.String, java.lang.String, java.lang.reflect.Method)[pri:0, instance:tests.SavingsRelatedTest@2d928643]" name="setUp" is-config="true" duration-ms="301522" started-at="2019-01-14T14:48:51Z" finished-at="2019-01-14T14:53:53Z">
          <params>
            <param index="0">
              <value>
                <![CDATA[Safari]]>
              </value>
            </param>
            <param index="1">
              <value>
                <![CDATA[Any]]>
              </value>
            </param>
            <param index="2">
              <value>
                <![CDATA[Mac]]>
              </value>
            </param>
            <param index="3">
              <value>
                <![CDATA[public void tests.SavingsRelatedTest.user_should_be_on_savings_page()]]>
              </value>
            </param>
          </params>
          <reporter-output>
          </reporter-output>
        </test-method> <!-- setUp -->
        <test-method status="PASS" signature="setUpAllPages()[pri:0, instance:tests.SavingsRelatedTest@2d928643]" name="setUpAllPages" is-config="true" duration-ms="10735" started-at="2019-01-14T14:53:53Z" finished-at="2019-01-14T14:54:04Z">
          <reporter-output>
          </reporter-output>
        </test-method> <!-- setUpAllPages -->
        <test-method status="PASS" signature="user_should_be_on_savings_page()[pri:0, instance:tests.SavingsRelatedTest@2d928643]" name="user_should_be_on_savings_page" duration-ms="16680" started-at="2019-01-14T14:54:04Z" finished-at="2019-01-14T14:54:20Z">
          <reporter-output>
          </reporter-output>
        </test-method> <!-- user_should_be_on_savings_page -->
        <test-method status="PASS" signature="tearDown()[pri:0, instance:tests.SavingsRelatedTest@2d928643]" name="tearDown" is-config="true" duration-ms="214" started-at="2019-01-14T14:54:20Z" finished-at="2019-01-14T14:54:21Z">
          <reporter-output>
          </reporter-output>
        </test-method> <!-- tearDown -->
      </class> <!-- tests.SavingsRelatedTest -->
    </test> <!-- Savings Mac Safari -->
  </suite> <!-- Test Automation -->
</testng-results>
